{"date":"Fri Sep 19 2025 14:03:28 GMT+0100 (West Africa Standard Time)","error":{},"exception":true,"level":"error","message":"uncaughtException: ⨯ Unable to compile TypeScript:\nsrc/modules/transfers/transfer.service.ts(384,48): error TS1005: ',' expected.\r\nsrc/modules/transfers/transfer.service.ts(384,55): error TS1005: ':' expected.\r\n\nError: ⨯ Unable to compile TypeScript:\nsrc/modules/transfers/transfer.service.ts(384,48): error TS1005: ',' expected.\r\nsrc/modules/transfers/transfer.service.ts(384,55): error TS1005: ':' expected.\r\n\n    at Object.<anonymous> (C:\\Users\\ikchr\\Documents\\prime-loan-backend\\src\\modules\\transfers\\transfer.service.ts:1:7)\n    at Module.<anonymous> (node:internal/modules/cjs/loader:1688:14)\n    at Module._compile (C:\\Users\\ikchr\\Documents\\prime-loan-backend\\node_modules\\source-map-support\\source-map-support.js:568:25)\n    at Module.m._compile (C:\\Users\\ikchr\\AppData\\Local\\Temp\\ts-node-dev-hook-8400002683230616.js:69:33)\n    at node:internal/modules/cjs/loader:1820:10\n    at require.extensions..jsx.require.extensions..js (C:\\Users\\ikchr\\AppData\\Local\\Temp\\ts-node-dev-hook-8400002683230616.js:114:20)\n    at require.extensions.<computed> (C:\\Users\\ikchr\\AppData\\Local\\Temp\\ts-node-dev-hook-8400002683230616.js:71:20)\n    at Object.nodeDevHook [as .ts] (C:\\Users\\ikchr\\Documents\\prime-loan-backend\\node_modules\\ts-node-dev\\lib\\hook.js:63:13)\n    at Module.load (node:internal/modules/cjs/loader:1423:32)\n    at Function._load (node:internal/modules/cjs/loader:1246:12)","os":{"loadavg":[0,0,0],"uptime":158287.625},"process":{"argv":["C:\\Program Files\\nodejs\\node.exe","src/server.ts"],"cwd":"C:\\Users\\ikchr\\Documents\\prime-loan-backend","execPath":"C:\\Program Files\\nodejs\\node.exe","gid":null,"memoryUsage":{"arrayBuffers":18462484,"external":21832441,"heapTotal":69705728,"heapUsed":41212952,"rss":122499072},"pid":16456,"uid":null,"version":"v22.18.0"},"stack":"Error: ⨯ Unable to compile TypeScript:\nsrc/modules/transfers/transfer.service.ts(384,48): error TS1005: ',' expected.\r\nsrc/modules/transfers/transfer.service.ts(384,55): error TS1005: ':' expected.\r\n\n    at Object.<anonymous> (C:\\Users\\ikchr\\Documents\\prime-loan-backend\\src\\modules\\transfers\\transfer.service.ts:1:7)\n    at Module.<anonymous> (node:internal/modules/cjs/loader:1688:14)\n    at Module._compile (C:\\Users\\ikchr\\Documents\\prime-loan-backend\\node_modules\\source-map-support\\source-map-support.js:568:25)\n    at Module.m._compile (C:\\Users\\ikchr\\AppData\\Local\\Temp\\ts-node-dev-hook-8400002683230616.js:69:33)\n    at node:internal/modules/cjs/loader:1820:10\n    at require.extensions..jsx.require.extensions..js (C:\\Users\\ikchr\\AppData\\Local\\Temp\\ts-node-dev-hook-8400002683230616.js:114:20)\n    at require.extensions.<computed> (C:\\Users\\ikchr\\AppData\\Local\\Temp\\ts-node-dev-hook-8400002683230616.js:71:20)\n    at Object.nodeDevHook [as .ts] (C:\\Users\\ikchr\\Documents\\prime-loan-backend\\node_modules\\ts-node-dev\\lib\\hook.js:63:13)\n    at Module.load (node:internal/modules/cjs/loader:1423:32)\n    at Function._load (node:internal/modules/cjs/loader:1246:12)","timestamp":"2025-09-19T13:03:28.548Z","trace":[{"column":7,"file":"C:\\Users\\ikchr\\Documents\\prime-loan-backend\\src\\modules\\transfers\\transfer.service.ts","function":null,"line":1,"method":null,"native":false},{"column":14,"file":"node:internal/modules/cjs/loader","function":null,"line":1688,"method":null,"native":false},{"column":25,"file":"C:\\Users\\ikchr\\Documents\\prime-loan-backend\\node_modules\\source-map-support\\source-map-support.js","function":"Module._compile","line":568,"method":"_compile","native":false},{"column":33,"file":"C:\\Users\\ikchr\\AppData\\Local\\Temp\\ts-node-dev-hook-8400002683230616.js","function":"Module.m._compile","line":69,"method":"_compile","native":false},{"column":10,"file":"node:internal/modules/cjs/loader","function":null,"line":1820,"method":null,"native":false},{"column":20,"file":"C:\\Users\\ikchr\\AppData\\Local\\Temp\\ts-node-dev-hook-8400002683230616.js","function":"require.extensions..jsx.require.extensions..js","line":114,"method":".js","native":false},{"column":20,"file":"C:\\Users\\ikchr\\AppData\\Local\\Temp\\ts-node-dev-hook-8400002683230616.js","function":"require.extensions.<computed>","line":71,"method":"<computed>","native":false},{"column":13,"file":"C:\\Users\\ikchr\\Documents\\prime-loan-backend\\node_modules\\ts-node-dev\\lib\\hook.js","function":"Object.nodeDevHook [as .ts]","line":63,"method":"ts]","native":false},{"column":32,"file":"node:internal/modules/cjs/loader","function":"Module.load","line":1423,"method":"load","native":false},{"column":12,"file":"node:internal/modules/cjs/loader","function":"Function._load","line":1246,"method":"_load","native":false}]}
{"date":"Fri Sep 19 2025 14:03:28 GMT+0100 (West Africa Standard Time)","error":{},"exception":true,"level":"error","message":"uncaughtException: ⨯ Unable to compile TypeScript:\nsrc/modules/transfers/transfer.service.ts(384,48): error TS1005: ',' expected.\r\nsrc/modules/transfers/transfer.service.ts(384,55): error TS1005: ':' expected.\r\n\nError: ⨯ Unable to compile TypeScript:\nsrc/modules/transfers/transfer.service.ts(384,48): error TS1005: ',' expected.\r\nsrc/modules/transfers/transfer.service.ts(384,55): error TS1005: ':' expected.\r\n\n    at Object.<anonymous> (C:\\Users\\ikchr\\Documents\\prime-loan-backend\\src\\modules\\transfers\\transfer.service.ts:1:7)\n    at Module.<anonymous> (node:internal/modules/cjs/loader:1688:14)\n    at Module._compile (C:\\Users\\ikchr\\Documents\\prime-loan-backend\\node_modules\\source-map-support\\source-map-support.js:568:25)\n    at Module.m._compile (C:\\Users\\ikchr\\AppData\\Local\\Temp\\ts-node-dev-hook-8400002683230616.js:69:33)\n    at node:internal/modules/cjs/loader:1820:10\n    at require.extensions..jsx.require.extensions..js (C:\\Users\\ikchr\\AppData\\Local\\Temp\\ts-node-dev-hook-8400002683230616.js:114:20)\n    at require.extensions.<computed> (C:\\Users\\ikchr\\AppData\\Local\\Temp\\ts-node-dev-hook-8400002683230616.js:71:20)\n    at Object.nodeDevHook [as .ts] (C:\\Users\\ikchr\\Documents\\prime-loan-backend\\node_modules\\ts-node-dev\\lib\\hook.js:63:13)\n    at Module.load (node:internal/modules/cjs/loader:1423:32)\n    at Function._load (node:internal/modules/cjs/loader:1246:12)","os":{"loadavg":[0,0,0],"uptime":158287.625},"process":{"argv":["C:\\Program Files\\nodejs\\node.exe","src/server.ts"],"cwd":"C:\\Users\\ikchr\\Documents\\prime-loan-backend","execPath":"C:\\Program Files\\nodejs\\node.exe","gid":null,"memoryUsage":{"arrayBuffers":18462484,"external":21832441,"heapTotal":69705728,"heapUsed":41212952,"rss":122499072},"pid":16456,"uid":null,"version":"v22.18.0"},"stack":"Error: ⨯ Unable to compile TypeScript:\nsrc/modules/transfers/transfer.service.ts(384,48): error TS1005: ',' expected.\r\nsrc/modules/transfers/transfer.service.ts(384,55): error TS1005: ':' expected.\r\n\n    at Object.<anonymous> (C:\\Users\\ikchr\\Documents\\prime-loan-backend\\src\\modules\\transfers\\transfer.service.ts:1:7)\n    at Module.<anonymous> (node:internal/modules/cjs/loader:1688:14)\n    at Module._compile (C:\\Users\\ikchr\\Documents\\prime-loan-backend\\node_modules\\source-map-support\\source-map-support.js:568:25)\n    at Module.m._compile (C:\\Users\\ikchr\\AppData\\Local\\Temp\\ts-node-dev-hook-8400002683230616.js:69:33)\n    at node:internal/modules/cjs/loader:1820:10\n    at require.extensions..jsx.require.extensions..js (C:\\Users\\ikchr\\AppData\\Local\\Temp\\ts-node-dev-hook-8400002683230616.js:114:20)\n    at require.extensions.<computed> (C:\\Users\\ikchr\\AppData\\Local\\Temp\\ts-node-dev-hook-8400002683230616.js:71:20)\n    at Object.nodeDevHook [as .ts] (C:\\Users\\ikchr\\Documents\\prime-loan-backend\\node_modules\\ts-node-dev\\lib\\hook.js:63:13)\n    at Module.load (node:internal/modules/cjs/loader:1423:32)\n    at Function._load (node:internal/modules/cjs/loader:1246:12)","trace":[{"column":7,"file":"C:\\Users\\ikchr\\Documents\\prime-loan-backend\\src\\modules\\transfers\\transfer.service.ts","function":null,"line":1,"method":null,"native":false},{"column":14,"file":"node:internal/modules/cjs/loader","function":null,"line":1688,"method":null,"native":false},{"column":25,"file":"C:\\Users\\ikchr\\Documents\\prime-loan-backend\\node_modules\\source-map-support\\source-map-support.js","function":"Module._compile","line":568,"method":"_compile","native":false},{"column":33,"file":"C:\\Users\\ikchr\\AppData\\Local\\Temp\\ts-node-dev-hook-8400002683230616.js","function":"Module.m._compile","line":69,"method":"_compile","native":false},{"column":10,"file":"node:internal/modules/cjs/loader","function":null,"line":1820,"method":null,"native":false},{"column":20,"file":"C:\\Users\\ikchr\\AppData\\Local\\Temp\\ts-node-dev-hook-8400002683230616.js","function":"require.extensions..jsx.require.extensions..js","line":114,"method":".js","native":false},{"column":20,"file":"C:\\Users\\ikchr\\AppData\\Local\\Temp\\ts-node-dev-hook-8400002683230616.js","function":"require.extensions.<computed>","line":71,"method":"<computed>","native":false},{"column":13,"file":"C:\\Users\\ikchr\\Documents\\prime-loan-backend\\node_modules\\ts-node-dev\\lib\\hook.js","function":"Object.nodeDevHook [as .ts]","line":63,"method":"ts]","native":false},{"column":32,"file":"node:internal/modules/cjs/loader","function":"Module.load","line":1423,"method":"load","native":false},{"column":12,"file":"node:internal/modules/cjs/loader","function":"Function._load","line":1246,"method":"_load","native":false}]}
{"date":"Fri Sep 19 2025 14:03:40 GMT+0100 (West Africa Standard Time)","error":{},"exception":true,"level":"error","message":"uncaughtException: ⨯ Unable to compile TypeScript:\nsrc/modules/transfers/transfer.service.ts(384,63): error TS1005: ':' expected.\r\n\nError: ⨯ Unable to compile TypeScript:\nsrc/modules/transfers/transfer.service.ts(384,63): error TS1005: ':' expected.\r\n\n    at Object.<anonymous> (C:\\Users\\ikchr\\Documents\\prime-loan-backend\\src\\modules\\transfers\\transfer.service.ts:1:7)\n    at Module.<anonymous> (node:internal/modules/cjs/loader:1688:14)\n    at Module._compile (C:\\Users\\ikchr\\Documents\\prime-loan-backend\\node_modules\\source-map-support\\source-map-support.js:568:25)\n    at Module.m._compile (C:\\Users\\ikchr\\AppData\\Local\\Temp\\ts-node-dev-hook-8400002683230616.js:69:33)\n    at node:internal/modules/cjs/loader:1820:10\n    at require.extensions..jsx.require.extensions..js (C:\\Users\\ikchr\\AppData\\Local\\Temp\\ts-node-dev-hook-8400002683230616.js:114:20)\n    at require.extensions.<computed> (C:\\Users\\ikchr\\AppData\\Local\\Temp\\ts-node-dev-hook-8400002683230616.js:71:20)\n    at Object.nodeDevHook [as .ts] (C:\\Users\\ikchr\\Documents\\prime-loan-backend\\node_modules\\ts-node-dev\\lib\\hook.js:63:13)\n    at Module.load (node:internal/modules/cjs/loader:1423:32)\n    at Function._load (node:internal/modules/cjs/loader:1246:12)","os":{"loadavg":[0,0,0],"uptime":158300.031},"process":{"argv":["C:\\Program Files\\nodejs\\node.exe","src/server.ts"],"cwd":"C:\\Users\\ikchr\\Documents\\prime-loan-backend","execPath":"C:\\Program Files\\nodejs\\node.exe","gid":null,"memoryUsage":{"arrayBuffers":18462402,"external":21832441,"heapTotal":69439488,"heapUsed":40285328,"rss":122097664},"pid":16740,"uid":null,"version":"v22.18.0"},"stack":"Error: ⨯ Unable to compile TypeScript:\nsrc/modules/transfers/transfer.service.ts(384,63): error TS1005: ':' expected.\r\n\n    at Object.<anonymous> (C:\\Users\\ikchr\\Documents\\prime-loan-backend\\src\\modules\\transfers\\transfer.service.ts:1:7)\n    at Module.<anonymous> (node:internal/modules/cjs/loader:1688:14)\n    at Module._compile (C:\\Users\\ikchr\\Documents\\prime-loan-backend\\node_modules\\source-map-support\\source-map-support.js:568:25)\n    at Module.m._compile (C:\\Users\\ikchr\\AppData\\Local\\Temp\\ts-node-dev-hook-8400002683230616.js:69:33)\n    at node:internal/modules/cjs/loader:1820:10\n    at require.extensions..jsx.require.extensions..js (C:\\Users\\ikchr\\AppData\\Local\\Temp\\ts-node-dev-hook-8400002683230616.js:114:20)\n    at require.extensions.<computed> (C:\\Users\\ikchr\\AppData\\Local\\Temp\\ts-node-dev-hook-8400002683230616.js:71:20)\n    at Object.nodeDevHook [as .ts] (C:\\Users\\ikchr\\Documents\\prime-loan-backend\\node_modules\\ts-node-dev\\lib\\hook.js:63:13)\n    at Module.load (node:internal/modules/cjs/loader:1423:32)\n    at Function._load (node:internal/modules/cjs/loader:1246:12)","timestamp":"2025-09-19T13:03:40.955Z","trace":[{"column":7,"file":"C:\\Users\\ikchr\\Documents\\prime-loan-backend\\src\\modules\\transfers\\transfer.service.ts","function":null,"line":1,"method":null,"native":false},{"column":14,"file":"node:internal/modules/cjs/loader","function":null,"line":1688,"method":null,"native":false},{"column":25,"file":"C:\\Users\\ikchr\\Documents\\prime-loan-backend\\node_modules\\source-map-support\\source-map-support.js","function":"Module._compile","line":568,"method":"_compile","native":false},{"column":33,"file":"C:\\Users\\ikchr\\AppData\\Local\\Temp\\ts-node-dev-hook-8400002683230616.js","function":"Module.m._compile","line":69,"method":"_compile","native":false},{"column":10,"file":"node:internal/modules/cjs/loader","function":null,"line":1820,"method":null,"native":false},{"column":20,"file":"C:\\Users\\ikchr\\AppData\\Local\\Temp\\ts-node-dev-hook-8400002683230616.js","function":"require.extensions..jsx.require.extensions..js","line":114,"method":".js","native":false},{"column":20,"file":"C:\\Users\\ikchr\\AppData\\Local\\Temp\\ts-node-dev-hook-8400002683230616.js","function":"require.extensions.<computed>","line":71,"method":"<computed>","native":false},{"column":13,"file":"C:\\Users\\ikchr\\Documents\\prime-loan-backend\\node_modules\\ts-node-dev\\lib\\hook.js","function":"Object.nodeDevHook [as .ts]","line":63,"method":"ts]","native":false},{"column":32,"file":"node:internal/modules/cjs/loader","function":"Module.load","line":1423,"method":"load","native":false},{"column":12,"file":"node:internal/modules/cjs/loader","function":"Function._load","line":1246,"method":"_load","native":false}]}
{"date":"Fri Sep 19 2025 14:03:40 GMT+0100 (West Africa Standard Time)","error":{},"exception":true,"level":"error","message":"uncaughtException: ⨯ Unable to compile TypeScript:\nsrc/modules/transfers/transfer.service.ts(384,63): error TS1005: ':' expected.\r\n\nError: ⨯ Unable to compile TypeScript:\nsrc/modules/transfers/transfer.service.ts(384,63): error TS1005: ':' expected.\r\n\n    at Object.<anonymous> (C:\\Users\\ikchr\\Documents\\prime-loan-backend\\src\\modules\\transfers\\transfer.service.ts:1:7)\n    at Module.<anonymous> (node:internal/modules/cjs/loader:1688:14)\n    at Module._compile (C:\\Users\\ikchr\\Documents\\prime-loan-backend\\node_modules\\source-map-support\\source-map-support.js:568:25)\n    at Module.m._compile (C:\\Users\\ikchr\\AppData\\Local\\Temp\\ts-node-dev-hook-8400002683230616.js:69:33)\n    at node:internal/modules/cjs/loader:1820:10\n    at require.extensions..jsx.require.extensions..js (C:\\Users\\ikchr\\AppData\\Local\\Temp\\ts-node-dev-hook-8400002683230616.js:114:20)\n    at require.extensions.<computed> (C:\\Users\\ikchr\\AppData\\Local\\Temp\\ts-node-dev-hook-8400002683230616.js:71:20)\n    at Object.nodeDevHook [as .ts] (C:\\Users\\ikchr\\Documents\\prime-loan-backend\\node_modules\\ts-node-dev\\lib\\hook.js:63:13)\n    at Module.load (node:internal/modules/cjs/loader:1423:32)\n    at Function._load (node:internal/modules/cjs/loader:1246:12)","os":{"loadavg":[0,0,0],"uptime":158300.031},"process":{"argv":["C:\\Program Files\\nodejs\\node.exe","src/server.ts"],"cwd":"C:\\Users\\ikchr\\Documents\\prime-loan-backend","execPath":"C:\\Program Files\\nodejs\\node.exe","gid":null,"memoryUsage":{"arrayBuffers":18462402,"external":21832441,"heapTotal":69439488,"heapUsed":40285328,"rss":122097664},"pid":16740,"uid":null,"version":"v22.18.0"},"stack":"Error: ⨯ Unable to compile TypeScript:\nsrc/modules/transfers/transfer.service.ts(384,63): error TS1005: ':' expected.\r\n\n    at Object.<anonymous> (C:\\Users\\ikchr\\Documents\\prime-loan-backend\\src\\modules\\transfers\\transfer.service.ts:1:7)\n    at Module.<anonymous> (node:internal/modules/cjs/loader:1688:14)\n    at Module._compile (C:\\Users\\ikchr\\Documents\\prime-loan-backend\\node_modules\\source-map-support\\source-map-support.js:568:25)\n    at Module.m._compile (C:\\Users\\ikchr\\AppData\\Local\\Temp\\ts-node-dev-hook-8400002683230616.js:69:33)\n    at node:internal/modules/cjs/loader:1820:10\n    at require.extensions..jsx.require.extensions..js (C:\\Users\\ikchr\\AppData\\Local\\Temp\\ts-node-dev-hook-8400002683230616.js:114:20)\n    at require.extensions.<computed> (C:\\Users\\ikchr\\AppData\\Local\\Temp\\ts-node-dev-hook-8400002683230616.js:71:20)\n    at Object.nodeDevHook [as .ts] (C:\\Users\\ikchr\\Documents\\prime-loan-backend\\node_modules\\ts-node-dev\\lib\\hook.js:63:13)\n    at Module.load (node:internal/modules/cjs/loader:1423:32)\n    at Function._load (node:internal/modules/cjs/loader:1246:12)","trace":[{"column":7,"file":"C:\\Users\\ikchr\\Documents\\prime-loan-backend\\src\\modules\\transfers\\transfer.service.ts","function":null,"line":1,"method":null,"native":false},{"column":14,"file":"node:internal/modules/cjs/loader","function":null,"line":1688,"method":null,"native":false},{"column":25,"file":"C:\\Users\\ikchr\\Documents\\prime-loan-backend\\node_modules\\source-map-support\\source-map-support.js","function":"Module._compile","line":568,"method":"_compile","native":false},{"column":33,"file":"C:\\Users\\ikchr\\AppData\\Local\\Temp\\ts-node-dev-hook-8400002683230616.js","function":"Module.m._compile","line":69,"method":"_compile","native":false},{"column":10,"file":"node:internal/modules/cjs/loader","function":null,"line":1820,"method":null,"native":false},{"column":20,"file":"C:\\Users\\ikchr\\AppData\\Local\\Temp\\ts-node-dev-hook-8400002683230616.js","function":"require.extensions..jsx.require.extensions..js","line":114,"method":".js","native":false},{"column":20,"file":"C:\\Users\\ikchr\\AppData\\Local\\Temp\\ts-node-dev-hook-8400002683230616.js","function":"require.extensions.<computed>","line":71,"method":"<computed>","native":false},{"column":13,"file":"C:\\Users\\ikchr\\Documents\\prime-loan-backend\\node_modules\\ts-node-dev\\lib\\hook.js","function":"Object.nodeDevHook [as .ts]","line":63,"method":"ts]","native":false},{"column":32,"file":"node:internal/modules/cjs/loader","function":"Module.load","line":1423,"method":"load","native":false},{"column":12,"file":"node:internal/modules/cjs/loader","function":"Function._load","line":1246,"method":"_load","native":false}]}
{"date":"Fri Sep 19 2025 14:09:23 GMT+0100 (West Africa Standard Time)","error":{},"exception":true,"level":"error","message":"uncaughtException: ⨯ Unable to compile TypeScript:\nsrc/modules/transfers/transfer.service.ts(92,9): error TS1005: ',' expected.\r\nsrc/modules/transfers/transfer.service.ts(104,8): error TS1472: 'catch' or 'finally' expected.\r\nsrc/modules/transfers/transfer.service.ts(105,7): error TS1068: Unexpected token. A constructor, method, accessor, or property was expected.\r\nsrc/modules/transfers/transfer.service.ts(108,3): error TS1128: Declaration or statement expected.\r\nsrc/modules/transfers/transfer.service.ts(113,3): error TS1128: Declaration or statement expected.\r\nsrc/modules/transfers/transfer.service.ts(113,10): error TS1434: Unexpected keyword or identifier.\r\nsrc/modules/transfers/transfer.service.ts(113,42): error TS1005: ',' expected.\r\nsrc/modules/transfers/transfer.service.ts(113,56): error TS1005: ',' expected.\r\nsrc/modules/transfers/transfer.service.ts(113,170): error TS1005: ',' expected.\r\nsrc/modules/transfers/transfer.service.ts(113,183): error TS1005: ';' expected.\r\nsrc/modules/transfers/transfer.service.ts(114,11): error TS1005: ':' expected.\r\nsrc/modules/transfers/transfer.service.ts(114,57): error TS1005: ',' expected.\r\nsrc/modules/transfers/transfer.service.ts(116,9): error TS1005: ':' expected.\r\nsrc/modules/transfers/transfer.service.ts(117,14): error TS1005: ':' expected.\r\nsrc/modules/transfers/transfer.service.ts(171,9): error TS1005: ',' expected.\r\nsrc/modules/transfers/transfer.service.ts(172,7): error TS1005: ',' expected.\r\nsrc/modules/transfers/transfer.service.ts(172,15): error TS1005: ':' expected.\r\nsrc/modules/transfers/transfer.service.ts(173,13): error TS1005: ',' expected.\r\nsrc/modules/transfers/transfer.service.ts(173,20): error TS1005: ',' expected.\r\nsrc/modules/transfers/transfer.service.ts(173,33): error TS1005: ',' expected.\r\nsrc/modules/transfers/transfer.service.ts(180,3): error TS1128: Declaration or statement expected.\r\nsrc/modules/transfers/transfer.service.ts(180,10): error TS1434: Unexpected keyword or identifier.\r\nsrc/modules/transfers/transfer.service.ts(180,38): error TS1005: ',' expected.\r\nsrc/modules/transfers/transfer.service.ts(180,47): error TS1005: ';' expected.\r\nsrc/modules/transfers/transfer.service.ts(181,11): error TS1005: ':' expected.\r\nsrc/modules/transfers/transfer.service.ts(181,57): error TS1005: ',' expected.\r\nsrc/modules/transfers/transfer.service.ts(183,9): error TS1005: ':' expected.\r\nsrc/modules/transfers/transfer.service.ts(184,14): error TS1005: ':' expected.\r\nsrc/modules/transfers/transfer.service.ts(212,9): error TS1005: ',' expected.\r\nsrc/modules/transfers/transfer.service.ts(213,7): error TS1005: ',' expected.\r\nsrc/modules/transfers/transfer.service.ts(213,15): error TS1005: ':' expected.\r\nsrc/modules/transfers/transfer.service.ts(214,13): error TS1005: ',' expected.\r\nsrc/modules/transfers/transfer.service.ts(214,20): error TS1005: ',' expected.\r\nsrc/modules/transfers/transfer.service.ts(214,33): error TS1005: ',' expected.\r\nsrc/modules/transfers/transfer.service.ts(221,3): error TS1128: Declaration or statement expected.\r\nsrc/modules/transfers/transfer.service.ts(221,10): error TS1434: Unexpected keyword or identifier.\r\nsrc/modules/transfers/transfer.service.ts(221,38): error TS1005: ',' expected.\r\nsrc/modules/transfers/transfer.service.ts(221,54): error TS1005: ',' expected.\r\nsrc/modules/transfers/transfer.service.ts(221,63): error TS1005: ';' expected.\r\nsrc/modules/transfers/transfer.service.ts(221,77): error TS1109: Expression expected.\r\nsrc/modules/transfers/transfer.service.ts(222,11): error TS1005: ':' expected.\r\nsrc/modules/transfers/transfer.service.ts(222,57): error TS1005: ',' expected.\r\nsrc/modules/transfers/transfer.service.ts(224,9): error TS1005: ':' expected.\r\nsrc/modules/transfers/transfer.service.ts(225,13): error TS1005: ',' expected.\r\nsrc/modules/transfers/transfer.service.ts(225,28): error TS1005: ',' expected.\r\nsrc/modules/transfers/transfer.service.ts(290,9): error TS1005: ',' expected.\r\nsrc/modules/transfers/transfer.service.ts(291,7): error TS1005: ',' expected.\r\nsrc/modules/transfers/transfer.service.ts(291,15): error TS1005: ':' expected.\r\nsrc/modules/transfers/transfer.service.ts(292,13): error TS1005: ',' expected.\r\nsrc/modules/transfers/transfer.service.ts(292,20): error TS1005: ',' expected.\r\nsrc/modules/transfers/transfer.service.ts(292,33): error TS1005: ',' expected.\r\nsrc/modules/transfers/transfer.service.ts(299,3): error TS1128: Declaration or statement expected.\r\nsrc/modules/transfers/transfer.service.ts(299,10): error TS1434: Unexpected keyword or identifier.\r\nsrc/modules/transfers/transfer.service.ts(299,38): error TS1005: ',' expected.\r\nsrc/modules/transfers/transfer.service.ts(299,47): error TS1005: ';' expected.\r\nsrc/modules/transfers/transfer.service.ts(300,8): error TS1003: Identifier expected.\r\nsrc/modules/transfers/transfer.service.ts(300,24): error TS1005: '{' expected.\r\nsrc/modules/transfers/transfer.service.ts(300,31): error TS1005: ':' expected.\r\nsrc/modules/transfers/transfer.service.ts(300,35): error TS1005: ',' expected.\r\nsrc/modules/transfers/transfer.service.ts(302,11): error TS1005: ':' expected.\r\nsrc/modules/transfers/transfer.service.ts(302,71): error TS1005: ',' expected.\r\nsrc/modules/transfers/transfer.service.ts(304,8): error TS1003: Identifier expected.\r\nsrc/modules/transfers/transfer.service.ts(304,22): error TS1005: '{' expected.\r\nsrc/modules/transfers/transfer.service.ts(304,29): error TS1005: ':' expected.\r\nsrc/modules/transfers/transfer.service.ts(304,33): error TS1005: ',' expected.\r\nsrc/modules/transfers/transfer.service.ts(306,12): error TS1005: ':' expected.\r\nsrc/modules/transfers/transfer.service.ts(306,23): error TS1005: ',' expected.\r\nsrc/modules/transfers/transfer.service.ts(312,3): error TS1128: Declaration or statement expected.\r\nsrc/modules/transfers/transfer.service.ts(312,10): error TS1434: Unexpected keyword or identifier.\r\nsrc/modules/transfers/transfer.service.ts(313,11): error TS1005: ',' expected.\r\nsrc/modules/transfers/transfer.service.ts(316,4): error TS1005: ';' expected.\r\nsrc/modules/transfers/transfer.service.ts(317,21): error TS1011: An element access expression should take an argument.\r\nsrc/modules/transfers/transfer.service.ts(317,22): error TS1005: ',' expected.\r\nsrc/modules/transfers/transfer.service.ts(318,18): error TS1005: ',' expected.\r\nsrc/modules/transfers/transfer.service.ts(319,17): error TS1005: ',' expected.\r\nsrc/modules/transfers/transfer.service.ts(320,18): error TS1005: ',' expected.\r\nsrc/modules/transfers/transfer.service.ts(322,11): error TS1005: ':' expected.\r\nsrc/modules/transfers/transfer.service.ts(322,36): error TS1005: ',' expected.\r\nsrc/modules/transfers/transfer.service.ts(325,11): error TS1005: ':' expected.\r\nsrc/modules/transfers/transfer.service.ts(331,7): error TS1005: ',' expected.\r\nsrc/modules/transfers/transfer.service.ts(333,12): error TS1005: ':' expected.\r\nsrc/modules/transfers/transfer.service.ts(338,6): error TS1005: ',' expected.\r\nsrc/modules/transfers/transfer.service.ts(344,3): error TS1128: Declaration or statement expected.\r\nsrc/modules/transfers/transfer.service.ts(344,10): error TS1434: Unexpected keyword or identifier.\r\nsrc/modules/transfers/transfer.service.ts(344,33): error TS1005: ',' expected.\r\nsrc/modules/transfers/transfer.service.ts(345,27): error TS1005: ',' expected.\r\nsrc/modules/transfers/transfer.service.ts(346,19): error TS1005: ',' expected.\r\nsrc/modules/transfers/transfer.service.ts(347,36): error TS1005: ',' expected.\r\nsrc/modules/transfers/transfer.service.ts(348,38): error TS1005: ',' expected.\r\nsrc/modules/transfers/transfer.service.ts(349,28): error TS1005: ',' expected.\r\nsrc/modules/transfers/transfer.service.ts(350,33): error TS1005: ',' expected.\r\nsrc/modules/transfers/transfer.service.ts(351,22): error TS1005: ',' expected.\r\nsrc/modules/transfers/transfer.service.ts(352,23): error TS1005: ',' expected.\r\nsrc/modules/transfers/transfer.service.ts(353,6): error TS1005: ';' expected.\r\nsrc/modules/transfers/transfer.service.ts(398,1): error TS1128: Declaration or statement expected.\r\n\nError: ⨯ Unable to compile TypeScript:\nsrc/modules/transfers/transfer.service.ts(92,9): error TS1005: ',' expected.\r\nsrc/modules/transfers/transfer.service.ts(104,8): error TS1472: 'catch' or 'finally' expected.\r\nsrc/modules/transfers/transfer.service.ts(105,7): error TS1068: Unexpected token. A constructor, method, accessor, or property was expected.\r\nsrc/modules/transfers/transfer.service.ts(108,3): error TS1128: Declaration or statement expected.\r\nsrc/modules/transfers/transfer.service.ts(113,3): error TS1128: Declaration or statement expected.\r\nsrc/modules/transfers/transfer.service.ts(113,10): error TS1434: Unexpected keyword or identifier.\r\nsrc/modules/transfers/transfer.service.ts(113,42): error TS1005: ',' expected.\r\nsrc/modules/transfers/transfer.service.ts(113,56): error TS1005: ',' expected.\r\nsrc/modules/transfers/transfer.service.ts(113,170): error TS1005: ',' expected.\r\nsrc/modules/transfers/transfer.service.ts(113,183): error TS1005: ';' expected.\r\nsrc/modules/transfers/transfer.service.ts(114,11): error TS1005: ':' expected.\r\nsrc/modules/transfers/transfer.service.ts(114,57): error TS1005: ',' expected.\r\nsrc/modules/transfers/transfer.service.ts(116,9): error TS1005: ':' expected.\r\nsrc/modules/transfers/transfer.service.ts(117,14): error TS1005: ':' expected.\r\nsrc/modules/transfers/transfer.service.ts(171,9): error TS1005: ',' expected.\r\nsrc/modules/transfers/transfer.service.ts(172,7): error TS1005: ',' expected.\r\nsrc/modules/transfers/transfer.service.ts(172,15): error TS1005: ':' expected.\r\nsrc/modules/transfers/transfer.service.ts(173,13): error TS1005: ',' expected.\r\nsrc/modules/transfers/transfer.service.ts(173,20): error TS1005: ',' expected.\r\nsrc/modules/transfers/transfer.service.ts(173,33): error TS1005: ',' expected.\r\nsrc/modules/transfers/transfer.service.ts(180,3): error TS1128: Declaration or statement expected.\r\nsrc/modules/transfers/transfer.service.ts(180,10): error TS1434: Unexpected keyword or identifier.\r\nsrc/modules/transfers/transfer.service.ts(180,38): error TS1005: ',' expected.\r\nsrc/modules/transfers/transfer.service.ts(180,47): error TS1005: ';' expected.\r\nsrc/modules/transfers/transfer.service.ts(181,11): error TS1005: ':' expected.\r\nsrc/modules/transfers/transfer.service.ts(181,57): error TS1005: ',' expected.\r\nsrc/modules/transfers/transfer.service.ts(183,9): error TS1005: ':' expected.\r\nsrc/modules/transfers/transfer.service.ts(184,14): error TS1005: ':' expected.\r\nsrc/modules/transfers/transfer.service.ts(212,9): error TS1005: ',' expected.\r\nsrc/modules/transfers/transfer.service.ts(213,7): error TS1005: ',' expected.\r\nsrc/modules/transfers/transfer.service.ts(213,15): error TS1005: ':' expected.\r\nsrc/modules/transfers/transfer.service.ts(214,13): error TS1005: ',' expected.\r\nsrc/modules/transfers/transfer.service.ts(214,20): error TS1005: ',' expected.\r\nsrc/modules/transfers/transfer.service.ts(214,33): error TS1005: ',' expected.\r\nsrc/modules/transfers/transfer.service.ts(221,3): error TS1128: Declaration or statement expected.\r\nsrc/modules/transfers/transfer.service.ts(221,10): error TS1434: Unexpected keyword or identifier.\r\nsrc/modules/transfers/transfer.service.ts(221,38): error TS1005: ',' expected.\r\nsrc/modules/transfers/transfer.service.ts(221,54): error TS1005: ',' expected.\r\nsrc/modules/transfers/transfer.service.ts(221,63): error TS1005: ';' expected.\r\nsrc/modules/transfers/transfer.service.ts(221,77): error TS1109: Expression expected.\r\nsrc/modules/transfers/transfer.service.ts(222,11): error TS1005: ':' expected.\r\nsrc/modules/transfers/transfer.service.ts(222,57): error TS1005: ',' expected.\r\nsrc/modules/transfers/transfer.service.ts(224,9): error TS1005: ':' expected.\r\nsrc/modules/transfers/transfer.service.ts(225,13): error TS1005: ',' expected.\r\nsrc/modules/transfers/transfer.service.ts(225,28): error TS1005: ',' expected.\r\nsrc/modules/transfers/transfer.service.ts(290,9): error TS1005: ',' expected.\r\nsrc/modules/transfers/transfer.service.ts(291,7): error TS1005: ',' expected.\r\nsrc/modules/transfers/transfer.service.ts(291,15): error TS1005: ':' expected.\r\nsrc/modules/transfers/transfer.service.ts(292,13): error TS1005: ',' expected.\r\nsrc/modules/transfers/transfer.service.ts(292,20): error TS1005: ',' expected.\r\nsrc/modules/transfers/transfer.service.ts(292,33): error TS1005: ',' expected.\r\nsrc/modules/transfers/transfer.service.ts(299,3): error TS1128: Declaration or statement expected.\r\nsrc/modules/transfers/transfer.service.ts(299,10): error TS1434: Unexpected keyword or identifier.\r\nsrc/modules/transfers/transfer.service.ts(299,38): error TS1005: ',' expected.\r\nsrc/modules/transfers/transfer.service.ts(299,47): error TS1005: ';' expected.\r\nsrc/modules/transfers/transfer.service.ts(300,8): error TS1003: Identifier expected.\r\nsrc/modules/transfers/transfer.service.ts(300,24): error TS1005: '{' expected.\r\nsrc/modules/transfers/transfer.service.ts(300,31): error TS1005: ':' expected.\r\nsrc/modules/transfers/transfer.service.ts(300,35): error TS1005: ',' expected.\r\nsrc/modules/transfers/transfer.service.ts(302,11): error TS1005: ':' expected.\r\nsrc/modules/transfers/transfer.service.ts(302,71): error TS1005: ',' expected.\r\nsrc/modules/transfers/transfer.service.ts(304,8): error TS1003: Identifier expected.\r\nsrc/modules/transfers/transfer.service.ts(304,22): error TS1005: '{' expected.\r\nsrc/modules/transfers/transfer.service.ts(304,29): error TS1005: ':' expected.\r\nsrc/modules/transfers/transfer.service.ts(304,33): error TS1005: ',' expected.\r\nsrc/modules/transfers/transfer.service.ts(306,12): error TS1005: ':' expected.\r\nsrc/modules/transfers/transfer.service.ts(306,23): error TS1005: ',' expected.\r\nsrc/modules/transfers/transfer.service.ts(312,3): error TS1128: Declaration or statement expected.\r\nsrc/modules/transfers/transfer.service.ts(312,10): error TS1434: Unexpected keyword or identifier.\r\nsrc/modules/transfers/transfer.service.ts(313,11): error TS1005: ',' expected.\r\nsrc/modules/transfers/transfer.service.ts(316,4): error TS1005: ';' expected.\r\nsrc/modules/transfers/transfer.service.ts(317,21): error TS1011: An element access expression should take an argument.\r\nsrc/modules/transfers/transfer.service.ts(317,22): error TS1005: ',' expected.\r\nsrc/modules/transfers/transfer.service.ts(318,18): error TS1005: ',' expected.\r\nsrc/modules/transfers/transfer.service.ts(319,17): error TS1005: ',' expected.\r\nsrc/modules/transfers/transfer.service.ts(320,18): error TS1005: ',' expected.\r\nsrc/modules/transfers/transfer.service.ts(322,11): error TS1005: ':' expected.\r\nsrc/modules/transfers/transfer.service.ts(322,36): error TS1005: ',' expected.\r\nsrc/modules/transfers/transfer.service.ts(325,11): error TS1005: ':' expected.\r\nsrc/modules/transfers/transfer.service.ts(331,7): error TS1005: ',' expected.\r\nsrc/modules/transfers/transfer.service.ts(333,12): error TS1005: ':' expected.\r\nsrc/modules/transfers/transfer.service.ts(338,6): error TS1005: ',' expected.\r\nsrc/modules/transfers/transfer.service.ts(344,3): error TS1128: Declaration or statement expected.\r\nsrc/modules/transfers/transfer.service.ts(344,10): error TS1434: Unexpected keyword or identifier.\r\nsrc/modules/transfers/transfer.service.ts(344,33): error TS1005: ',' expected.\r\nsrc/modules/transfers/transfer.service.ts(345,27): error TS1005: ',' expected.\r\nsrc/modules/transfers/transfer.service.ts(346,19): error TS1005: ',' expected.\r\nsrc/modules/transfers/transfer.service.ts(347,36): error TS1005: ',' expected.\r\nsrc/modules/transfers/transfer.service.ts(348,38): error TS1005: ',' expected.\r\nsrc/modules/transfers/transfer.service.ts(349,28): error TS1005: ',' expected.\r\nsrc/modules/transfers/transfer.service.ts(350,33): error TS1005: ',' expected.\r\nsrc/modules/transfers/transfer.service.ts(351,22): error TS1005: ',' expected.\r\nsrc/modules/transfers/transfer.service.ts(352,23): error TS1005: ',' expected.\r\nsrc/modules/transfers/transfer.service.ts(353,6): error TS1005: ';' expected.\r\nsrc/modules/transfers/transfer.service.ts(398,1): error TS1128: Declaration or statement expected.\r\n\n    at Object.<anonymous> (C:\\Users\\ikchr\\Documents\\prime-loan-backend\\src\\modules\\transfers\\transfer.service.ts:1:7)\n    at Module.<anonymous> (node:internal/modules/cjs/loader:1688:14)\n    at Module._compile (C:\\Users\\ikchr\\Documents\\prime-loan-backend\\node_modules\\source-map-support\\source-map-support.js:568:25)\n    at Module.m._compile (C:\\Users\\ikchr\\AppData\\Local\\Temp\\ts-node-dev-hook-8400002683230616.js:69:33)\n    at node:internal/modules/cjs/loader:1820:10\n    at require.extensions..jsx.require.extensions..js (C:\\Users\\ikchr\\AppData\\Local\\Temp\\ts-node-dev-hook-8400002683230616.js:114:20)\n    at require.extensions.<computed> (C:\\Users\\ikchr\\AppData\\Local\\Temp\\ts-node-dev-hook-8400002683230616.js:71:20)\n    at Object.nodeDevHook [as .ts] (C:\\Users\\ikchr\\Documents\\prime-loan-backend\\node_modules\\ts-node-dev\\lib\\hook.js:63:13)\n    at Module.load (node:internal/modules/cjs/loader:1423:32)\n    at Function._load (node:internal/modules/cjs/loader:1246:12)","os":{"loadavg":[0,0,0],"uptime":158642.656},"process":{"argv":["C:\\Program Files\\nodejs\\node.exe","src/server.ts"],"cwd":"C:\\Users\\ikchr\\Documents\\prime-loan-backend","execPath":"C:\\Program Files\\nodejs\\node.exe","gid":null,"memoryUsage":{"arrayBuffers":18487094,"external":21832441,"heapTotal":69701632,"heapUsed":39513184,"rss":122183680},"pid":7760,"uid":null,"version":"v22.18.0"},"stack":"Error: ⨯ Unable to compile TypeScript:\nsrc/modules/transfers/transfer.service.ts(92,9): error TS1005: ',' expected.\r\nsrc/modules/transfers/transfer.service.ts(104,8): error TS1472: 'catch' or 'finally' expected.\r\nsrc/modules/transfers/transfer.service.ts(105,7): error TS1068: Unexpected token. A constructor, method, accessor, or property was expected.\r\nsrc/modules/transfers/transfer.service.ts(108,3): error TS1128: Declaration or statement expected.\r\nsrc/modules/transfers/transfer.service.ts(113,3): error TS1128: Declaration or statement expected.\r\nsrc/modules/transfers/transfer.service.ts(113,10): error TS1434: Unexpected keyword or identifier.\r\nsrc/modules/transfers/transfer.service.ts(113,42): error TS1005: ',' expected.\r\nsrc/modules/transfers/transfer.service.ts(113,56): error TS1005: ',' expected.\r\nsrc/modules/transfers/transfer.service.ts(113,170): error TS1005: ',' expected.\r\nsrc/modules/transfers/transfer.service.ts(113,183): error TS1005: ';' expected.\r\nsrc/modules/transfers/transfer.service.ts(114,11): error TS1005: ':' expected.\r\nsrc/modules/transfers/transfer.service.ts(114,57): error TS1005: ',' expected.\r\nsrc/modules/transfers/transfer.service.ts(116,9): error TS1005: ':' expected.\r\nsrc/modules/transfers/transfer.service.ts(117,14): error TS1005: ':' expected.\r\nsrc/modules/transfers/transfer.service.ts(171,9): error TS1005: ',' expected.\r\nsrc/modules/transfers/transfer.service.ts(172,7): error TS1005: ',' expected.\r\nsrc/modules/transfers/transfer.service.ts(172,15): error TS1005: ':' expected.\r\nsrc/modules/transfers/transfer.service.ts(173,13): error TS1005: ',' expected.\r\nsrc/modules/transfers/transfer.service.ts(173,20): error TS1005: ',' expected.\r\nsrc/modules/transfers/transfer.service.ts(173,33): error TS1005: ',' expected.\r\nsrc/modules/transfers/transfer.service.ts(180,3): error TS1128: Declaration or statement expected.\r\nsrc/modules/transfers/transfer.service.ts(180,10): error TS1434: Unexpected keyword or identifier.\r\nsrc/modules/transfers/transfer.service.ts(180,38): error TS1005: ',' expected.\r\nsrc/modules/transfers/transfer.service.ts(180,47): error TS1005: ';' expected.\r\nsrc/modules/transfers/transfer.service.ts(181,11): error TS1005: ':' expected.\r\nsrc/modules/transfers/transfer.service.ts(181,57): error TS1005: ',' expected.\r\nsrc/modules/transfers/transfer.service.ts(183,9): error TS1005: ':' expected.\r\nsrc/modules/transfers/transfer.service.ts(184,14): error TS1005: ':' expected.\r\nsrc/modules/transfers/transfer.service.ts(212,9): error TS1005: ',' expected.\r\nsrc/modules/transfers/transfer.service.ts(213,7): error TS1005: ',' expected.\r\nsrc/modules/transfers/transfer.service.ts(213,15): error TS1005: ':' expected.\r\nsrc/modules/transfers/transfer.service.ts(214,13): error TS1005: ',' expected.\r\nsrc/modules/transfers/transfer.service.ts(214,20): error TS1005: ',' expected.\r\nsrc/modules/transfers/transfer.service.ts(214,33): error TS1005: ',' expected.\r\nsrc/modules/transfers/transfer.service.ts(221,3): error TS1128: Declaration or statement expected.\r\nsrc/modules/transfers/transfer.service.ts(221,10): error TS1434: Unexpected keyword or identifier.\r\nsrc/modules/transfers/transfer.service.ts(221,38): error TS1005: ',' expected.\r\nsrc/modules/transfers/transfer.service.ts(221,54): error TS1005: ',' expected.\r\nsrc/modules/transfers/transfer.service.ts(221,63): error TS1005: ';' expected.\r\nsrc/modules/transfers/transfer.service.ts(221,77): error TS1109: Expression expected.\r\nsrc/modules/transfers/transfer.service.ts(222,11): error TS1005: ':' expected.\r\nsrc/modules/transfers/transfer.service.ts(222,57): error TS1005: ',' expected.\r\nsrc/modules/transfers/transfer.service.ts(224,9): error TS1005: ':' expected.\r\nsrc/modules/transfers/transfer.service.ts(225,13): error TS1005: ',' expected.\r\nsrc/modules/transfers/transfer.service.ts(225,28): error TS1005: ',' expected.\r\nsrc/modules/transfers/transfer.service.ts(290,9): error TS1005: ',' expected.\r\nsrc/modules/transfers/transfer.service.ts(291,7): error TS1005: ',' expected.\r\nsrc/modules/transfers/transfer.service.ts(291,15): error TS1005: ':' expected.\r\nsrc/modules/transfers/transfer.service.ts(292,13): error TS1005: ',' expected.\r\nsrc/modules/transfers/transfer.service.ts(292,20): error TS1005: ',' expected.\r\nsrc/modules/transfers/transfer.service.ts(292,33): error TS1005: ',' expected.\r\nsrc/modules/transfers/transfer.service.ts(299,3): error TS1128: Declaration or statement expected.\r\nsrc/modules/transfers/transfer.service.ts(299,10): error TS1434: Unexpected keyword or identifier.\r\nsrc/modules/transfers/transfer.service.ts(299,38): error TS1005: ',' expected.\r\nsrc/modules/transfers/transfer.service.ts(299,47): error TS1005: ';' expected.\r\nsrc/modules/transfers/transfer.service.ts(300,8): error TS1003: Identifier expected.\r\nsrc/modules/transfers/transfer.service.ts(300,24): error TS1005: '{' expected.\r\nsrc/modules/transfers/transfer.service.ts(300,31): error TS1005: ':' expected.\r\nsrc/modules/transfers/transfer.service.ts(300,35): error TS1005: ',' expected.\r\nsrc/modules/transfers/transfer.service.ts(302,11): error TS1005: ':' expected.\r\nsrc/modules/transfers/transfer.service.ts(302,71): error TS1005: ',' expected.\r\nsrc/modules/transfers/transfer.service.ts(304,8): error TS1003: Identifier expected.\r\nsrc/modules/transfers/transfer.service.ts(304,22): error TS1005: '{' expected.\r\nsrc/modules/transfers/transfer.service.ts(304,29): error TS1005: ':' expected.\r\nsrc/modules/transfers/transfer.service.ts(304,33): error TS1005: ',' expected.\r\nsrc/modules/transfers/transfer.service.ts(306,12): error TS1005: ':' expected.\r\nsrc/modules/transfers/transfer.service.ts(306,23): error TS1005: ',' expected.\r\nsrc/modules/transfers/transfer.service.ts(312,3): error TS1128: Declaration or statement expected.\r\nsrc/modules/transfers/transfer.service.ts(312,10): error TS1434: Unexpected keyword or identifier.\r\nsrc/modules/transfers/transfer.service.ts(313,11): error TS1005: ',' expected.\r\nsrc/modules/transfers/transfer.service.ts(316,4): error TS1005: ';' expected.\r\nsrc/modules/transfers/transfer.service.ts(317,21): error TS1011: An element access expression should take an argument.\r\nsrc/modules/transfers/transfer.service.ts(317,22): error TS1005: ',' expected.\r\nsrc/modules/transfers/transfer.service.ts(318,18): error TS1005: ',' expected.\r\nsrc/modules/transfers/transfer.service.ts(319,17): error TS1005: ',' expected.\r\nsrc/modules/transfers/transfer.service.ts(320,18): error TS1005: ',' expected.\r\nsrc/modules/transfers/transfer.service.ts(322,11): error TS1005: ':' expected.\r\nsrc/modules/transfers/transfer.service.ts(322,36): error TS1005: ',' expected.\r\nsrc/modules/transfers/transfer.service.ts(325,11): error TS1005: ':' expected.\r\nsrc/modules/transfers/transfer.service.ts(331,7): error TS1005: ',' expected.\r\nsrc/modules/transfers/transfer.service.ts(333,12): error TS1005: ':' expected.\r\nsrc/modules/transfers/transfer.service.ts(338,6): error TS1005: ',' expected.\r\nsrc/modules/transfers/transfer.service.ts(344,3): error TS1128: Declaration or statement expected.\r\nsrc/modules/transfers/transfer.service.ts(344,10): error TS1434: Unexpected keyword or identifier.\r\nsrc/modules/transfers/transfer.service.ts(344,33): error TS1005: ',' expected.\r\nsrc/modules/transfers/transfer.service.ts(345,27): error TS1005: ',' expected.\r\nsrc/modules/transfers/transfer.service.ts(346,19): error TS1005: ',' expected.\r\nsrc/modules/transfers/transfer.service.ts(347,36): error TS1005: ',' expected.\r\nsrc/modules/transfers/transfer.service.ts(348,38): error TS1005: ',' expected.\r\nsrc/modules/transfers/transfer.service.ts(349,28): error TS1005: ',' expected.\r\nsrc/modules/transfers/transfer.service.ts(350,33): error TS1005: ',' expected.\r\nsrc/modules/transfers/transfer.service.ts(351,22): error TS1005: ',' expected.\r\nsrc/modules/transfers/transfer.service.ts(352,23): error TS1005: ',' expected.\r\nsrc/modules/transfers/transfer.service.ts(353,6): error TS1005: ';' expected.\r\nsrc/modules/transfers/transfer.service.ts(398,1): error TS1128: Declaration or statement expected.\r\n\n    at Object.<anonymous> (C:\\Users\\ikchr\\Documents\\prime-loan-backend\\src\\modules\\transfers\\transfer.service.ts:1:7)\n    at Module.<anonymous> (node:internal/modules/cjs/loader:1688:14)\n    at Module._compile (C:\\Users\\ikchr\\Documents\\prime-loan-backend\\node_modules\\source-map-support\\source-map-support.js:568:25)\n    at Module.m._compile (C:\\Users\\ikchr\\AppData\\Local\\Temp\\ts-node-dev-hook-8400002683230616.js:69:33)\n    at node:internal/modules/cjs/loader:1820:10\n    at require.extensions..jsx.require.extensions..js (C:\\Users\\ikchr\\AppData\\Local\\Temp\\ts-node-dev-hook-8400002683230616.js:114:20)\n    at require.extensions.<computed> (C:\\Users\\ikchr\\AppData\\Local\\Temp\\ts-node-dev-hook-8400002683230616.js:71:20)\n    at Object.nodeDevHook [as .ts] (C:\\Users\\ikchr\\Documents\\prime-loan-backend\\node_modules\\ts-node-dev\\lib\\hook.js:63:13)\n    at Module.load (node:internal/modules/cjs/loader:1423:32)\n    at Function._load (node:internal/modules/cjs/loader:1246:12)","timestamp":"2025-09-19T13:09:23.592Z","trace":[{"column":7,"file":"C:\\Users\\ikchr\\Documents\\prime-loan-backend\\src\\modules\\transfers\\transfer.service.ts","function":null,"line":1,"method":null,"native":false},{"column":14,"file":"node:internal/modules/cjs/loader","function":null,"line":1688,"method":null,"native":false},{"column":25,"file":"C:\\Users\\ikchr\\Documents\\prime-loan-backend\\node_modules\\source-map-support\\source-map-support.js","function":"Module._compile","line":568,"method":"_compile","native":false},{"column":33,"file":"C:\\Users\\ikchr\\AppData\\Local\\Temp\\ts-node-dev-hook-8400002683230616.js","function":"Module.m._compile","line":69,"method":"_compile","native":false},{"column":10,"file":"node:internal/modules/cjs/loader","function":null,"line":1820,"method":null,"native":false},{"column":20,"file":"C:\\Users\\ikchr\\AppData\\Local\\Temp\\ts-node-dev-hook-8400002683230616.js","function":"require.extensions..jsx.require.extensions..js","line":114,"method":".js","native":false},{"column":20,"file":"C:\\Users\\ikchr\\AppData\\Local\\Temp\\ts-node-dev-hook-8400002683230616.js","function":"require.extensions.<computed>","line":71,"method":"<computed>","native":false},{"column":13,"file":"C:\\Users\\ikchr\\Documents\\prime-loan-backend\\node_modules\\ts-node-dev\\lib\\hook.js","function":"Object.nodeDevHook [as .ts]","line":63,"method":"ts]","native":false},{"column":32,"file":"node:internal/modules/cjs/loader","function":"Module.load","line":1423,"method":"load","native":false},{"column":12,"file":"node:internal/modules/cjs/loader","function":"Function._load","line":1246,"method":"_load","native":false}]}
{"date":"Fri Sep 19 2025 14:09:23 GMT+0100 (West Africa Standard Time)","error":{},"exception":true,"level":"error","message":"uncaughtException: ⨯ Unable to compile TypeScript:\nsrc/modules/transfers/transfer.service.ts(92,9): error TS1005: ',' expected.\r\nsrc/modules/transfers/transfer.service.ts(104,8): error TS1472: 'catch' or 'finally' expected.\r\nsrc/modules/transfers/transfer.service.ts(105,7): error TS1068: Unexpected token. A constructor, method, accessor, or property was expected.\r\nsrc/modules/transfers/transfer.service.ts(108,3): error TS1128: Declaration or statement expected.\r\nsrc/modules/transfers/transfer.service.ts(113,3): error TS1128: Declaration or statement expected.\r\nsrc/modules/transfers/transfer.service.ts(113,10): error TS1434: Unexpected keyword or identifier.\r\nsrc/modules/transfers/transfer.service.ts(113,42): error TS1005: ',' expected.\r\nsrc/modules/transfers/transfer.service.ts(113,56): error TS1005: ',' expected.\r\nsrc/modules/transfers/transfer.service.ts(113,170): error TS1005: ',' expected.\r\nsrc/modules/transfers/transfer.service.ts(113,183): error TS1005: ';' expected.\r\nsrc/modules/transfers/transfer.service.ts(114,11): error TS1005: ':' expected.\r\nsrc/modules/transfers/transfer.service.ts(114,57): error TS1005: ',' expected.\r\nsrc/modules/transfers/transfer.service.ts(116,9): error TS1005: ':' expected.\r\nsrc/modules/transfers/transfer.service.ts(117,14): error TS1005: ':' expected.\r\nsrc/modules/transfers/transfer.service.ts(171,9): error TS1005: ',' expected.\r\nsrc/modules/transfers/transfer.service.ts(172,7): error TS1005: ',' expected.\r\nsrc/modules/transfers/transfer.service.ts(172,15): error TS1005: ':' expected.\r\nsrc/modules/transfers/transfer.service.ts(173,13): error TS1005: ',' expected.\r\nsrc/modules/transfers/transfer.service.ts(173,20): error TS1005: ',' expected.\r\nsrc/modules/transfers/transfer.service.ts(173,33): error TS1005: ',' expected.\r\nsrc/modules/transfers/transfer.service.ts(180,3): error TS1128: Declaration or statement expected.\r\nsrc/modules/transfers/transfer.service.ts(180,10): error TS1434: Unexpected keyword or identifier.\r\nsrc/modules/transfers/transfer.service.ts(180,38): error TS1005: ',' expected.\r\nsrc/modules/transfers/transfer.service.ts(180,47): error TS1005: ';' expected.\r\nsrc/modules/transfers/transfer.service.ts(181,11): error TS1005: ':' expected.\r\nsrc/modules/transfers/transfer.service.ts(181,57): error TS1005: ',' expected.\r\nsrc/modules/transfers/transfer.service.ts(183,9): error TS1005: ':' expected.\r\nsrc/modules/transfers/transfer.service.ts(184,14): error TS1005: ':' expected.\r\nsrc/modules/transfers/transfer.service.ts(212,9): error TS1005: ',' expected.\r\nsrc/modules/transfers/transfer.service.ts(213,7): error TS1005: ',' expected.\r\nsrc/modules/transfers/transfer.service.ts(213,15): error TS1005: ':' expected.\r\nsrc/modules/transfers/transfer.service.ts(214,13): error TS1005: ',' expected.\r\nsrc/modules/transfers/transfer.service.ts(214,20): error TS1005: ',' expected.\r\nsrc/modules/transfers/transfer.service.ts(214,33): error TS1005: ',' expected.\r\nsrc/modules/transfers/transfer.service.ts(221,3): error TS1128: Declaration or statement expected.\r\nsrc/modules/transfers/transfer.service.ts(221,10): error TS1434: Unexpected keyword or identifier.\r\nsrc/modules/transfers/transfer.service.ts(221,38): error TS1005: ',' expected.\r\nsrc/modules/transfers/transfer.service.ts(221,54): error TS1005: ',' expected.\r\nsrc/modules/transfers/transfer.service.ts(221,63): error TS1005: ';' expected.\r\nsrc/modules/transfers/transfer.service.ts(221,77): error TS1109: Expression expected.\r\nsrc/modules/transfers/transfer.service.ts(222,11): error TS1005: ':' expected.\r\nsrc/modules/transfers/transfer.service.ts(222,57): error TS1005: ',' expected.\r\nsrc/modules/transfers/transfer.service.ts(224,9): error TS1005: ':' expected.\r\nsrc/modules/transfers/transfer.service.ts(225,13): error TS1005: ',' expected.\r\nsrc/modules/transfers/transfer.service.ts(225,28): error TS1005: ',' expected.\r\nsrc/modules/transfers/transfer.service.ts(290,9): error TS1005: ',' expected.\r\nsrc/modules/transfers/transfer.service.ts(291,7): error TS1005: ',' expected.\r\nsrc/modules/transfers/transfer.service.ts(291,15): error TS1005: ':' expected.\r\nsrc/modules/transfers/transfer.service.ts(292,13): error TS1005: ',' expected.\r\nsrc/modules/transfers/transfer.service.ts(292,20): error TS1005: ',' expected.\r\nsrc/modules/transfers/transfer.service.ts(292,33): error TS1005: ',' expected.\r\nsrc/modules/transfers/transfer.service.ts(299,3): error TS1128: Declaration or statement expected.\r\nsrc/modules/transfers/transfer.service.ts(299,10): error TS1434: Unexpected keyword or identifier.\r\nsrc/modules/transfers/transfer.service.ts(299,38): error TS1005: ',' expected.\r\nsrc/modules/transfers/transfer.service.ts(299,47): error TS1005: ';' expected.\r\nsrc/modules/transfers/transfer.service.ts(300,8): error TS1003: Identifier expected.\r\nsrc/modules/transfers/transfer.service.ts(300,24): error TS1005: '{' expected.\r\nsrc/modules/transfers/transfer.service.ts(300,31): error TS1005: ':' expected.\r\nsrc/modules/transfers/transfer.service.ts(300,35): error TS1005: ',' expected.\r\nsrc/modules/transfers/transfer.service.ts(302,11): error TS1005: ':' expected.\r\nsrc/modules/transfers/transfer.service.ts(302,71): error TS1005: ',' expected.\r\nsrc/modules/transfers/transfer.service.ts(304,8): error TS1003: Identifier expected.\r\nsrc/modules/transfers/transfer.service.ts(304,22): error TS1005: '{' expected.\r\nsrc/modules/transfers/transfer.service.ts(304,29): error TS1005: ':' expected.\r\nsrc/modules/transfers/transfer.service.ts(304,33): error TS1005: ',' expected.\r\nsrc/modules/transfers/transfer.service.ts(306,12): error TS1005: ':' expected.\r\nsrc/modules/transfers/transfer.service.ts(306,23): error TS1005: ',' expected.\r\nsrc/modules/transfers/transfer.service.ts(312,3): error TS1128: Declaration or statement expected.\r\nsrc/modules/transfers/transfer.service.ts(312,10): error TS1434: Unexpected keyword or identifier.\r\nsrc/modules/transfers/transfer.service.ts(313,11): error TS1005: ',' expected.\r\nsrc/modules/transfers/transfer.service.ts(316,4): error TS1005: ';' expected.\r\nsrc/modules/transfers/transfer.service.ts(317,21): error TS1011: An element access expression should take an argument.\r\nsrc/modules/transfers/transfer.service.ts(317,22): error TS1005: ',' expected.\r\nsrc/modules/transfers/transfer.service.ts(318,18): error TS1005: ',' expected.\r\nsrc/modules/transfers/transfer.service.ts(319,17): error TS1005: ',' expected.\r\nsrc/modules/transfers/transfer.service.ts(320,18): error TS1005: ',' expected.\r\nsrc/modules/transfers/transfer.service.ts(322,11): error TS1005: ':' expected.\r\nsrc/modules/transfers/transfer.service.ts(322,36): error TS1005: ',' expected.\r\nsrc/modules/transfers/transfer.service.ts(325,11): error TS1005: ':' expected.\r\nsrc/modules/transfers/transfer.service.ts(331,7): error TS1005: ',' expected.\r\nsrc/modules/transfers/transfer.service.ts(333,12): error TS1005: ':' expected.\r\nsrc/modules/transfers/transfer.service.ts(338,6): error TS1005: ',' expected.\r\nsrc/modules/transfers/transfer.service.ts(344,3): error TS1128: Declaration or statement expected.\r\nsrc/modules/transfers/transfer.service.ts(344,10): error TS1434: Unexpected keyword or identifier.\r\nsrc/modules/transfers/transfer.service.ts(344,33): error TS1005: ',' expected.\r\nsrc/modules/transfers/transfer.service.ts(345,27): error TS1005: ',' expected.\r\nsrc/modules/transfers/transfer.service.ts(346,19): error TS1005: ',' expected.\r\nsrc/modules/transfers/transfer.service.ts(347,36): error TS1005: ',' expected.\r\nsrc/modules/transfers/transfer.service.ts(348,38): error TS1005: ',' expected.\r\nsrc/modules/transfers/transfer.service.ts(349,28): error TS1005: ',' expected.\r\nsrc/modules/transfers/transfer.service.ts(350,33): error TS1005: ',' expected.\r\nsrc/modules/transfers/transfer.service.ts(351,22): error TS1005: ',' expected.\r\nsrc/modules/transfers/transfer.service.ts(352,23): error TS1005: ',' expected.\r\nsrc/modules/transfers/transfer.service.ts(353,6): error TS1005: ';' expected.\r\nsrc/modules/transfers/transfer.service.ts(398,1): error TS1128: Declaration or statement expected.\r\n\nError: ⨯ Unable to compile TypeScript:\nsrc/modules/transfers/transfer.service.ts(92,9): error TS1005: ',' expected.\r\nsrc/modules/transfers/transfer.service.ts(104,8): error TS1472: 'catch' or 'finally' expected.\r\nsrc/modules/transfers/transfer.service.ts(105,7): error TS1068: Unexpected token. A constructor, method, accessor, or property was expected.\r\nsrc/modules/transfers/transfer.service.ts(108,3): error TS1128: Declaration or statement expected.\r\nsrc/modules/transfers/transfer.service.ts(113,3): error TS1128: Declaration or statement expected.\r\nsrc/modules/transfers/transfer.service.ts(113,10): error TS1434: Unexpected keyword or identifier.\r\nsrc/modules/transfers/transfer.service.ts(113,42): error TS1005: ',' expected.\r\nsrc/modules/transfers/transfer.service.ts(113,56): error TS1005: ',' expected.\r\nsrc/modules/transfers/transfer.service.ts(113,170): error TS1005: ',' expected.\r\nsrc/modules/transfers/transfer.service.ts(113,183): error TS1005: ';' expected.\r\nsrc/modules/transfers/transfer.service.ts(114,11): error TS1005: ':' expected.\r\nsrc/modules/transfers/transfer.service.ts(114,57): error TS1005: ',' expected.\r\nsrc/modules/transfers/transfer.service.ts(116,9): error TS1005: ':' expected.\r\nsrc/modules/transfers/transfer.service.ts(117,14): error TS1005: ':' expected.\r\nsrc/modules/transfers/transfer.service.ts(171,9): error TS1005: ',' expected.\r\nsrc/modules/transfers/transfer.service.ts(172,7): error TS1005: ',' expected.\r\nsrc/modules/transfers/transfer.service.ts(172,15): error TS1005: ':' expected.\r\nsrc/modules/transfers/transfer.service.ts(173,13): error TS1005: ',' expected.\r\nsrc/modules/transfers/transfer.service.ts(173,20): error TS1005: ',' expected.\r\nsrc/modules/transfers/transfer.service.ts(173,33): error TS1005: ',' expected.\r\nsrc/modules/transfers/transfer.service.ts(180,3): error TS1128: Declaration or statement expected.\r\nsrc/modules/transfers/transfer.service.ts(180,10): error TS1434: Unexpected keyword or identifier.\r\nsrc/modules/transfers/transfer.service.ts(180,38): error TS1005: ',' expected.\r\nsrc/modules/transfers/transfer.service.ts(180,47): error TS1005: ';' expected.\r\nsrc/modules/transfers/transfer.service.ts(181,11): error TS1005: ':' expected.\r\nsrc/modules/transfers/transfer.service.ts(181,57): error TS1005: ',' expected.\r\nsrc/modules/transfers/transfer.service.ts(183,9): error TS1005: ':' expected.\r\nsrc/modules/transfers/transfer.service.ts(184,14): error TS1005: ':' expected.\r\nsrc/modules/transfers/transfer.service.ts(212,9): error TS1005: ',' expected.\r\nsrc/modules/transfers/transfer.service.ts(213,7): error TS1005: ',' expected.\r\nsrc/modules/transfers/transfer.service.ts(213,15): error TS1005: ':' expected.\r\nsrc/modules/transfers/transfer.service.ts(214,13): error TS1005: ',' expected.\r\nsrc/modules/transfers/transfer.service.ts(214,20): error TS1005: ',' expected.\r\nsrc/modules/transfers/transfer.service.ts(214,33): error TS1005: ',' expected.\r\nsrc/modules/transfers/transfer.service.ts(221,3): error TS1128: Declaration or statement expected.\r\nsrc/modules/transfers/transfer.service.ts(221,10): error TS1434: Unexpected keyword or identifier.\r\nsrc/modules/transfers/transfer.service.ts(221,38): error TS1005: ',' expected.\r\nsrc/modules/transfers/transfer.service.ts(221,54): error TS1005: ',' expected.\r\nsrc/modules/transfers/transfer.service.ts(221,63): error TS1005: ';' expected.\r\nsrc/modules/transfers/transfer.service.ts(221,77): error TS1109: Expression expected.\r\nsrc/modules/transfers/transfer.service.ts(222,11): error TS1005: ':' expected.\r\nsrc/modules/transfers/transfer.service.ts(222,57): error TS1005: ',' expected.\r\nsrc/modules/transfers/transfer.service.ts(224,9): error TS1005: ':' expected.\r\nsrc/modules/transfers/transfer.service.ts(225,13): error TS1005: ',' expected.\r\nsrc/modules/transfers/transfer.service.ts(225,28): error TS1005: ',' expected.\r\nsrc/modules/transfers/transfer.service.ts(290,9): error TS1005: ',' expected.\r\nsrc/modules/transfers/transfer.service.ts(291,7): error TS1005: ',' expected.\r\nsrc/modules/transfers/transfer.service.ts(291,15): error TS1005: ':' expected.\r\nsrc/modules/transfers/transfer.service.ts(292,13): error TS1005: ',' expected.\r\nsrc/modules/transfers/transfer.service.ts(292,20): error TS1005: ',' expected.\r\nsrc/modules/transfers/transfer.service.ts(292,33): error TS1005: ',' expected.\r\nsrc/modules/transfers/transfer.service.ts(299,3): error TS1128: Declaration or statement expected.\r\nsrc/modules/transfers/transfer.service.ts(299,10): error TS1434: Unexpected keyword or identifier.\r\nsrc/modules/transfers/transfer.service.ts(299,38): error TS1005: ',' expected.\r\nsrc/modules/transfers/transfer.service.ts(299,47): error TS1005: ';' expected.\r\nsrc/modules/transfers/transfer.service.ts(300,8): error TS1003: Identifier expected.\r\nsrc/modules/transfers/transfer.service.ts(300,24): error TS1005: '{' expected.\r\nsrc/modules/transfers/transfer.service.ts(300,31): error TS1005: ':' expected.\r\nsrc/modules/transfers/transfer.service.ts(300,35): error TS1005: ',' expected.\r\nsrc/modules/transfers/transfer.service.ts(302,11): error TS1005: ':' expected.\r\nsrc/modules/transfers/transfer.service.ts(302,71): error TS1005: ',' expected.\r\nsrc/modules/transfers/transfer.service.ts(304,8): error TS1003: Identifier expected.\r\nsrc/modules/transfers/transfer.service.ts(304,22): error TS1005: '{' expected.\r\nsrc/modules/transfers/transfer.service.ts(304,29): error TS1005: ':' expected.\r\nsrc/modules/transfers/transfer.service.ts(304,33): error TS1005: ',' expected.\r\nsrc/modules/transfers/transfer.service.ts(306,12): error TS1005: ':' expected.\r\nsrc/modules/transfers/transfer.service.ts(306,23): error TS1005: ',' expected.\r\nsrc/modules/transfers/transfer.service.ts(312,3): error TS1128: Declaration or statement expected.\r\nsrc/modules/transfers/transfer.service.ts(312,10): error TS1434: Unexpected keyword or identifier.\r\nsrc/modules/transfers/transfer.service.ts(313,11): error TS1005: ',' expected.\r\nsrc/modules/transfers/transfer.service.ts(316,4): error TS1005: ';' expected.\r\nsrc/modules/transfers/transfer.service.ts(317,21): error TS1011: An element access expression should take an argument.\r\nsrc/modules/transfers/transfer.service.ts(317,22): error TS1005: ',' expected.\r\nsrc/modules/transfers/transfer.service.ts(318,18): error TS1005: ',' expected.\r\nsrc/modules/transfers/transfer.service.ts(319,17): error TS1005: ',' expected.\r\nsrc/modules/transfers/transfer.service.ts(320,18): error TS1005: ',' expected.\r\nsrc/modules/transfers/transfer.service.ts(322,11): error TS1005: ':' expected.\r\nsrc/modules/transfers/transfer.service.ts(322,36): error TS1005: ',' expected.\r\nsrc/modules/transfers/transfer.service.ts(325,11): error TS1005: ':' expected.\r\nsrc/modules/transfers/transfer.service.ts(331,7): error TS1005: ',' expected.\r\nsrc/modules/transfers/transfer.service.ts(333,12): error TS1005: ':' expected.\r\nsrc/modules/transfers/transfer.service.ts(338,6): error TS1005: ',' expected.\r\nsrc/modules/transfers/transfer.service.ts(344,3): error TS1128: Declaration or statement expected.\r\nsrc/modules/transfers/transfer.service.ts(344,10): error TS1434: Unexpected keyword or identifier.\r\nsrc/modules/transfers/transfer.service.ts(344,33): error TS1005: ',' expected.\r\nsrc/modules/transfers/transfer.service.ts(345,27): error TS1005: ',' expected.\r\nsrc/modules/transfers/transfer.service.ts(346,19): error TS1005: ',' expected.\r\nsrc/modules/transfers/transfer.service.ts(347,36): error TS1005: ',' expected.\r\nsrc/modules/transfers/transfer.service.ts(348,38): error TS1005: ',' expected.\r\nsrc/modules/transfers/transfer.service.ts(349,28): error TS1005: ',' expected.\r\nsrc/modules/transfers/transfer.service.ts(350,33): error TS1005: ',' expected.\r\nsrc/modules/transfers/transfer.service.ts(351,22): error TS1005: ',' expected.\r\nsrc/modules/transfers/transfer.service.ts(352,23): error TS1005: ',' expected.\r\nsrc/modules/transfers/transfer.service.ts(353,6): error TS1005: ';' expected.\r\nsrc/modules/transfers/transfer.service.ts(398,1): error TS1128: Declaration or statement expected.\r\n\n    at Object.<anonymous> (C:\\Users\\ikchr\\Documents\\prime-loan-backend\\src\\modules\\transfers\\transfer.service.ts:1:7)\n    at Module.<anonymous> (node:internal/modules/cjs/loader:1688:14)\n    at Module._compile (C:\\Users\\ikchr\\Documents\\prime-loan-backend\\node_modules\\source-map-support\\source-map-support.js:568:25)\n    at Module.m._compile (C:\\Users\\ikchr\\AppData\\Local\\Temp\\ts-node-dev-hook-8400002683230616.js:69:33)\n    at node:internal/modules/cjs/loader:1820:10\n    at require.extensions..jsx.require.extensions..js (C:\\Users\\ikchr\\AppData\\Local\\Temp\\ts-node-dev-hook-8400002683230616.js:114:20)\n    at require.extensions.<computed> (C:\\Users\\ikchr\\AppData\\Local\\Temp\\ts-node-dev-hook-8400002683230616.js:71:20)\n    at Object.nodeDevHook [as .ts] (C:\\Users\\ikchr\\Documents\\prime-loan-backend\\node_modules\\ts-node-dev\\lib\\hook.js:63:13)\n    at Module.load (node:internal/modules/cjs/loader:1423:32)\n    at Function._load (node:internal/modules/cjs/loader:1246:12)","os":{"loadavg":[0,0,0],"uptime":158642.656},"process":{"argv":["C:\\Program Files\\nodejs\\node.exe","src/server.ts"],"cwd":"C:\\Users\\ikchr\\Documents\\prime-loan-backend","execPath":"C:\\Program Files\\nodejs\\node.exe","gid":null,"memoryUsage":{"arrayBuffers":18487094,"external":21832441,"heapTotal":69701632,"heapUsed":39513184,"rss":122183680},"pid":7760,"uid":null,"version":"v22.18.0"},"stack":"Error: ⨯ Unable to compile TypeScript:\nsrc/modules/transfers/transfer.service.ts(92,9): error TS1005: ',' expected.\r\nsrc/modules/transfers/transfer.service.ts(104,8): error TS1472: 'catch' or 'finally' expected.\r\nsrc/modules/transfers/transfer.service.ts(105,7): error TS1068: Unexpected token. A constructor, method, accessor, or property was expected.\r\nsrc/modules/transfers/transfer.service.ts(108,3): error TS1128: Declaration or statement expected.\r\nsrc/modules/transfers/transfer.service.ts(113,3): error TS1128: Declaration or statement expected.\r\nsrc/modules/transfers/transfer.service.ts(113,10): error TS1434: Unexpected keyword or identifier.\r\nsrc/modules/transfers/transfer.service.ts(113,42): error TS1005: ',' expected.\r\nsrc/modules/transfers/transfer.service.ts(113,56): error TS1005: ',' expected.\r\nsrc/modules/transfers/transfer.service.ts(113,170): error TS1005: ',' expected.\r\nsrc/modules/transfers/transfer.service.ts(113,183): error TS1005: ';' expected.\r\nsrc/modules/transfers/transfer.service.ts(114,11): error TS1005: ':' expected.\r\nsrc/modules/transfers/transfer.service.ts(114,57): error TS1005: ',' expected.\r\nsrc/modules/transfers/transfer.service.ts(116,9): error TS1005: ':' expected.\r\nsrc/modules/transfers/transfer.service.ts(117,14): error TS1005: ':' expected.\r\nsrc/modules/transfers/transfer.service.ts(171,9): error TS1005: ',' expected.\r\nsrc/modules/transfers/transfer.service.ts(172,7): error TS1005: ',' expected.\r\nsrc/modules/transfers/transfer.service.ts(172,15): error TS1005: ':' expected.\r\nsrc/modules/transfers/transfer.service.ts(173,13): error TS1005: ',' expected.\r\nsrc/modules/transfers/transfer.service.ts(173,20): error TS1005: ',' expected.\r\nsrc/modules/transfers/transfer.service.ts(173,33): error TS1005: ',' expected.\r\nsrc/modules/transfers/transfer.service.ts(180,3): error TS1128: Declaration or statement expected.\r\nsrc/modules/transfers/transfer.service.ts(180,10): error TS1434: Unexpected keyword or identifier.\r\nsrc/modules/transfers/transfer.service.ts(180,38): error TS1005: ',' expected.\r\nsrc/modules/transfers/transfer.service.ts(180,47): error TS1005: ';' expected.\r\nsrc/modules/transfers/transfer.service.ts(181,11): error TS1005: ':' expected.\r\nsrc/modules/transfers/transfer.service.ts(181,57): error TS1005: ',' expected.\r\nsrc/modules/transfers/transfer.service.ts(183,9): error TS1005: ':' expected.\r\nsrc/modules/transfers/transfer.service.ts(184,14): error TS1005: ':' expected.\r\nsrc/modules/transfers/transfer.service.ts(212,9): error TS1005: ',' expected.\r\nsrc/modules/transfers/transfer.service.ts(213,7): error TS1005: ',' expected.\r\nsrc/modules/transfers/transfer.service.ts(213,15): error TS1005: ':' expected.\r\nsrc/modules/transfers/transfer.service.ts(214,13): error TS1005: ',' expected.\r\nsrc/modules/transfers/transfer.service.ts(214,20): error TS1005: ',' expected.\r\nsrc/modules/transfers/transfer.service.ts(214,33): error TS1005: ',' expected.\r\nsrc/modules/transfers/transfer.service.ts(221,3): error TS1128: Declaration or statement expected.\r\nsrc/modules/transfers/transfer.service.ts(221,10): error TS1434: Unexpected keyword or identifier.\r\nsrc/modules/transfers/transfer.service.ts(221,38): error TS1005: ',' expected.\r\nsrc/modules/transfers/transfer.service.ts(221,54): error TS1005: ',' expected.\r\nsrc/modules/transfers/transfer.service.ts(221,63): error TS1005: ';' expected.\r\nsrc/modules/transfers/transfer.service.ts(221,77): error TS1109: Expression expected.\r\nsrc/modules/transfers/transfer.service.ts(222,11): error TS1005: ':' expected.\r\nsrc/modules/transfers/transfer.service.ts(222,57): error TS1005: ',' expected.\r\nsrc/modules/transfers/transfer.service.ts(224,9): error TS1005: ':' expected.\r\nsrc/modules/transfers/transfer.service.ts(225,13): error TS1005: ',' expected.\r\nsrc/modules/transfers/transfer.service.ts(225,28): error TS1005: ',' expected.\r\nsrc/modules/transfers/transfer.service.ts(290,9): error TS1005: ',' expected.\r\nsrc/modules/transfers/transfer.service.ts(291,7): error TS1005: ',' expected.\r\nsrc/modules/transfers/transfer.service.ts(291,15): error TS1005: ':' expected.\r\nsrc/modules/transfers/transfer.service.ts(292,13): error TS1005: ',' expected.\r\nsrc/modules/transfers/transfer.service.ts(292,20): error TS1005: ',' expected.\r\nsrc/modules/transfers/transfer.service.ts(292,33): error TS1005: ',' expected.\r\nsrc/modules/transfers/transfer.service.ts(299,3): error TS1128: Declaration or statement expected.\r\nsrc/modules/transfers/transfer.service.ts(299,10): error TS1434: Unexpected keyword or identifier.\r\nsrc/modules/transfers/transfer.service.ts(299,38): error TS1005: ',' expected.\r\nsrc/modules/transfers/transfer.service.ts(299,47): error TS1005: ';' expected.\r\nsrc/modules/transfers/transfer.service.ts(300,8): error TS1003: Identifier expected.\r\nsrc/modules/transfers/transfer.service.ts(300,24): error TS1005: '{' expected.\r\nsrc/modules/transfers/transfer.service.ts(300,31): error TS1005: ':' expected.\r\nsrc/modules/transfers/transfer.service.ts(300,35): error TS1005: ',' expected.\r\nsrc/modules/transfers/transfer.service.ts(302,11): error TS1005: ':' expected.\r\nsrc/modules/transfers/transfer.service.ts(302,71): error TS1005: ',' expected.\r\nsrc/modules/transfers/transfer.service.ts(304,8): error TS1003: Identifier expected.\r\nsrc/modules/transfers/transfer.service.ts(304,22): error TS1005: '{' expected.\r\nsrc/modules/transfers/transfer.service.ts(304,29): error TS1005: ':' expected.\r\nsrc/modules/transfers/transfer.service.ts(304,33): error TS1005: ',' expected.\r\nsrc/modules/transfers/transfer.service.ts(306,12): error TS1005: ':' expected.\r\nsrc/modules/transfers/transfer.service.ts(306,23): error TS1005: ',' expected.\r\nsrc/modules/transfers/transfer.service.ts(312,3): error TS1128: Declaration or statement expected.\r\nsrc/modules/transfers/transfer.service.ts(312,10): error TS1434: Unexpected keyword or identifier.\r\nsrc/modules/transfers/transfer.service.ts(313,11): error TS1005: ',' expected.\r\nsrc/modules/transfers/transfer.service.ts(316,4): error TS1005: ';' expected.\r\nsrc/modules/transfers/transfer.service.ts(317,21): error TS1011: An element access expression should take an argument.\r\nsrc/modules/transfers/transfer.service.ts(317,22): error TS1005: ',' expected.\r\nsrc/modules/transfers/transfer.service.ts(318,18): error TS1005: ',' expected.\r\nsrc/modules/transfers/transfer.service.ts(319,17): error TS1005: ',' expected.\r\nsrc/modules/transfers/transfer.service.ts(320,18): error TS1005: ',' expected.\r\nsrc/modules/transfers/transfer.service.ts(322,11): error TS1005: ':' expected.\r\nsrc/modules/transfers/transfer.service.ts(322,36): error TS1005: ',' expected.\r\nsrc/modules/transfers/transfer.service.ts(325,11): error TS1005: ':' expected.\r\nsrc/modules/transfers/transfer.service.ts(331,7): error TS1005: ',' expected.\r\nsrc/modules/transfers/transfer.service.ts(333,12): error TS1005: ':' expected.\r\nsrc/modules/transfers/transfer.service.ts(338,6): error TS1005: ',' expected.\r\nsrc/modules/transfers/transfer.service.ts(344,3): error TS1128: Declaration or statement expected.\r\nsrc/modules/transfers/transfer.service.ts(344,10): error TS1434: Unexpected keyword or identifier.\r\nsrc/modules/transfers/transfer.service.ts(344,33): error TS1005: ',' expected.\r\nsrc/modules/transfers/transfer.service.ts(345,27): error TS1005: ',' expected.\r\nsrc/modules/transfers/transfer.service.ts(346,19): error TS1005: ',' expected.\r\nsrc/modules/transfers/transfer.service.ts(347,36): error TS1005: ',' expected.\r\nsrc/modules/transfers/transfer.service.ts(348,38): error TS1005: ',' expected.\r\nsrc/modules/transfers/transfer.service.ts(349,28): error TS1005: ',' expected.\r\nsrc/modules/transfers/transfer.service.ts(350,33): error TS1005: ',' expected.\r\nsrc/modules/transfers/transfer.service.ts(351,22): error TS1005: ',' expected.\r\nsrc/modules/transfers/transfer.service.ts(352,23): error TS1005: ',' expected.\r\nsrc/modules/transfers/transfer.service.ts(353,6): error TS1005: ';' expected.\r\nsrc/modules/transfers/transfer.service.ts(398,1): error TS1128: Declaration or statement expected.\r\n\n    at Object.<anonymous> (C:\\Users\\ikchr\\Documents\\prime-loan-backend\\src\\modules\\transfers\\transfer.service.ts:1:7)\n    at Module.<anonymous> (node:internal/modules/cjs/loader:1688:14)\n    at Module._compile (C:\\Users\\ikchr\\Documents\\prime-loan-backend\\node_modules\\source-map-support\\source-map-support.js:568:25)\n    at Module.m._compile (C:\\Users\\ikchr\\AppData\\Local\\Temp\\ts-node-dev-hook-8400002683230616.js:69:33)\n    at node:internal/modules/cjs/loader:1820:10\n    at require.extensions..jsx.require.extensions..js (C:\\Users\\ikchr\\AppData\\Local\\Temp\\ts-node-dev-hook-8400002683230616.js:114:20)\n    at require.extensions.<computed> (C:\\Users\\ikchr\\AppData\\Local\\Temp\\ts-node-dev-hook-8400002683230616.js:71:20)\n    at Object.nodeDevHook [as .ts] (C:\\Users\\ikchr\\Documents\\prime-loan-backend\\node_modules\\ts-node-dev\\lib\\hook.js:63:13)\n    at Module.load (node:internal/modules/cjs/loader:1423:32)\n    at Function._load (node:internal/modules/cjs/loader:1246:12)","trace":[{"column":7,"file":"C:\\Users\\ikchr\\Documents\\prime-loan-backend\\src\\modules\\transfers\\transfer.service.ts","function":null,"line":1,"method":null,"native":false},{"column":14,"file":"node:internal/modules/cjs/loader","function":null,"line":1688,"method":null,"native":false},{"column":25,"file":"C:\\Users\\ikchr\\Documents\\prime-loan-backend\\node_modules\\source-map-support\\source-map-support.js","function":"Module._compile","line":568,"method":"_compile","native":false},{"column":33,"file":"C:\\Users\\ikchr\\AppData\\Local\\Temp\\ts-node-dev-hook-8400002683230616.js","function":"Module.m._compile","line":69,"method":"_compile","native":false},{"column":10,"file":"node:internal/modules/cjs/loader","function":null,"line":1820,"method":null,"native":false},{"column":20,"file":"C:\\Users\\ikchr\\AppData\\Local\\Temp\\ts-node-dev-hook-8400002683230616.js","function":"require.extensions..jsx.require.extensions..js","line":114,"method":".js","native":false},{"column":20,"file":"C:\\Users\\ikchr\\AppData\\Local\\Temp\\ts-node-dev-hook-8400002683230616.js","function":"require.extensions.<computed>","line":71,"method":"<computed>","native":false},{"column":13,"file":"C:\\Users\\ikchr\\Documents\\prime-loan-backend\\node_modules\\ts-node-dev\\lib\\hook.js","function":"Object.nodeDevHook [as .ts]","line":63,"method":"ts]","native":false},{"column":32,"file":"node:internal/modules/cjs/loader","function":"Module.load","line":1423,"method":"load","native":false},{"column":12,"file":"node:internal/modules/cjs/loader","function":"Function._load","line":1246,"method":"_load","native":false}]}
