{"date":"Thu Sep 18 2025 00:27:37 GMT+0100 (West Africa Standard Time)","error":{},"exception":true,"level":"error","message":"uncaughtException: ⨯ Unable to compile TypeScript:\nsrc/modules/admin/admin.service.ts(436,12): error TS1005: ',' expected.\r\nsrc/modules/admin/admin.service.ts(436,14): error TS1136: Property assignment expected.\r\nsrc/modules/admin/admin.service.ts(443,3): error TS1434: Unexpected keyword or identifier.\r\nsrc/modules/admin/admin.service.ts(443,31): error TS1005: ',' expected.\r\nsrc/modules/admin/admin.service.ts(443,40): error TS1011: An element access expression should take an argument.\r\nsrc/modules/admin/admin.service.ts(443,49): error TS1005: ',' expected.\r\nsrc/modules/admin/admin.service.ts(443,80): error TS1005: ',' expected.\r\nsrc/modules/admin/admin.service.ts(443,97): error TS1109: Expression expected.\r\nsrc/modules/admin/admin.service.ts(443,107): error TS1005: ';' expected.\r\nsrc/modules/admin/admin.service.ts(473,3): error TS1434: Unexpected keyword or identifier.\r\nsrc/modules/admin/admin.service.ts(473,41): error TS1005: ',' expected.\r\nsrc/modules/admin/admin.service.ts(473,56): error TS1005: ',' expected.\r\nsrc/modules/admin/admin.service.ts(473,64): error TS1005: ';' expected.\r\nsrc/modules/admin/admin.service.ts(527,3): error TS1434: Unexpected keyword or identifier.\r\nsrc/modules/admin/admin.service.ts(527,39): error TS1005: ',' expected.\r\nsrc/modules/admin/admin.service.ts(527,60): error TS1005: ',' expected.\r\nsrc/modules/admin/admin.service.ts(527,78): error TS1011: An element access expression should take an argument.\r\nsrc/modules/admin/admin.service.ts(527,81): error TS1005: ';' expected.\r\nsrc/modules/admin/admin.service.ts(546,3): error TS1434: Unexpected keyword or identifier.\r\nsrc/modules/admin/admin.service.ts(546,38): error TS1109: Expression expected.\r\nsrc/modules/admin/admin.service.ts(546,70): error TS1005: ';' expected.\r\nsrc/modules/admin/admin.service.ts(560,3): error TS1434: Unexpected keyword or identifier.\r\nsrc/modules/admin/admin.service.ts(561,12): error TS1005: ',' expected.\r\nsrc/modules/admin/admin.service.ts(564,12): error TS1109: Expression expected.\r\nsrc/modules/admin/admin.service.ts(565,12): error TS1109: Expression expected.\r\nsrc/modules/admin/admin.service.ts(566,5): error TS1005: ';' expected.\r\nsrc/modules/admin/admin.service.ts(601,1): error TS1128: Declaration or statement expected.\r\n\nError: ⨯ Unable to compile TypeScript:\nsrc/modules/admin/admin.service.ts(436,12): error TS1005: ',' expected.\r\nsrc/modules/admin/admin.service.ts(436,14): error TS1136: Property assignment expected.\r\nsrc/modules/admin/admin.service.ts(443,3): error TS1434: Unexpected keyword or identifier.\r\nsrc/modules/admin/admin.service.ts(443,31): error TS1005: ',' expected.\r\nsrc/modules/admin/admin.service.ts(443,40): error TS1011: An element access expression should take an argument.\r\nsrc/modules/admin/admin.service.ts(443,49): error TS1005: ',' expected.\r\nsrc/modules/admin/admin.service.ts(443,80): error TS1005: ',' expected.\r\nsrc/modules/admin/admin.service.ts(443,97): error TS1109: Expression expected.\r\nsrc/modules/admin/admin.service.ts(443,107): error TS1005: ';' expected.\r\nsrc/modules/admin/admin.service.ts(473,3): error TS1434: Unexpected keyword or identifier.\r\nsrc/modules/admin/admin.service.ts(473,41): error TS1005: ',' expected.\r\nsrc/modules/admin/admin.service.ts(473,56): error TS1005: ',' expected.\r\nsrc/modules/admin/admin.service.ts(473,64): error TS1005: ';' expected.\r\nsrc/modules/admin/admin.service.ts(527,3): error TS1434: Unexpected keyword or identifier.\r\nsrc/modules/admin/admin.service.ts(527,39): error TS1005: ',' expected.\r\nsrc/modules/admin/admin.service.ts(527,60): error TS1005: ',' expected.\r\nsrc/modules/admin/admin.service.ts(527,78): error TS1011: An element access expression should take an argument.\r\nsrc/modules/admin/admin.service.ts(527,81): error TS1005: ';' expected.\r\nsrc/modules/admin/admin.service.ts(546,3): error TS1434: Unexpected keyword or identifier.\r\nsrc/modules/admin/admin.service.ts(546,38): error TS1109: Expression expected.\r\nsrc/modules/admin/admin.service.ts(546,70): error TS1005: ';' expected.\r\nsrc/modules/admin/admin.service.ts(560,3): error TS1434: Unexpected keyword or identifier.\r\nsrc/modules/admin/admin.service.ts(561,12): error TS1005: ',' expected.\r\nsrc/modules/admin/admin.service.ts(564,12): error TS1109: Expression expected.\r\nsrc/modules/admin/admin.service.ts(565,12): error TS1109: Expression expected.\r\nsrc/modules/admin/admin.service.ts(566,5): error TS1005: ';' expected.\r\nsrc/modules/admin/admin.service.ts(601,1): error TS1128: Declaration or statement expected.\r\n\n    at Object.<anonymous> (C:\\Users\\ikchr\\Documents\\prime-loan-backend\\src\\modules\\admin\\admin.service.ts:1:7)\n    at Module.<anonymous> (node:internal/modules/cjs/loader:1688:14)\n    at Module._compile (C:\\Users\\ikchr\\Documents\\prime-loan-backend\\node_modules\\source-map-support\\source-map-support.js:568:25)\n    at Module.m._compile (C:\\Users\\ikchr\\AppData\\Local\\Temp\\ts-node-dev-hook-8015691156769749.js:69:33)\n    at node:internal/modules/cjs/loader:1820:10\n    at require.extensions..jsx.require.extensions..js (C:\\Users\\ikchr\\AppData\\Local\\Temp\\ts-node-dev-hook-8015691156769749.js:114:20)\n    at require.extensions.<computed> (C:\\Users\\ikchr\\AppData\\Local\\Temp\\ts-node-dev-hook-8015691156769749.js:71:20)\n    at Object.nodeDevHook [as .ts] (C:\\Users\\ikchr\\Documents\\prime-loan-backend\\node_modules\\ts-node-dev\\lib\\hook.js:63:13)\n    at Module.load (node:internal/modules/cjs/loader:1423:32)\n    at Function._load (node:internal/modules/cjs/loader:1246:12)","os":{"loadavg":[0,0,0],"uptime":22940.187},"process":{"argv":["C:\\Program Files\\nodejs\\node.exe","src/server.ts"],"cwd":"C:\\Users\\ikchr\\Documents\\prime-loan-backend","execPath":"C:\\Program Files\\nodejs\\node.exe","gid":null,"memoryUsage":{"arrayBuffers":18501123,"external":21832689,"heapTotal":75206656,"heapUsed":51860592,"rss":129871872},"pid":16340,"uid":null,"version":"v22.18.0"},"stack":"Error: ⨯ Unable to compile TypeScript:\nsrc/modules/admin/admin.service.ts(436,12): error TS1005: ',' expected.\r\nsrc/modules/admin/admin.service.ts(436,14): error TS1136: Property assignment expected.\r\nsrc/modules/admin/admin.service.ts(443,3): error TS1434: Unexpected keyword or identifier.\r\nsrc/modules/admin/admin.service.ts(443,31): error TS1005: ',' expected.\r\nsrc/modules/admin/admin.service.ts(443,40): error TS1011: An element access expression should take an argument.\r\nsrc/modules/admin/admin.service.ts(443,49): error TS1005: ',' expected.\r\nsrc/modules/admin/admin.service.ts(443,80): error TS1005: ',' expected.\r\nsrc/modules/admin/admin.service.ts(443,97): error TS1109: Expression expected.\r\nsrc/modules/admin/admin.service.ts(443,107): error TS1005: ';' expected.\r\nsrc/modules/admin/admin.service.ts(473,3): error TS1434: Unexpected keyword or identifier.\r\nsrc/modules/admin/admin.service.ts(473,41): error TS1005: ',' expected.\r\nsrc/modules/admin/admin.service.ts(473,56): error TS1005: ',' expected.\r\nsrc/modules/admin/admin.service.ts(473,64): error TS1005: ';' expected.\r\nsrc/modules/admin/admin.service.ts(527,3): error TS1434: Unexpected keyword or identifier.\r\nsrc/modules/admin/admin.service.ts(527,39): error TS1005: ',' expected.\r\nsrc/modules/admin/admin.service.ts(527,60): error TS1005: ',' expected.\r\nsrc/modules/admin/admin.service.ts(527,78): error TS1011: An element access expression should take an argument.\r\nsrc/modules/admin/admin.service.ts(527,81): error TS1005: ';' expected.\r\nsrc/modules/admin/admin.service.ts(546,3): error TS1434: Unexpected keyword or identifier.\r\nsrc/modules/admin/admin.service.ts(546,38): error TS1109: Expression expected.\r\nsrc/modules/admin/admin.service.ts(546,70): error TS1005: ';' expected.\r\nsrc/modules/admin/admin.service.ts(560,3): error TS1434: Unexpected keyword or identifier.\r\nsrc/modules/admin/admin.service.ts(561,12): error TS1005: ',' expected.\r\nsrc/modules/admin/admin.service.ts(564,12): error TS1109: Expression expected.\r\nsrc/modules/admin/admin.service.ts(565,12): error TS1109: Expression expected.\r\nsrc/modules/admin/admin.service.ts(566,5): error TS1005: ';' expected.\r\nsrc/modules/admin/admin.service.ts(601,1): error TS1128: Declaration or statement expected.\r\n\n    at Object.<anonymous> (C:\\Users\\ikchr\\Documents\\prime-loan-backend\\src\\modules\\admin\\admin.service.ts:1:7)\n    at Module.<anonymous> (node:internal/modules/cjs/loader:1688:14)\n    at Module._compile (C:\\Users\\ikchr\\Documents\\prime-loan-backend\\node_modules\\source-map-support\\source-map-support.js:568:25)\n    at Module.m._compile (C:\\Users\\ikchr\\AppData\\Local\\Temp\\ts-node-dev-hook-8015691156769749.js:69:33)\n    at node:internal/modules/cjs/loader:1820:10\n    at require.extensions..jsx.require.extensions..js (C:\\Users\\ikchr\\AppData\\Local\\Temp\\ts-node-dev-hook-8015691156769749.js:114:20)\n    at require.extensions.<computed> (C:\\Users\\ikchr\\AppData\\Local\\Temp\\ts-node-dev-hook-8015691156769749.js:71:20)\n    at Object.nodeDevHook [as .ts] (C:\\Users\\ikchr\\Documents\\prime-loan-backend\\node_modules\\ts-node-dev\\lib\\hook.js:63:13)\n    at Module.load (node:internal/modules/cjs/loader:1423:32)\n    at Function._load (node:internal/modules/cjs/loader:1246:12)","timestamp":"2025-09-17T23:27:37.214Z","trace":[{"column":7,"file":"C:\\Users\\ikchr\\Documents\\prime-loan-backend\\src\\modules\\admin\\admin.service.ts","function":null,"line":1,"method":null,"native":false},{"column":14,"file":"node:internal/modules/cjs/loader","function":null,"line":1688,"method":null,"native":false},{"column":25,"file":"C:\\Users\\ikchr\\Documents\\prime-loan-backend\\node_modules\\source-map-support\\source-map-support.js","function":"Module._compile","line":568,"method":"_compile","native":false},{"column":33,"file":"C:\\Users\\ikchr\\AppData\\Local\\Temp\\ts-node-dev-hook-8015691156769749.js","function":"Module.m._compile","line":69,"method":"_compile","native":false},{"column":10,"file":"node:internal/modules/cjs/loader","function":null,"line":1820,"method":null,"native":false},{"column":20,"file":"C:\\Users\\ikchr\\AppData\\Local\\Temp\\ts-node-dev-hook-8015691156769749.js","function":"require.extensions..jsx.require.extensions..js","line":114,"method":".js","native":false},{"column":20,"file":"C:\\Users\\ikchr\\AppData\\Local\\Temp\\ts-node-dev-hook-8015691156769749.js","function":"require.extensions.<computed>","line":71,"method":"<computed>","native":false},{"column":13,"file":"C:\\Users\\ikchr\\Documents\\prime-loan-backend\\node_modules\\ts-node-dev\\lib\\hook.js","function":"Object.nodeDevHook [as .ts]","line":63,"method":"ts]","native":false},{"column":32,"file":"node:internal/modules/cjs/loader","function":"Module.load","line":1423,"method":"load","native":false},{"column":12,"file":"node:internal/modules/cjs/loader","function":"Function._load","line":1246,"method":"_load","native":false}]}
{"date":"Thu Sep 18 2025 00:27:37 GMT+0100 (West Africa Standard Time)","error":{},"exception":true,"level":"error","message":"uncaughtException: ⨯ Unable to compile TypeScript:\nsrc/modules/admin/admin.service.ts(436,12): error TS1005: ',' expected.\r\nsrc/modules/admin/admin.service.ts(436,14): error TS1136: Property assignment expected.\r\nsrc/modules/admin/admin.service.ts(443,3): error TS1434: Unexpected keyword or identifier.\r\nsrc/modules/admin/admin.service.ts(443,31): error TS1005: ',' expected.\r\nsrc/modules/admin/admin.service.ts(443,40): error TS1011: An element access expression should take an argument.\r\nsrc/modules/admin/admin.service.ts(443,49): error TS1005: ',' expected.\r\nsrc/modules/admin/admin.service.ts(443,80): error TS1005: ',' expected.\r\nsrc/modules/admin/admin.service.ts(443,97): error TS1109: Expression expected.\r\nsrc/modules/admin/admin.service.ts(443,107): error TS1005: ';' expected.\r\nsrc/modules/admin/admin.service.ts(473,3): error TS1434: Unexpected keyword or identifier.\r\nsrc/modules/admin/admin.service.ts(473,41): error TS1005: ',' expected.\r\nsrc/modules/admin/admin.service.ts(473,56): error TS1005: ',' expected.\r\nsrc/modules/admin/admin.service.ts(473,64): error TS1005: ';' expected.\r\nsrc/modules/admin/admin.service.ts(527,3): error TS1434: Unexpected keyword or identifier.\r\nsrc/modules/admin/admin.service.ts(527,39): error TS1005: ',' expected.\r\nsrc/modules/admin/admin.service.ts(527,60): error TS1005: ',' expected.\r\nsrc/modules/admin/admin.service.ts(527,78): error TS1011: An element access expression should take an argument.\r\nsrc/modules/admin/admin.service.ts(527,81): error TS1005: ';' expected.\r\nsrc/modules/admin/admin.service.ts(546,3): error TS1434: Unexpected keyword or identifier.\r\nsrc/modules/admin/admin.service.ts(546,38): error TS1109: Expression expected.\r\nsrc/modules/admin/admin.service.ts(546,70): error TS1005: ';' expected.\r\nsrc/modules/admin/admin.service.ts(560,3): error TS1434: Unexpected keyword or identifier.\r\nsrc/modules/admin/admin.service.ts(561,12): error TS1005: ',' expected.\r\nsrc/modules/admin/admin.service.ts(564,12): error TS1109: Expression expected.\r\nsrc/modules/admin/admin.service.ts(565,12): error TS1109: Expression expected.\r\nsrc/modules/admin/admin.service.ts(566,5): error TS1005: ';' expected.\r\nsrc/modules/admin/admin.service.ts(601,1): error TS1128: Declaration or statement expected.\r\n\nError: ⨯ Unable to compile TypeScript:\nsrc/modules/admin/admin.service.ts(436,12): error TS1005: ',' expected.\r\nsrc/modules/admin/admin.service.ts(436,14): error TS1136: Property assignment expected.\r\nsrc/modules/admin/admin.service.ts(443,3): error TS1434: Unexpected keyword or identifier.\r\nsrc/modules/admin/admin.service.ts(443,31): error TS1005: ',' expected.\r\nsrc/modules/admin/admin.service.ts(443,40): error TS1011: An element access expression should take an argument.\r\nsrc/modules/admin/admin.service.ts(443,49): error TS1005: ',' expected.\r\nsrc/modules/admin/admin.service.ts(443,80): error TS1005: ',' expected.\r\nsrc/modules/admin/admin.service.ts(443,97): error TS1109: Expression expected.\r\nsrc/modules/admin/admin.service.ts(443,107): error TS1005: ';' expected.\r\nsrc/modules/admin/admin.service.ts(473,3): error TS1434: Unexpected keyword or identifier.\r\nsrc/modules/admin/admin.service.ts(473,41): error TS1005: ',' expected.\r\nsrc/modules/admin/admin.service.ts(473,56): error TS1005: ',' expected.\r\nsrc/modules/admin/admin.service.ts(473,64): error TS1005: ';' expected.\r\nsrc/modules/admin/admin.service.ts(527,3): error TS1434: Unexpected keyword or identifier.\r\nsrc/modules/admin/admin.service.ts(527,39): error TS1005: ',' expected.\r\nsrc/modules/admin/admin.service.ts(527,60): error TS1005: ',' expected.\r\nsrc/modules/admin/admin.service.ts(527,78): error TS1011: An element access expression should take an argument.\r\nsrc/modules/admin/admin.service.ts(527,81): error TS1005: ';' expected.\r\nsrc/modules/admin/admin.service.ts(546,3): error TS1434: Unexpected keyword or identifier.\r\nsrc/modules/admin/admin.service.ts(546,38): error TS1109: Expression expected.\r\nsrc/modules/admin/admin.service.ts(546,70): error TS1005: ';' expected.\r\nsrc/modules/admin/admin.service.ts(560,3): error TS1434: Unexpected keyword or identifier.\r\nsrc/modules/admin/admin.service.ts(561,12): error TS1005: ',' expected.\r\nsrc/modules/admin/admin.service.ts(564,12): error TS1109: Expression expected.\r\nsrc/modules/admin/admin.service.ts(565,12): error TS1109: Expression expected.\r\nsrc/modules/admin/admin.service.ts(566,5): error TS1005: ';' expected.\r\nsrc/modules/admin/admin.service.ts(601,1): error TS1128: Declaration or statement expected.\r\n\n    at Object.<anonymous> (C:\\Users\\ikchr\\Documents\\prime-loan-backend\\src\\modules\\admin\\admin.service.ts:1:7)\n    at Module.<anonymous> (node:internal/modules/cjs/loader:1688:14)\n    at Module._compile (C:\\Users\\ikchr\\Documents\\prime-loan-backend\\node_modules\\source-map-support\\source-map-support.js:568:25)\n    at Module.m._compile (C:\\Users\\ikchr\\AppData\\Local\\Temp\\ts-node-dev-hook-8015691156769749.js:69:33)\n    at node:internal/modules/cjs/loader:1820:10\n    at require.extensions..jsx.require.extensions..js (C:\\Users\\ikchr\\AppData\\Local\\Temp\\ts-node-dev-hook-8015691156769749.js:114:20)\n    at require.extensions.<computed> (C:\\Users\\ikchr\\AppData\\Local\\Temp\\ts-node-dev-hook-8015691156769749.js:71:20)\n    at Object.nodeDevHook [as .ts] (C:\\Users\\ikchr\\Documents\\prime-loan-backend\\node_modules\\ts-node-dev\\lib\\hook.js:63:13)\n    at Module.load (node:internal/modules/cjs/loader:1423:32)\n    at Function._load (node:internal/modules/cjs/loader:1246:12)","os":{"loadavg":[0,0,0],"uptime":22940.187},"process":{"argv":["C:\\Program Files\\nodejs\\node.exe","src/server.ts"],"cwd":"C:\\Users\\ikchr\\Documents\\prime-loan-backend","execPath":"C:\\Program Files\\nodejs\\node.exe","gid":null,"memoryUsage":{"arrayBuffers":18501123,"external":21832689,"heapTotal":75206656,"heapUsed":51860592,"rss":129871872},"pid":16340,"uid":null,"version":"v22.18.0"},"stack":"Error: ⨯ Unable to compile TypeScript:\nsrc/modules/admin/admin.service.ts(436,12): error TS1005: ',' expected.\r\nsrc/modules/admin/admin.service.ts(436,14): error TS1136: Property assignment expected.\r\nsrc/modules/admin/admin.service.ts(443,3): error TS1434: Unexpected keyword or identifier.\r\nsrc/modules/admin/admin.service.ts(443,31): error TS1005: ',' expected.\r\nsrc/modules/admin/admin.service.ts(443,40): error TS1011: An element access expression should take an argument.\r\nsrc/modules/admin/admin.service.ts(443,49): error TS1005: ',' expected.\r\nsrc/modules/admin/admin.service.ts(443,80): error TS1005: ',' expected.\r\nsrc/modules/admin/admin.service.ts(443,97): error TS1109: Expression expected.\r\nsrc/modules/admin/admin.service.ts(443,107): error TS1005: ';' expected.\r\nsrc/modules/admin/admin.service.ts(473,3): error TS1434: Unexpected keyword or identifier.\r\nsrc/modules/admin/admin.service.ts(473,41): error TS1005: ',' expected.\r\nsrc/modules/admin/admin.service.ts(473,56): error TS1005: ',' expected.\r\nsrc/modules/admin/admin.service.ts(473,64): error TS1005: ';' expected.\r\nsrc/modules/admin/admin.service.ts(527,3): error TS1434: Unexpected keyword or identifier.\r\nsrc/modules/admin/admin.service.ts(527,39): error TS1005: ',' expected.\r\nsrc/modules/admin/admin.service.ts(527,60): error TS1005: ',' expected.\r\nsrc/modules/admin/admin.service.ts(527,78): error TS1011: An element access expression should take an argument.\r\nsrc/modules/admin/admin.service.ts(527,81): error TS1005: ';' expected.\r\nsrc/modules/admin/admin.service.ts(546,3): error TS1434: Unexpected keyword or identifier.\r\nsrc/modules/admin/admin.service.ts(546,38): error TS1109: Expression expected.\r\nsrc/modules/admin/admin.service.ts(546,70): error TS1005: ';' expected.\r\nsrc/modules/admin/admin.service.ts(560,3): error TS1434: Unexpected keyword or identifier.\r\nsrc/modules/admin/admin.service.ts(561,12): error TS1005: ',' expected.\r\nsrc/modules/admin/admin.service.ts(564,12): error TS1109: Expression expected.\r\nsrc/modules/admin/admin.service.ts(565,12): error TS1109: Expression expected.\r\nsrc/modules/admin/admin.service.ts(566,5): error TS1005: ';' expected.\r\nsrc/modules/admin/admin.service.ts(601,1): error TS1128: Declaration or statement expected.\r\n\n    at Object.<anonymous> (C:\\Users\\ikchr\\Documents\\prime-loan-backend\\src\\modules\\admin\\admin.service.ts:1:7)\n    at Module.<anonymous> (node:internal/modules/cjs/loader:1688:14)\n    at Module._compile (C:\\Users\\ikchr\\Documents\\prime-loan-backend\\node_modules\\source-map-support\\source-map-support.js:568:25)\n    at Module.m._compile (C:\\Users\\ikchr\\AppData\\Local\\Temp\\ts-node-dev-hook-8015691156769749.js:69:33)\n    at node:internal/modules/cjs/loader:1820:10\n    at require.extensions..jsx.require.extensions..js (C:\\Users\\ikchr\\AppData\\Local\\Temp\\ts-node-dev-hook-8015691156769749.js:114:20)\n    at require.extensions.<computed> (C:\\Users\\ikchr\\AppData\\Local\\Temp\\ts-node-dev-hook-8015691156769749.js:71:20)\n    at Object.nodeDevHook [as .ts] (C:\\Users\\ikchr\\Documents\\prime-loan-backend\\node_modules\\ts-node-dev\\lib\\hook.js:63:13)\n    at Module.load (node:internal/modules/cjs/loader:1423:32)\n    at Function._load (node:internal/modules/cjs/loader:1246:12)","trace":[{"column":7,"file":"C:\\Users\\ikchr\\Documents\\prime-loan-backend\\src\\modules\\admin\\admin.service.ts","function":null,"line":1,"method":null,"native":false},{"column":14,"file":"node:internal/modules/cjs/loader","function":null,"line":1688,"method":null,"native":false},{"column":25,"file":"C:\\Users\\ikchr\\Documents\\prime-loan-backend\\node_modules\\source-map-support\\source-map-support.js","function":"Module._compile","line":568,"method":"_compile","native":false},{"column":33,"file":"C:\\Users\\ikchr\\AppData\\Local\\Temp\\ts-node-dev-hook-8015691156769749.js","function":"Module.m._compile","line":69,"method":"_compile","native":false},{"column":10,"file":"node:internal/modules/cjs/loader","function":null,"line":1820,"method":null,"native":false},{"column":20,"file":"C:\\Users\\ikchr\\AppData\\Local\\Temp\\ts-node-dev-hook-8015691156769749.js","function":"require.extensions..jsx.require.extensions..js","line":114,"method":".js","native":false},{"column":20,"file":"C:\\Users\\ikchr\\AppData\\Local\\Temp\\ts-node-dev-hook-8015691156769749.js","function":"require.extensions.<computed>","line":71,"method":"<computed>","native":false},{"column":13,"file":"C:\\Users\\ikchr\\Documents\\prime-loan-backend\\node_modules\\ts-node-dev\\lib\\hook.js","function":"Object.nodeDevHook [as .ts]","line":63,"method":"ts]","native":false},{"column":32,"file":"node:internal/modules/cjs/loader","function":"Module.load","line":1423,"method":"load","native":false},{"column":12,"file":"node:internal/modules/cjs/loader","function":"Function._load","line":1246,"method":"_load","native":false}]}
{"date":"Thu Sep 18 2025 00:38:29 GMT+0100 (West Africa Standard Time)","error":{},"exception":true,"level":"error","message":"uncaughtException: Missing initializer in destructuring declaration\nC:\\Users\\ikchr\\Documents\\prime-loan-backend\\src\\modules\\admin\\admin.controller.ts:257\n                const [search, sta];\n                      ^^^^^^^^^^^^^\n\nSyntaxError: Missing initializer in destructuring declaration\n    at wrapSafe (node:internal/modules/cjs/loader:1620:18)\n    at Module.<anonymous> (node:internal/modules/cjs/loader:1662:20)\n    at Module._compile (C:\\Users\\ikchr\\Documents\\prime-loan-backend\\node_modules\\source-map-support\\source-map-support.js:568:25)\n    at Module.m._compile (C:\\Users\\ikchr\\AppData\\Local\\Temp\\ts-node-dev-hook-8015691156769749.js:69:33)\n    at node:internal/modules/cjs/loader:1820:10\n    at require.extensions..jsx.require.extensions..js (C:\\Users\\ikchr\\AppData\\Local\\Temp\\ts-node-dev-hook-8015691156769749.js:114:20)\n    at require.extensions.<computed> (C:\\Users\\ikchr\\AppData\\Local\\Temp\\ts-node-dev-hook-8015691156769749.js:71:20)\n    at Object.nodeDevHook [as .ts] (C:\\Users\\ikchr\\Documents\\prime-loan-backend\\node_modules\\ts-node-dev\\lib\\hook.js:63:13)\n    at Module.load (node:internal/modules/cjs/loader:1423:32)\n    at Function._load (node:internal/modules/cjs/loader:1246:12)","os":{"loadavg":[0,0,0],"uptime":23592.875},"process":{"argv":["C:\\Program Files\\nodejs\\node.exe","src/server.ts"],"cwd":"C:\\Users\\ikchr\\Documents\\prime-loan-backend","execPath":"C:\\Program Files\\nodejs\\node.exe","gid":null,"memoryUsage":{"arrayBuffers":18498477,"external":21832689,"heapTotal":75210752,"heapUsed":52770960,"rss":130502656},"pid":3096,"uid":null,"version":"v22.18.0"},"stack":"C:\\Users\\ikchr\\Documents\\prime-loan-backend\\src\\modules\\admin\\admin.controller.ts:257\n                const [search, sta];\n                      ^^^^^^^^^^^^^\n\nSyntaxError: Missing initializer in destructuring declaration\n    at wrapSafe (node:internal/modules/cjs/loader:1620:18)\n    at Module.<anonymous> (node:internal/modules/cjs/loader:1662:20)\n    at Module._compile (C:\\Users\\ikchr\\Documents\\prime-loan-backend\\node_modules\\source-map-support\\source-map-support.js:568:25)\n    at Module.m._compile (C:\\Users\\ikchr\\AppData\\Local\\Temp\\ts-node-dev-hook-8015691156769749.js:69:33)\n    at node:internal/modules/cjs/loader:1820:10\n    at require.extensions..jsx.require.extensions..js (C:\\Users\\ikchr\\AppData\\Local\\Temp\\ts-node-dev-hook-8015691156769749.js:114:20)\n    at require.extensions.<computed> (C:\\Users\\ikchr\\AppData\\Local\\Temp\\ts-node-dev-hook-8015691156769749.js:71:20)\n    at Object.nodeDevHook [as .ts] (C:\\Users\\ikchr\\Documents\\prime-loan-backend\\node_modules\\ts-node-dev\\lib\\hook.js:63:13)\n    at Module.load (node:internal/modules/cjs/loader:1423:32)\n    at Function._load (node:internal/modules/cjs/loader:1246:12)","timestamp":"2025-09-17T23:38:29.888Z","trace":[{"column":18,"file":"node:internal/modules/cjs/loader","function":"wrapSafe","line":1620,"method":null,"native":false},{"column":20,"file":"node:internal/modules/cjs/loader","function":null,"line":1662,"method":null,"native":false},{"column":25,"file":"C:\\Users\\ikchr\\Documents\\prime-loan-backend\\node_modules\\source-map-support\\source-map-support.js","function":"Module._compile","line":568,"method":"_compile","native":false},{"column":33,"file":"C:\\Users\\ikchr\\AppData\\Local\\Temp\\ts-node-dev-hook-8015691156769749.js","function":"Module.m._compile","line":69,"method":"_compile","native":false},{"column":10,"file":"node:internal/modules/cjs/loader","function":null,"line":1820,"method":null,"native":false},{"column":20,"file":"C:\\Users\\ikchr\\AppData\\Local\\Temp\\ts-node-dev-hook-8015691156769749.js","function":"require.extensions..jsx.require.extensions..js","line":114,"method":".js","native":false},{"column":20,"file":"C:\\Users\\ikchr\\AppData\\Local\\Temp\\ts-node-dev-hook-8015691156769749.js","function":"require.extensions.<computed>","line":71,"method":"<computed>","native":false},{"column":13,"file":"C:\\Users\\ikchr\\Documents\\prime-loan-backend\\node_modules\\ts-node-dev\\lib\\hook.js","function":"Object.nodeDevHook [as .ts]","line":63,"method":"ts]","native":false},{"column":32,"file":"node:internal/modules/cjs/loader","function":"Module.load","line":1423,"method":"load","native":false},{"column":12,"file":"node:internal/modules/cjs/loader","function":"Function._load","line":1246,"method":"_load","native":false}]}
{"date":"Thu Sep 18 2025 00:38:29 GMT+0100 (West Africa Standard Time)","error":{},"exception":true,"level":"error","message":"uncaughtException: Missing initializer in destructuring declaration\nC:\\Users\\ikchr\\Documents\\prime-loan-backend\\src\\modules\\admin\\admin.controller.ts:257\n                const [search, sta];\n                      ^^^^^^^^^^^^^\n\nSyntaxError: Missing initializer in destructuring declaration\n    at wrapSafe (node:internal/modules/cjs/loader:1620:18)\n    at Module.<anonymous> (node:internal/modules/cjs/loader:1662:20)\n    at Module._compile (C:\\Users\\ikchr\\Documents\\prime-loan-backend\\node_modules\\source-map-support\\source-map-support.js:568:25)\n    at Module.m._compile (C:\\Users\\ikchr\\AppData\\Local\\Temp\\ts-node-dev-hook-8015691156769749.js:69:33)\n    at node:internal/modules/cjs/loader:1820:10\n    at require.extensions..jsx.require.extensions..js (C:\\Users\\ikchr\\AppData\\Local\\Temp\\ts-node-dev-hook-8015691156769749.js:114:20)\n    at require.extensions.<computed> (C:\\Users\\ikchr\\AppData\\Local\\Temp\\ts-node-dev-hook-8015691156769749.js:71:20)\n    at Object.nodeDevHook [as .ts] (C:\\Users\\ikchr\\Documents\\prime-loan-backend\\node_modules\\ts-node-dev\\lib\\hook.js:63:13)\n    at Module.load (node:internal/modules/cjs/loader:1423:32)\n    at Function._load (node:internal/modules/cjs/loader:1246:12)","os":{"loadavg":[0,0,0],"uptime":23592.875},"process":{"argv":["C:\\Program Files\\nodejs\\node.exe","src/server.ts"],"cwd":"C:\\Users\\ikchr\\Documents\\prime-loan-backend","execPath":"C:\\Program Files\\nodejs\\node.exe","gid":null,"memoryUsage":{"arrayBuffers":18498477,"external":21832689,"heapTotal":75210752,"heapUsed":52770960,"rss":130502656},"pid":3096,"uid":null,"version":"v22.18.0"},"stack":"C:\\Users\\ikchr\\Documents\\prime-loan-backend\\src\\modules\\admin\\admin.controller.ts:257\n                const [search, sta];\n                      ^^^^^^^^^^^^^\n\nSyntaxError: Missing initializer in destructuring declaration\n    at wrapSafe (node:internal/modules/cjs/loader:1620:18)\n    at Module.<anonymous> (node:internal/modules/cjs/loader:1662:20)\n    at Module._compile (C:\\Users\\ikchr\\Documents\\prime-loan-backend\\node_modules\\source-map-support\\source-map-support.js:568:25)\n    at Module.m._compile (C:\\Users\\ikchr\\AppData\\Local\\Temp\\ts-node-dev-hook-8015691156769749.js:69:33)\n    at node:internal/modules/cjs/loader:1820:10\n    at require.extensions..jsx.require.extensions..js (C:\\Users\\ikchr\\AppData\\Local\\Temp\\ts-node-dev-hook-8015691156769749.js:114:20)\n    at require.extensions.<computed> (C:\\Users\\ikchr\\AppData\\Local\\Temp\\ts-node-dev-hook-8015691156769749.js:71:20)\n    at Object.nodeDevHook [as .ts] (C:\\Users\\ikchr\\Documents\\prime-loan-backend\\node_modules\\ts-node-dev\\lib\\hook.js:63:13)\n    at Module.load (node:internal/modules/cjs/loader:1423:32)\n    at Function._load (node:internal/modules/cjs/loader:1246:12)","trace":[{"column":18,"file":"node:internal/modules/cjs/loader","function":"wrapSafe","line":1620,"method":null,"native":false},{"column":20,"file":"node:internal/modules/cjs/loader","function":null,"line":1662,"method":null,"native":false},{"column":25,"file":"C:\\Users\\ikchr\\Documents\\prime-loan-backend\\node_modules\\source-map-support\\source-map-support.js","function":"Module._compile","line":568,"method":"_compile","native":false},{"column":33,"file":"C:\\Users\\ikchr\\AppData\\Local\\Temp\\ts-node-dev-hook-8015691156769749.js","function":"Module.m._compile","line":69,"method":"_compile","native":false},{"column":10,"file":"node:internal/modules/cjs/loader","function":null,"line":1820,"method":null,"native":false},{"column":20,"file":"C:\\Users\\ikchr\\AppData\\Local\\Temp\\ts-node-dev-hook-8015691156769749.js","function":"require.extensions..jsx.require.extensions..js","line":114,"method":".js","native":false},{"column":20,"file":"C:\\Users\\ikchr\\AppData\\Local\\Temp\\ts-node-dev-hook-8015691156769749.js","function":"require.extensions.<computed>","line":71,"method":"<computed>","native":false},{"column":13,"file":"C:\\Users\\ikchr\\Documents\\prime-loan-backend\\node_modules\\ts-node-dev\\lib\\hook.js","function":"Object.nodeDevHook [as .ts]","line":63,"method":"ts]","native":false},{"column":32,"file":"node:internal/modules/cjs/loader","function":"Module.load","line":1423,"method":"load","native":false},{"column":12,"file":"node:internal/modules/cjs/loader","function":"Function._load","line":1246,"method":"_load","native":false}]}
{"date":"Thu Sep 18 2025 00:38:42 GMT+0100 (West Africa Standard Time)","error":{},"exception":true,"level":"error","message":"uncaughtException: ⨯ Unable to compile TypeScript:\nsrc/modules/admin/admin.controller.ts(257,16): error TS1005: ',' expected.\r\nsrc/modules/admin/admin.controller.ts(258,7): error TS1472: 'catch' or 'finally' expected.\r\nsrc/modules/admin/admin.controller.ts(273,3): error TS1128: Declaration or statement expected.\r\nsrc/modules/admin/admin.controller.ts(273,10): error TS1434: Unexpected keyword or identifier.\r\nsrc/modules/admin/admin.controller.ts(273,34): error TS1005: ',' expected.\r\nsrc/modules/admin/admin.controller.ts(273,57): error TS1005: ',' expected.\r\nsrc/modules/admin/admin.controller.ts(273,73): error TS1005: ',' expected.\r\nsrc/modules/admin/admin.controller.ts(273,89): error TS1005: ';' expected.\r\nsrc/modules/admin/admin.controller.ts(296,3): error TS1128: Declaration or statement expected.\r\nsrc/modules/admin/admin.controller.ts(296,10): error TS1434: Unexpected keyword or identifier.\r\nsrc/modules/admin/admin.controller.ts(296,42): error TS1005: ',' expected.\r\nsrc/modules/admin/admin.controller.ts(296,65): error TS1005: ',' expected.\r\nsrc/modules/admin/admin.controller.ts(296,81): error TS1005: ',' expected.\r\nsrc/modules/admin/admin.controller.ts(296,97): error TS1005: ';' expected.\r\nsrc/modules/admin/admin.controller.ts(319,3): error TS1128: Declaration or statement expected.\r\nsrc/modules/admin/admin.controller.ts(319,10): error TS1434: Unexpected keyword or identifier.\r\nsrc/modules/admin/admin.controller.ts(319,35): error TS1005: ',' expected.\r\nsrc/modules/admin/admin.controller.ts(319,58): error TS1005: ',' expected.\r\nsrc/modules/admin/admin.controller.ts(319,74): error TS1005: ',' expected.\r\nsrc/modules/admin/admin.controller.ts(319,90): error TS1005: ';' expected.\r\nsrc/modules/admin/admin.controller.ts(372,3): error TS1128: Declaration or statement expected.\r\nsrc/modules/admin/admin.controller.ts(372,10): error TS1434: Unexpected keyword or identifier.\r\nsrc/modules/admin/admin.controller.ts(372,52): error TS1005: ',' expected.\r\nsrc/modules/admin/admin.controller.ts(372,75): error TS1005: ',' expected.\r\nsrc/modules/admin/admin.controller.ts(372,91): error TS1005: ',' expected.\r\nsrc/modules/admin/admin.controller.ts(372,107): error TS1005: ';' expected.\r\nsrc/modules/admin/admin.controller.ts(394,3): error TS1128: Declaration or statement expected.\r\nsrc/modules/admin/admin.controller.ts(394,10): error TS1434: Unexpected keyword or identifier.\r\nsrc/modules/admin/admin.controller.ts(394,42): error TS1005: ',' expected.\r\nsrc/modules/admin/admin.controller.ts(394,65): error TS1005: ',' expected.\r\nsrc/modules/admin/admin.controller.ts(394,81): error TS1005: ',' expected.\r\nsrc/modules/admin/admin.controller.ts(394,97): error TS1005: ';' expected.\r\nsrc/modules/admin/admin.controller.ts(420,3): error TS1128: Declaration or statement expected.\r\nsrc/modules/admin/admin.controller.ts(420,10): error TS1434: Unexpected keyword or identifier.\r\nsrc/modules/admin/admin.controller.ts(420,40): error TS1005: ',' expected.\r\nsrc/modules/admin/admin.controller.ts(420,63): error TS1005: ',' expected.\r\nsrc/modules/admin/admin.controller.ts(420,79): error TS1005: ',' expected.\r\nsrc/modules/admin/admin.controller.ts(420,95): error TS1005: ';' expected.\r\nsrc/modules/admin/admin.controller.ts(442,3): error TS1128: Declaration or statement expected.\r\nsrc/modules/admin/admin.controller.ts(442,10): error TS1434: Unexpected keyword or identifier.\r\nsrc/modules/admin/admin.controller.ts(442,35): error TS1005: ',' expected.\r\nsrc/modules/admin/admin.controller.ts(442,58): error TS1005: ',' expected.\r\nsrc/modules/admin/admin.controller.ts(442,74): error TS1005: ',' expected.\r\nsrc/modules/admin/admin.controller.ts(442,90): error TS1005: ';' expected.\r\nsrc/modules/admin/admin.controller.ts(461,3): error TS1128: Declaration or statement expected.\r\nsrc/modules/admin/admin.controller.ts(461,10): error TS1434: Unexpected keyword or identifier.\r\nsrc/modules/admin/admin.controller.ts(461,40): error TS1005: ',' expected.\r\nsrc/modules/admin/admin.controller.ts(461,63): error TS1005: ',' expected.\r\nsrc/modules/admin/admin.controller.ts(461,79): error TS1005: ',' expected.\r\nsrc/modules/admin/admin.controller.ts(461,95): error TS1005: ';' expected.\r\nsrc/modules/admin/admin.controller.ts(480,3): error TS1128: Declaration or statement expected.\r\nsrc/modules/admin/admin.controller.ts(480,10): error TS1434: Unexpected keyword or identifier.\r\nsrc/modules/admin/admin.controller.ts(480,28): error TS1005: ',' expected.\r\nsrc/modules/admin/admin.controller.ts(480,51): error TS1005: ',' expected.\r\nsrc/modules/admin/admin.controller.ts(480,67): error TS1005: ',' expected.\r\nsrc/modules/admin/admin.controller.ts(480,83): error TS1005: ';' expected.\r\nsrc/modules/admin/admin.controller.ts(498,3): error TS1128: Declaration or statement expected.\r\nsrc/modules/admin/admin.controller.ts(498,10): error TS1434: Unexpected keyword or identifier.\r\nsrc/modules/admin/admin.controller.ts(498,31): error TS1005: ',' expected.\r\nsrc/modules/admin/admin.controller.ts(498,54): error TS1005: ',' expected.\r\nsrc/modules/admin/admin.controller.ts(498,70): error TS1005: ',' expected.\r\nsrc/modules/admin/admin.controller.ts(498,86): error TS1005: ';' expected.\r\nsrc/modules/admin/admin.controller.ts(514,3): error TS1128: Declaration or statement expected.\r\nsrc/modules/admin/admin.controller.ts(514,10): error TS1434: Unexpected keyword or identifier.\r\nsrc/modules/admin/admin.controller.ts(514,34): error TS1005: ',' expected.\r\nsrc/modules/admin/admin.controller.ts(514,57): error TS1005: ',' expected.\r\nsrc/modules/admin/admin.controller.ts(514,73): error TS1005: ',' expected.\r\nsrc/modules/admin/admin.controller.ts(514,89): error TS1005: ';' expected.\r\nsrc/modules/admin/admin.controller.ts(536,3): error TS1128: Declaration or statement expected.\r\nsrc/modules/admin/admin.controller.ts(536,10): error TS1434: Unexpected keyword or identifier.\r\nsrc/modules/admin/admin.controller.ts(536,25): error TS1005: ',' expected.\r\nsrc/modules/admin/admin.controller.ts(536,39): error TS1005: ',' expected.\r\nsrc/modules/admin/admin.controller.ts(536,55): error TS1005: ',' expected.\r\nsrc/modules/admin/admin.controller.ts(536,71): error TS1005: ';' expected.\r\nsrc/modules/admin/admin.controller.ts(560,3): error TS1128: Declaration or statement expected.\r\nsrc/modules/admin/admin.controller.ts(560,10): error TS1434: Unexpected keyword or identifier.\r\nsrc/modules/admin/admin.controller.ts(560,27): error TS1005: ',' expected.\r\nsrc/modules/admin/admin.controller.ts(560,50): error TS1005: ',' expected.\r\nsrc/modules/admin/admin.controller.ts(560,66): error TS1005: ',' expected.\r\nsrc/modules/admin/admin.controller.ts(560,82): error TS1005: ';' expected.\r\nsrc/modules/admin/admin.controller.ts(582,3): error TS1128: Declaration or statement expected.\r\nsrc/modules/admin/admin.controller.ts(582,10): error TS1434: Unexpected keyword or identifier.\r\nsrc/modules/admin/admin.controller.ts(582,26): error TS1005: ',' expected.\r\nsrc/modules/admin/admin.controller.ts(582,49): error TS1005: ',' expected.\r\nsrc/modules/admin/admin.controller.ts(582,65): error TS1005: ',' expected.\r\nsrc/modules/admin/admin.controller.ts(582,81): error TS1005: ';' expected.\r\nsrc/modules/admin/admin.controller.ts(605,3): error TS1128: Declaration or statement expected.\r\nsrc/modules/admin/admin.controller.ts(605,10): error TS1434: Unexpected keyword or identifier.\r\nsrc/modules/admin/admin.controller.ts(605,33): error TS1005: ',' expected.\r\nsrc/modules/admin/admin.controller.ts(605,47): error TS1005: ',' expected.\r\nsrc/modules/admin/admin.controller.ts(605,63): error TS1005: ',' expected.\r\nsrc/modules/admin/admin.controller.ts(605,79): error TS1005: ';' expected.\r\nsrc/modules/admin/admin.controller.ts(631,3): error TS1128: Declaration or statement expected.\r\nsrc/modules/admin/admin.controller.ts(631,10): error TS1434: Unexpected keyword or identifier.\r\nsrc/modules/admin/admin.controller.ts(631,39): error TS1005: ',' expected.\r\nsrc/modules/admin/admin.controller.ts(631,53): error TS1005: ',' expected.\r\nsrc/modules/admin/admin.controller.ts(631,69): error TS1005: ',' expected.\r\nsrc/modules/admin/admin.controller.ts(631,85): error TS1005: ';' expected.\r\nsrc/modules/admin/admin.controller.ts(656,3): error TS1128: Declaration or statement expected.\r\nsrc/modules/admin/admin.controller.ts(656,10): error TS1434: Unexpected keyword or identifier.\r\nsrc/modules/admin/admin.controller.ts(656,33): error TS1005: ',' expected.\r\nsrc/modules/admin/admin.controller.ts(656,47): error TS1005: ',' expected.\r\nsrc/modules/admin/admin.controller.ts(656,63): error TS1005: ',' expected.\r\nsrc/modules/admin/admin.controller.ts(656,79): error TS1005: ';' expected.\r\nsrc/modules/admin/admin.controller.ts(682,3): error TS1128: Declaration or statement expected.\r\nsrc/modules/admin/admin.controller.ts(682,10): error TS1434: Unexpected keyword or identifier.\r\nsrc/modules/admin/admin.controller.ts(682,34): error TS1005: ',' expected.\r\nsrc/modules/admin/admin.controller.ts(682,57): error TS1005: ',' expected.\r\nsrc/modules/admin/admin.controller.ts(682,73): error TS1005: ',' expected.\r\nsrc/modules/admin/admin.controller.ts(682,89): error TS1005: ';' expected.\r\nsrc/modules/admin/admin.controller.ts(698,1): error TS1128: Declaration or statement expected.\r\n\nError: ⨯ Unable to compile TypeScript:\nsrc/modules/admin/admin.controller.ts(257,16): error TS1005: ',' expected.\r\nsrc/modules/admin/admin.controller.ts(258,7): error TS1472: 'catch' or 'finally' expected.\r\nsrc/modules/admin/admin.controller.ts(273,3): error TS1128: Declaration or statement expected.\r\nsrc/modules/admin/admin.controller.ts(273,10): error TS1434: Unexpected keyword or identifier.\r\nsrc/modules/admin/admin.controller.ts(273,34): error TS1005: ',' expected.\r\nsrc/modules/admin/admin.controller.ts(273,57): error TS1005: ',' expected.\r\nsrc/modules/admin/admin.controller.ts(273,73): error TS1005: ',' expected.\r\nsrc/modules/admin/admin.controller.ts(273,89): error TS1005: ';' expected.\r\nsrc/modules/admin/admin.controller.ts(296,3): error TS1128: Declaration or statement expected.\r\nsrc/modules/admin/admin.controller.ts(296,10): error TS1434: Unexpected keyword or identifier.\r\nsrc/modules/admin/admin.controller.ts(296,42): error TS1005: ',' expected.\r\nsrc/modules/admin/admin.controller.ts(296,65): error TS1005: ',' expected.\r\nsrc/modules/admin/admin.controller.ts(296,81): error TS1005: ',' expected.\r\nsrc/modules/admin/admin.controller.ts(296,97): error TS1005: ';' expected.\r\nsrc/modules/admin/admin.controller.ts(319,3): error TS1128: Declaration or statement expected.\r\nsrc/modules/admin/admin.controller.ts(319,10): error TS1434: Unexpected keyword or identifier.\r\nsrc/modules/admin/admin.controller.ts(319,35): error TS1005: ',' expected.\r\nsrc/modules/admin/admin.controller.ts(319,58): error TS1005: ',' expected.\r\nsrc/modules/admin/admin.controller.ts(319,74): error TS1005: ',' expected.\r\nsrc/modules/admin/admin.controller.ts(319,90): error TS1005: ';' expected.\r\nsrc/modules/admin/admin.controller.ts(372,3): error TS1128: Declaration or statement expected.\r\nsrc/modules/admin/admin.controller.ts(372,10): error TS1434: Unexpected keyword or identifier.\r\nsrc/modules/admin/admin.controller.ts(372,52): error TS1005: ',' expected.\r\nsrc/modules/admin/admin.controller.ts(372,75): error TS1005: ',' expected.\r\nsrc/modules/admin/admin.controller.ts(372,91): error TS1005: ',' expected.\r\nsrc/modules/admin/admin.controller.ts(372,107): error TS1005: ';' expected.\r\nsrc/modules/admin/admin.controller.ts(394,3): error TS1128: Declaration or statement expected.\r\nsrc/modules/admin/admin.controller.ts(394,10): error TS1434: Unexpected keyword or identifier.\r\nsrc/modules/admin/admin.controller.ts(394,42): error TS1005: ',' expected.\r\nsrc/modules/admin/admin.controller.ts(394,65): error TS1005: ',' expected.\r\nsrc/modules/admin/admin.controller.ts(394,81): error TS1005: ',' expected.\r\nsrc/modules/admin/admin.controller.ts(394,97): error TS1005: ';' expected.\r\nsrc/modules/admin/admin.controller.ts(420,3): error TS1128: Declaration or statement expected.\r\nsrc/modules/admin/admin.controller.ts(420,10): error TS1434: Unexpected keyword or identifier.\r\nsrc/modules/admin/admin.controller.ts(420,40): error TS1005: ',' expected.\r\nsrc/modules/admin/admin.controller.ts(420,63): error TS1005: ',' expected.\r\nsrc/modules/admin/admin.controller.ts(420,79): error TS1005: ',' expected.\r\nsrc/modules/admin/admin.controller.ts(420,95): error TS1005: ';' expected.\r\nsrc/modules/admin/admin.controller.ts(442,3): error TS1128: Declaration or statement expected.\r\nsrc/modules/admin/admin.controller.ts(442,10): error TS1434: Unexpected keyword or identifier.\r\nsrc/modules/admin/admin.controller.ts(442,35): error TS1005: ',' expected.\r\nsrc/modules/admin/admin.controller.ts(442,58): error TS1005: ',' expected.\r\nsrc/modules/admin/admin.controller.ts(442,74): error TS1005: ',' expected.\r\nsrc/modules/admin/admin.controller.ts(442,90): error TS1005: ';' expected.\r\nsrc/modules/admin/admin.controller.ts(461,3): error TS1128: Declaration or statement expected.\r\nsrc/modules/admin/admin.controller.ts(461,10): error TS1434: Unexpected keyword or identifier.\r\nsrc/modules/admin/admin.controller.ts(461,40): error TS1005: ',' expected.\r\nsrc/modules/admin/admin.controller.ts(461,63): error TS1005: ',' expected.\r\nsrc/modules/admin/admin.controller.ts(461,79): error TS1005: ',' expected.\r\nsrc/modules/admin/admin.controller.ts(461,95): error TS1005: ';' expected.\r\nsrc/modules/admin/admin.controller.ts(480,3): error TS1128: Declaration or statement expected.\r\nsrc/modules/admin/admin.controller.ts(480,10): error TS1434: Unexpected keyword or identifier.\r\nsrc/modules/admin/admin.controller.ts(480,28): error TS1005: ',' expected.\r\nsrc/modules/admin/admin.controller.ts(480,51): error TS1005: ',' expected.\r\nsrc/modules/admin/admin.controller.ts(480,67): error TS1005: ',' expected.\r\nsrc/modules/admin/admin.controller.ts(480,83): error TS1005: ';' expected.\r\nsrc/modules/admin/admin.controller.ts(498,3): error TS1128: Declaration or statement expected.\r\nsrc/modules/admin/admin.controller.ts(498,10): error TS1434: Unexpected keyword or identifier.\r\nsrc/modules/admin/admin.controller.ts(498,31): error TS1005: ',' expected.\r\nsrc/modules/admin/admin.controller.ts(498,54): error TS1005: ',' expected.\r\nsrc/modules/admin/admin.controller.ts(498,70): error TS1005: ',' expected.\r\nsrc/modules/admin/admin.controller.ts(498,86): error TS1005: ';' expected.\r\nsrc/modules/admin/admin.controller.ts(514,3): error TS1128: Declaration or statement expected.\r\nsrc/modules/admin/admin.controller.ts(514,10): error TS1434: Unexpected keyword or identifier.\r\nsrc/modules/admin/admin.controller.ts(514,34): error TS1005: ',' expected.\r\nsrc/modules/admin/admin.controller.ts(514,57): error TS1005: ',' expected.\r\nsrc/modules/admin/admin.controller.ts(514,73): error TS1005: ',' expected.\r\nsrc/modules/admin/admin.controller.ts(514,89): error TS1005: ';' expected.\r\nsrc/modules/admin/admin.controller.ts(536,3): error TS1128: Declaration or statement expected.\r\nsrc/modules/admin/admin.controller.ts(536,10): error TS1434: Unexpected keyword or identifier.\r\nsrc/modules/admin/admin.controller.ts(536,25): error TS1005: ',' expected.\r\nsrc/modules/admin/admin.controller.ts(536,39): error TS1005: ',' expected.\r\nsrc/modules/admin/admin.controller.ts(536,55): error TS1005: ',' expected.\r\nsrc/modules/admin/admin.controller.ts(536,71): error TS1005: ';' expected.\r\nsrc/modules/admin/admin.controller.ts(560,3): error TS1128: Declaration or statement expected.\r\nsrc/modules/admin/admin.controller.ts(560,10): error TS1434: Unexpected keyword or identifier.\r\nsrc/modules/admin/admin.controller.ts(560,27): error TS1005: ',' expected.\r\nsrc/modules/admin/admin.controller.ts(560,50): error TS1005: ',' expected.\r\nsrc/modules/admin/admin.controller.ts(560,66): error TS1005: ',' expected.\r\nsrc/modules/admin/admin.controller.ts(560,82): error TS1005: ';' expected.\r\nsrc/modules/admin/admin.controller.ts(582,3): error TS1128: Declaration or statement expected.\r\nsrc/modules/admin/admin.controller.ts(582,10): error TS1434: Unexpected keyword or identifier.\r\nsrc/modules/admin/admin.controller.ts(582,26): error TS1005: ',' expected.\r\nsrc/modules/admin/admin.controller.ts(582,49): error TS1005: ',' expected.\r\nsrc/modules/admin/admin.controller.ts(582,65): error TS1005: ',' expected.\r\nsrc/modules/admin/admin.controller.ts(582,81): error TS1005: ';' expected.\r\nsrc/modules/admin/admin.controller.ts(605,3): error TS1128: Declaration or statement expected.\r\nsrc/modules/admin/admin.controller.ts(605,10): error TS1434: Unexpected keyword or identifier.\r\nsrc/modules/admin/admin.controller.ts(605,33): error TS1005: ',' expected.\r\nsrc/modules/admin/admin.controller.ts(605,47): error TS1005: ',' expected.\r\nsrc/modules/admin/admin.controller.ts(605,63): error TS1005: ',' expected.\r\nsrc/modules/admin/admin.controller.ts(605,79): error TS1005: ';' expected.\r\nsrc/modules/admin/admin.controller.ts(631,3): error TS1128: Declaration or statement expected.\r\nsrc/modules/admin/admin.controller.ts(631,10): error TS1434: Unexpected keyword or identifier.\r\nsrc/modules/admin/admin.controller.ts(631,39): error TS1005: ',' expected.\r\nsrc/modules/admin/admin.controller.ts(631,53): error TS1005: ',' expected.\r\nsrc/modules/admin/admin.controller.ts(631,69): error TS1005: ',' expected.\r\nsrc/modules/admin/admin.controller.ts(631,85): error TS1005: ';' expected.\r\nsrc/modules/admin/admin.controller.ts(656,3): error TS1128: Declaration or statement expected.\r\nsrc/modules/admin/admin.controller.ts(656,10): error TS1434: Unexpected keyword or identifier.\r\nsrc/modules/admin/admin.controller.ts(656,33): error TS1005: ',' expected.\r\nsrc/modules/admin/admin.controller.ts(656,47): error TS1005: ',' expected.\r\nsrc/modules/admin/admin.controller.ts(656,63): error TS1005: ',' expected.\r\nsrc/modules/admin/admin.controller.ts(656,79): error TS1005: ';' expected.\r\nsrc/modules/admin/admin.controller.ts(682,3): error TS1128: Declaration or statement expected.\r\nsrc/modules/admin/admin.controller.ts(682,10): error TS1434: Unexpected keyword or identifier.\r\nsrc/modules/admin/admin.controller.ts(682,34): error TS1005: ',' expected.\r\nsrc/modules/admin/admin.controller.ts(682,57): error TS1005: ',' expected.\r\nsrc/modules/admin/admin.controller.ts(682,73): error TS1005: ',' expected.\r\nsrc/modules/admin/admin.controller.ts(682,89): error TS1005: ';' expected.\r\nsrc/modules/admin/admin.controller.ts(698,1): error TS1128: Declaration or statement expected.\r\n\n    at Object.<anonymous> (C:\\Users\\ikchr\\Documents\\prime-loan-backend\\src\\modules\\admin\\admin.controller.ts:1:7)\n    at Module.<anonymous> (node:internal/modules/cjs/loader:1688:14)\n    at Module._compile (C:\\Users\\ikchr\\Documents\\prime-loan-backend\\node_modules\\source-map-support\\source-map-support.js:568:25)\n    at Module.m._compile (C:\\Users\\ikchr\\AppData\\Local\\Temp\\ts-node-dev-hook-8015691156769749.js:69:33)\n    at node:internal/modules/cjs/loader:1820:10\n    at require.extensions..jsx.require.extensions..js (C:\\Users\\ikchr\\AppData\\Local\\Temp\\ts-node-dev-hook-8015691156769749.js:114:20)\n    at require.extensions.<computed> (C:\\Users\\ikchr\\AppData\\Local\\Temp\\ts-node-dev-hook-8015691156769749.js:71:20)\n    at Object.nodeDevHook [as .ts] (C:\\Users\\ikchr\\Documents\\prime-loan-backend\\node_modules\\ts-node-dev\\lib\\hook.js:63:13)\n    at Module.load (node:internal/modules/cjs/loader:1423:32)\n    at Function._load (node:internal/modules/cjs/loader:1246:12)","os":{"loadavg":[0,0,0],"uptime":23605.343},"process":{"argv":["C:\\Program Files\\nodejs\\node.exe","src/server.ts"],"cwd":"C:\\Users\\ikchr\\Documents\\prime-loan-backend","execPath":"C:\\Program Files\\nodejs\\node.exe","gid":null,"memoryUsage":{"arrayBuffers":18526890,"external":21832689,"heapTotal":75210752,"heapUsed":52859440,"rss":130109440},"pid":15588,"uid":null,"version":"v22.18.0"},"stack":"Error: ⨯ Unable to compile TypeScript:\nsrc/modules/admin/admin.controller.ts(257,16): error TS1005: ',' expected.\r\nsrc/modules/admin/admin.controller.ts(258,7): error TS1472: 'catch' or 'finally' expected.\r\nsrc/modules/admin/admin.controller.ts(273,3): error TS1128: Declaration or statement expected.\r\nsrc/modules/admin/admin.controller.ts(273,10): error TS1434: Unexpected keyword or identifier.\r\nsrc/modules/admin/admin.controller.ts(273,34): error TS1005: ',' expected.\r\nsrc/modules/admin/admin.controller.ts(273,57): error TS1005: ',' expected.\r\nsrc/modules/admin/admin.controller.ts(273,73): error TS1005: ',' expected.\r\nsrc/modules/admin/admin.controller.ts(273,89): error TS1005: ';' expected.\r\nsrc/modules/admin/admin.controller.ts(296,3): error TS1128: Declaration or statement expected.\r\nsrc/modules/admin/admin.controller.ts(296,10): error TS1434: Unexpected keyword or identifier.\r\nsrc/modules/admin/admin.controller.ts(296,42): error TS1005: ',' expected.\r\nsrc/modules/admin/admin.controller.ts(296,65): error TS1005: ',' expected.\r\nsrc/modules/admin/admin.controller.ts(296,81): error TS1005: ',' expected.\r\nsrc/modules/admin/admin.controller.ts(296,97): error TS1005: ';' expected.\r\nsrc/modules/admin/admin.controller.ts(319,3): error TS1128: Declaration or statement expected.\r\nsrc/modules/admin/admin.controller.ts(319,10): error TS1434: Unexpected keyword or identifier.\r\nsrc/modules/admin/admin.controller.ts(319,35): error TS1005: ',' expected.\r\nsrc/modules/admin/admin.controller.ts(319,58): error TS1005: ',' expected.\r\nsrc/modules/admin/admin.controller.ts(319,74): error TS1005: ',' expected.\r\nsrc/modules/admin/admin.controller.ts(319,90): error TS1005: ';' expected.\r\nsrc/modules/admin/admin.controller.ts(372,3): error TS1128: Declaration or statement expected.\r\nsrc/modules/admin/admin.controller.ts(372,10): error TS1434: Unexpected keyword or identifier.\r\nsrc/modules/admin/admin.controller.ts(372,52): error TS1005: ',' expected.\r\nsrc/modules/admin/admin.controller.ts(372,75): error TS1005: ',' expected.\r\nsrc/modules/admin/admin.controller.ts(372,91): error TS1005: ',' expected.\r\nsrc/modules/admin/admin.controller.ts(372,107): error TS1005: ';' expected.\r\nsrc/modules/admin/admin.controller.ts(394,3): error TS1128: Declaration or statement expected.\r\nsrc/modules/admin/admin.controller.ts(394,10): error TS1434: Unexpected keyword or identifier.\r\nsrc/modules/admin/admin.controller.ts(394,42): error TS1005: ',' expected.\r\nsrc/modules/admin/admin.controller.ts(394,65): error TS1005: ',' expected.\r\nsrc/modules/admin/admin.controller.ts(394,81): error TS1005: ',' expected.\r\nsrc/modules/admin/admin.controller.ts(394,97): error TS1005: ';' expected.\r\nsrc/modules/admin/admin.controller.ts(420,3): error TS1128: Declaration or statement expected.\r\nsrc/modules/admin/admin.controller.ts(420,10): error TS1434: Unexpected keyword or identifier.\r\nsrc/modules/admin/admin.controller.ts(420,40): error TS1005: ',' expected.\r\nsrc/modules/admin/admin.controller.ts(420,63): error TS1005: ',' expected.\r\nsrc/modules/admin/admin.controller.ts(420,79): error TS1005: ',' expected.\r\nsrc/modules/admin/admin.controller.ts(420,95): error TS1005: ';' expected.\r\nsrc/modules/admin/admin.controller.ts(442,3): error TS1128: Declaration or statement expected.\r\nsrc/modules/admin/admin.controller.ts(442,10): error TS1434: Unexpected keyword or identifier.\r\nsrc/modules/admin/admin.controller.ts(442,35): error TS1005: ',' expected.\r\nsrc/modules/admin/admin.controller.ts(442,58): error TS1005: ',' expected.\r\nsrc/modules/admin/admin.controller.ts(442,74): error TS1005: ',' expected.\r\nsrc/modules/admin/admin.controller.ts(442,90): error TS1005: ';' expected.\r\nsrc/modules/admin/admin.controller.ts(461,3): error TS1128: Declaration or statement expected.\r\nsrc/modules/admin/admin.controller.ts(461,10): error TS1434: Unexpected keyword or identifier.\r\nsrc/modules/admin/admin.controller.ts(461,40): error TS1005: ',' expected.\r\nsrc/modules/admin/admin.controller.ts(461,63): error TS1005: ',' expected.\r\nsrc/modules/admin/admin.controller.ts(461,79): error TS1005: ',' expected.\r\nsrc/modules/admin/admin.controller.ts(461,95): error TS1005: ';' expected.\r\nsrc/modules/admin/admin.controller.ts(480,3): error TS1128: Declaration or statement expected.\r\nsrc/modules/admin/admin.controller.ts(480,10): error TS1434: Unexpected keyword or identifier.\r\nsrc/modules/admin/admin.controller.ts(480,28): error TS1005: ',' expected.\r\nsrc/modules/admin/admin.controller.ts(480,51): error TS1005: ',' expected.\r\nsrc/modules/admin/admin.controller.ts(480,67): error TS1005: ',' expected.\r\nsrc/modules/admin/admin.controller.ts(480,83): error TS1005: ';' expected.\r\nsrc/modules/admin/admin.controller.ts(498,3): error TS1128: Declaration or statement expected.\r\nsrc/modules/admin/admin.controller.ts(498,10): error TS1434: Unexpected keyword or identifier.\r\nsrc/modules/admin/admin.controller.ts(498,31): error TS1005: ',' expected.\r\nsrc/modules/admin/admin.controller.ts(498,54): error TS1005: ',' expected.\r\nsrc/modules/admin/admin.controller.ts(498,70): error TS1005: ',' expected.\r\nsrc/modules/admin/admin.controller.ts(498,86): error TS1005: ';' expected.\r\nsrc/modules/admin/admin.controller.ts(514,3): error TS1128: Declaration or statement expected.\r\nsrc/modules/admin/admin.controller.ts(514,10): error TS1434: Unexpected keyword or identifier.\r\nsrc/modules/admin/admin.controller.ts(514,34): error TS1005: ',' expected.\r\nsrc/modules/admin/admin.controller.ts(514,57): error TS1005: ',' expected.\r\nsrc/modules/admin/admin.controller.ts(514,73): error TS1005: ',' expected.\r\nsrc/modules/admin/admin.controller.ts(514,89): error TS1005: ';' expected.\r\nsrc/modules/admin/admin.controller.ts(536,3): error TS1128: Declaration or statement expected.\r\nsrc/modules/admin/admin.controller.ts(536,10): error TS1434: Unexpected keyword or identifier.\r\nsrc/modules/admin/admin.controller.ts(536,25): error TS1005: ',' expected.\r\nsrc/modules/admin/admin.controller.ts(536,39): error TS1005: ',' expected.\r\nsrc/modules/admin/admin.controller.ts(536,55): error TS1005: ',' expected.\r\nsrc/modules/admin/admin.controller.ts(536,71): error TS1005: ';' expected.\r\nsrc/modules/admin/admin.controller.ts(560,3): error TS1128: Declaration or statement expected.\r\nsrc/modules/admin/admin.controller.ts(560,10): error TS1434: Unexpected keyword or identifier.\r\nsrc/modules/admin/admin.controller.ts(560,27): error TS1005: ',' expected.\r\nsrc/modules/admin/admin.controller.ts(560,50): error TS1005: ',' expected.\r\nsrc/modules/admin/admin.controller.ts(560,66): error TS1005: ',' expected.\r\nsrc/modules/admin/admin.controller.ts(560,82): error TS1005: ';' expected.\r\nsrc/modules/admin/admin.controller.ts(582,3): error TS1128: Declaration or statement expected.\r\nsrc/modules/admin/admin.controller.ts(582,10): error TS1434: Unexpected keyword or identifier.\r\nsrc/modules/admin/admin.controller.ts(582,26): error TS1005: ',' expected.\r\nsrc/modules/admin/admin.controller.ts(582,49): error TS1005: ',' expected.\r\nsrc/modules/admin/admin.controller.ts(582,65): error TS1005: ',' expected.\r\nsrc/modules/admin/admin.controller.ts(582,81): error TS1005: ';' expected.\r\nsrc/modules/admin/admin.controller.ts(605,3): error TS1128: Declaration or statement expected.\r\nsrc/modules/admin/admin.controller.ts(605,10): error TS1434: Unexpected keyword or identifier.\r\nsrc/modules/admin/admin.controller.ts(605,33): error TS1005: ',' expected.\r\nsrc/modules/admin/admin.controller.ts(605,47): error TS1005: ',' expected.\r\nsrc/modules/admin/admin.controller.ts(605,63): error TS1005: ',' expected.\r\nsrc/modules/admin/admin.controller.ts(605,79): error TS1005: ';' expected.\r\nsrc/modules/admin/admin.controller.ts(631,3): error TS1128: Declaration or statement expected.\r\nsrc/modules/admin/admin.controller.ts(631,10): error TS1434: Unexpected keyword or identifier.\r\nsrc/modules/admin/admin.controller.ts(631,39): error TS1005: ',' expected.\r\nsrc/modules/admin/admin.controller.ts(631,53): error TS1005: ',' expected.\r\nsrc/modules/admin/admin.controller.ts(631,69): error TS1005: ',' expected.\r\nsrc/modules/admin/admin.controller.ts(631,85): error TS1005: ';' expected.\r\nsrc/modules/admin/admin.controller.ts(656,3): error TS1128: Declaration or statement expected.\r\nsrc/modules/admin/admin.controller.ts(656,10): error TS1434: Unexpected keyword or identifier.\r\nsrc/modules/admin/admin.controller.ts(656,33): error TS1005: ',' expected.\r\nsrc/modules/admin/admin.controller.ts(656,47): error TS1005: ',' expected.\r\nsrc/modules/admin/admin.controller.ts(656,63): error TS1005: ',' expected.\r\nsrc/modules/admin/admin.controller.ts(656,79): error TS1005: ';' expected.\r\nsrc/modules/admin/admin.controller.ts(682,3): error TS1128: Declaration or statement expected.\r\nsrc/modules/admin/admin.controller.ts(682,10): error TS1434: Unexpected keyword or identifier.\r\nsrc/modules/admin/admin.controller.ts(682,34): error TS1005: ',' expected.\r\nsrc/modules/admin/admin.controller.ts(682,57): error TS1005: ',' expected.\r\nsrc/modules/admin/admin.controller.ts(682,73): error TS1005: ',' expected.\r\nsrc/modules/admin/admin.controller.ts(682,89): error TS1005: ';' expected.\r\nsrc/modules/admin/admin.controller.ts(698,1): error TS1128: Declaration or statement expected.\r\n\n    at Object.<anonymous> (C:\\Users\\ikchr\\Documents\\prime-loan-backend\\src\\modules\\admin\\admin.controller.ts:1:7)\n    at Module.<anonymous> (node:internal/modules/cjs/loader:1688:14)\n    at Module._compile (C:\\Users\\ikchr\\Documents\\prime-loan-backend\\node_modules\\source-map-support\\source-map-support.js:568:25)\n    at Module.m._compile (C:\\Users\\ikchr\\AppData\\Local\\Temp\\ts-node-dev-hook-8015691156769749.js:69:33)\n    at node:internal/modules/cjs/loader:1820:10\n    at require.extensions..jsx.require.extensions..js (C:\\Users\\ikchr\\AppData\\Local\\Temp\\ts-node-dev-hook-8015691156769749.js:114:20)\n    at require.extensions.<computed> (C:\\Users\\ikchr\\AppData\\Local\\Temp\\ts-node-dev-hook-8015691156769749.js:71:20)\n    at Object.nodeDevHook [as .ts] (C:\\Users\\ikchr\\Documents\\prime-loan-backend\\node_modules\\ts-node-dev\\lib\\hook.js:63:13)\n    at Module.load (node:internal/modules/cjs/loader:1423:32)\n    at Function._load (node:internal/modules/cjs/loader:1246:12)","timestamp":"2025-09-17T23:38:42.399Z","trace":[{"column":7,"file":"C:\\Users\\ikchr\\Documents\\prime-loan-backend\\src\\modules\\admin\\admin.controller.ts","function":null,"line":1,"method":null,"native":false},{"column":14,"file":"node:internal/modules/cjs/loader","function":null,"line":1688,"method":null,"native":false},{"column":25,"file":"C:\\Users\\ikchr\\Documents\\prime-loan-backend\\node_modules\\source-map-support\\source-map-support.js","function":"Module._compile","line":568,"method":"_compile","native":false},{"column":33,"file":"C:\\Users\\ikchr\\AppData\\Local\\Temp\\ts-node-dev-hook-8015691156769749.js","function":"Module.m._compile","line":69,"method":"_compile","native":false},{"column":10,"file":"node:internal/modules/cjs/loader","function":null,"line":1820,"method":null,"native":false},{"column":20,"file":"C:\\Users\\ikchr\\AppData\\Local\\Temp\\ts-node-dev-hook-8015691156769749.js","function":"require.extensions..jsx.require.extensions..js","line":114,"method":".js","native":false},{"column":20,"file":"C:\\Users\\ikchr\\AppData\\Local\\Temp\\ts-node-dev-hook-8015691156769749.js","function":"require.extensions.<computed>","line":71,"method":"<computed>","native":false},{"column":13,"file":"C:\\Users\\ikchr\\Documents\\prime-loan-backend\\node_modules\\ts-node-dev\\lib\\hook.js","function":"Object.nodeDevHook [as .ts]","line":63,"method":"ts]","native":false},{"column":32,"file":"node:internal/modules/cjs/loader","function":"Module.load","line":1423,"method":"load","native":false},{"column":12,"file":"node:internal/modules/cjs/loader","function":"Function._load","line":1246,"method":"_load","native":false}]}
{"date":"Thu Sep 18 2025 00:38:42 GMT+0100 (West Africa Standard Time)","error":{},"exception":true,"level":"error","message":"uncaughtException: ⨯ Unable to compile TypeScript:\nsrc/modules/admin/admin.controller.ts(257,16): error TS1005: ',' expected.\r\nsrc/modules/admin/admin.controller.ts(258,7): error TS1472: 'catch' or 'finally' expected.\r\nsrc/modules/admin/admin.controller.ts(273,3): error TS1128: Declaration or statement expected.\r\nsrc/modules/admin/admin.controller.ts(273,10): error TS1434: Unexpected keyword or identifier.\r\nsrc/modules/admin/admin.controller.ts(273,34): error TS1005: ',' expected.\r\nsrc/modules/admin/admin.controller.ts(273,57): error TS1005: ',' expected.\r\nsrc/modules/admin/admin.controller.ts(273,73): error TS1005: ',' expected.\r\nsrc/modules/admin/admin.controller.ts(273,89): error TS1005: ';' expected.\r\nsrc/modules/admin/admin.controller.ts(296,3): error TS1128: Declaration or statement expected.\r\nsrc/modules/admin/admin.controller.ts(296,10): error TS1434: Unexpected keyword or identifier.\r\nsrc/modules/admin/admin.controller.ts(296,42): error TS1005: ',' expected.\r\nsrc/modules/admin/admin.controller.ts(296,65): error TS1005: ',' expected.\r\nsrc/modules/admin/admin.controller.ts(296,81): error TS1005: ',' expected.\r\nsrc/modules/admin/admin.controller.ts(296,97): error TS1005: ';' expected.\r\nsrc/modules/admin/admin.controller.ts(319,3): error TS1128: Declaration or statement expected.\r\nsrc/modules/admin/admin.controller.ts(319,10): error TS1434: Unexpected keyword or identifier.\r\nsrc/modules/admin/admin.controller.ts(319,35): error TS1005: ',' expected.\r\nsrc/modules/admin/admin.controller.ts(319,58): error TS1005: ',' expected.\r\nsrc/modules/admin/admin.controller.ts(319,74): error TS1005: ',' expected.\r\nsrc/modules/admin/admin.controller.ts(319,90): error TS1005: ';' expected.\r\nsrc/modules/admin/admin.controller.ts(372,3): error TS1128: Declaration or statement expected.\r\nsrc/modules/admin/admin.controller.ts(372,10): error TS1434: Unexpected keyword or identifier.\r\nsrc/modules/admin/admin.controller.ts(372,52): error TS1005: ',' expected.\r\nsrc/modules/admin/admin.controller.ts(372,75): error TS1005: ',' expected.\r\nsrc/modules/admin/admin.controller.ts(372,91): error TS1005: ',' expected.\r\nsrc/modules/admin/admin.controller.ts(372,107): error TS1005: ';' expected.\r\nsrc/modules/admin/admin.controller.ts(394,3): error TS1128: Declaration or statement expected.\r\nsrc/modules/admin/admin.controller.ts(394,10): error TS1434: Unexpected keyword or identifier.\r\nsrc/modules/admin/admin.controller.ts(394,42): error TS1005: ',' expected.\r\nsrc/modules/admin/admin.controller.ts(394,65): error TS1005: ',' expected.\r\nsrc/modules/admin/admin.controller.ts(394,81): error TS1005: ',' expected.\r\nsrc/modules/admin/admin.controller.ts(394,97): error TS1005: ';' expected.\r\nsrc/modules/admin/admin.controller.ts(420,3): error TS1128: Declaration or statement expected.\r\nsrc/modules/admin/admin.controller.ts(420,10): error TS1434: Unexpected keyword or identifier.\r\nsrc/modules/admin/admin.controller.ts(420,40): error TS1005: ',' expected.\r\nsrc/modules/admin/admin.controller.ts(420,63): error TS1005: ',' expected.\r\nsrc/modules/admin/admin.controller.ts(420,79): error TS1005: ',' expected.\r\nsrc/modules/admin/admin.controller.ts(420,95): error TS1005: ';' expected.\r\nsrc/modules/admin/admin.controller.ts(442,3): error TS1128: Declaration or statement expected.\r\nsrc/modules/admin/admin.controller.ts(442,10): error TS1434: Unexpected keyword or identifier.\r\nsrc/modules/admin/admin.controller.ts(442,35): error TS1005: ',' expected.\r\nsrc/modules/admin/admin.controller.ts(442,58): error TS1005: ',' expected.\r\nsrc/modules/admin/admin.controller.ts(442,74): error TS1005: ',' expected.\r\nsrc/modules/admin/admin.controller.ts(442,90): error TS1005: ';' expected.\r\nsrc/modules/admin/admin.controller.ts(461,3): error TS1128: Declaration or statement expected.\r\nsrc/modules/admin/admin.controller.ts(461,10): error TS1434: Unexpected keyword or identifier.\r\nsrc/modules/admin/admin.controller.ts(461,40): error TS1005: ',' expected.\r\nsrc/modules/admin/admin.controller.ts(461,63): error TS1005: ',' expected.\r\nsrc/modules/admin/admin.controller.ts(461,79): error TS1005: ',' expected.\r\nsrc/modules/admin/admin.controller.ts(461,95): error TS1005: ';' expected.\r\nsrc/modules/admin/admin.controller.ts(480,3): error TS1128: Declaration or statement expected.\r\nsrc/modules/admin/admin.controller.ts(480,10): error TS1434: Unexpected keyword or identifier.\r\nsrc/modules/admin/admin.controller.ts(480,28): error TS1005: ',' expected.\r\nsrc/modules/admin/admin.controller.ts(480,51): error TS1005: ',' expected.\r\nsrc/modules/admin/admin.controller.ts(480,67): error TS1005: ',' expected.\r\nsrc/modules/admin/admin.controller.ts(480,83): error TS1005: ';' expected.\r\nsrc/modules/admin/admin.controller.ts(498,3): error TS1128: Declaration or statement expected.\r\nsrc/modules/admin/admin.controller.ts(498,10): error TS1434: Unexpected keyword or identifier.\r\nsrc/modules/admin/admin.controller.ts(498,31): error TS1005: ',' expected.\r\nsrc/modules/admin/admin.controller.ts(498,54): error TS1005: ',' expected.\r\nsrc/modules/admin/admin.controller.ts(498,70): error TS1005: ',' expected.\r\nsrc/modules/admin/admin.controller.ts(498,86): error TS1005: ';' expected.\r\nsrc/modules/admin/admin.controller.ts(514,3): error TS1128: Declaration or statement expected.\r\nsrc/modules/admin/admin.controller.ts(514,10): error TS1434: Unexpected keyword or identifier.\r\nsrc/modules/admin/admin.controller.ts(514,34): error TS1005: ',' expected.\r\nsrc/modules/admin/admin.controller.ts(514,57): error TS1005: ',' expected.\r\nsrc/modules/admin/admin.controller.ts(514,73): error TS1005: ',' expected.\r\nsrc/modules/admin/admin.controller.ts(514,89): error TS1005: ';' expected.\r\nsrc/modules/admin/admin.controller.ts(536,3): error TS1128: Declaration or statement expected.\r\nsrc/modules/admin/admin.controller.ts(536,10): error TS1434: Unexpected keyword or identifier.\r\nsrc/modules/admin/admin.controller.ts(536,25): error TS1005: ',' expected.\r\nsrc/modules/admin/admin.controller.ts(536,39): error TS1005: ',' expected.\r\nsrc/modules/admin/admin.controller.ts(536,55): error TS1005: ',' expected.\r\nsrc/modules/admin/admin.controller.ts(536,71): error TS1005: ';' expected.\r\nsrc/modules/admin/admin.controller.ts(560,3): error TS1128: Declaration or statement expected.\r\nsrc/modules/admin/admin.controller.ts(560,10): error TS1434: Unexpected keyword or identifier.\r\nsrc/modules/admin/admin.controller.ts(560,27): error TS1005: ',' expected.\r\nsrc/modules/admin/admin.controller.ts(560,50): error TS1005: ',' expected.\r\nsrc/modules/admin/admin.controller.ts(560,66): error TS1005: ',' expected.\r\nsrc/modules/admin/admin.controller.ts(560,82): error TS1005: ';' expected.\r\nsrc/modules/admin/admin.controller.ts(582,3): error TS1128: Declaration or statement expected.\r\nsrc/modules/admin/admin.controller.ts(582,10): error TS1434: Unexpected keyword or identifier.\r\nsrc/modules/admin/admin.controller.ts(582,26): error TS1005: ',' expected.\r\nsrc/modules/admin/admin.controller.ts(582,49): error TS1005: ',' expected.\r\nsrc/modules/admin/admin.controller.ts(582,65): error TS1005: ',' expected.\r\nsrc/modules/admin/admin.controller.ts(582,81): error TS1005: ';' expected.\r\nsrc/modules/admin/admin.controller.ts(605,3): error TS1128: Declaration or statement expected.\r\nsrc/modules/admin/admin.controller.ts(605,10): error TS1434: Unexpected keyword or identifier.\r\nsrc/modules/admin/admin.controller.ts(605,33): error TS1005: ',' expected.\r\nsrc/modules/admin/admin.controller.ts(605,47): error TS1005: ',' expected.\r\nsrc/modules/admin/admin.controller.ts(605,63): error TS1005: ',' expected.\r\nsrc/modules/admin/admin.controller.ts(605,79): error TS1005: ';' expected.\r\nsrc/modules/admin/admin.controller.ts(631,3): error TS1128: Declaration or statement expected.\r\nsrc/modules/admin/admin.controller.ts(631,10): error TS1434: Unexpected keyword or identifier.\r\nsrc/modules/admin/admin.controller.ts(631,39): error TS1005: ',' expected.\r\nsrc/modules/admin/admin.controller.ts(631,53): error TS1005: ',' expected.\r\nsrc/modules/admin/admin.controller.ts(631,69): error TS1005: ',' expected.\r\nsrc/modules/admin/admin.controller.ts(631,85): error TS1005: ';' expected.\r\nsrc/modules/admin/admin.controller.ts(656,3): error TS1128: Declaration or statement expected.\r\nsrc/modules/admin/admin.controller.ts(656,10): error TS1434: Unexpected keyword or identifier.\r\nsrc/modules/admin/admin.controller.ts(656,33): error TS1005: ',' expected.\r\nsrc/modules/admin/admin.controller.ts(656,47): error TS1005: ',' expected.\r\nsrc/modules/admin/admin.controller.ts(656,63): error TS1005: ',' expected.\r\nsrc/modules/admin/admin.controller.ts(656,79): error TS1005: ';' expected.\r\nsrc/modules/admin/admin.controller.ts(682,3): error TS1128: Declaration or statement expected.\r\nsrc/modules/admin/admin.controller.ts(682,10): error TS1434: Unexpected keyword or identifier.\r\nsrc/modules/admin/admin.controller.ts(682,34): error TS1005: ',' expected.\r\nsrc/modules/admin/admin.controller.ts(682,57): error TS1005: ',' expected.\r\nsrc/modules/admin/admin.controller.ts(682,73): error TS1005: ',' expected.\r\nsrc/modules/admin/admin.controller.ts(682,89): error TS1005: ';' expected.\r\nsrc/modules/admin/admin.controller.ts(698,1): error TS1128: Declaration or statement expected.\r\n\nError: ⨯ Unable to compile TypeScript:\nsrc/modules/admin/admin.controller.ts(257,16): error TS1005: ',' expected.\r\nsrc/modules/admin/admin.controller.ts(258,7): error TS1472: 'catch' or 'finally' expected.\r\nsrc/modules/admin/admin.controller.ts(273,3): error TS1128: Declaration or statement expected.\r\nsrc/modules/admin/admin.controller.ts(273,10): error TS1434: Unexpected keyword or identifier.\r\nsrc/modules/admin/admin.controller.ts(273,34): error TS1005: ',' expected.\r\nsrc/modules/admin/admin.controller.ts(273,57): error TS1005: ',' expected.\r\nsrc/modules/admin/admin.controller.ts(273,73): error TS1005: ',' expected.\r\nsrc/modules/admin/admin.controller.ts(273,89): error TS1005: ';' expected.\r\nsrc/modules/admin/admin.controller.ts(296,3): error TS1128: Declaration or statement expected.\r\nsrc/modules/admin/admin.controller.ts(296,10): error TS1434: Unexpected keyword or identifier.\r\nsrc/modules/admin/admin.controller.ts(296,42): error TS1005: ',' expected.\r\nsrc/modules/admin/admin.controller.ts(296,65): error TS1005: ',' expected.\r\nsrc/modules/admin/admin.controller.ts(296,81): error TS1005: ',' expected.\r\nsrc/modules/admin/admin.controller.ts(296,97): error TS1005: ';' expected.\r\nsrc/modules/admin/admin.controller.ts(319,3): error TS1128: Declaration or statement expected.\r\nsrc/modules/admin/admin.controller.ts(319,10): error TS1434: Unexpected keyword or identifier.\r\nsrc/modules/admin/admin.controller.ts(319,35): error TS1005: ',' expected.\r\nsrc/modules/admin/admin.controller.ts(319,58): error TS1005: ',' expected.\r\nsrc/modules/admin/admin.controller.ts(319,74): error TS1005: ',' expected.\r\nsrc/modules/admin/admin.controller.ts(319,90): error TS1005: ';' expected.\r\nsrc/modules/admin/admin.controller.ts(372,3): error TS1128: Declaration or statement expected.\r\nsrc/modules/admin/admin.controller.ts(372,10): error TS1434: Unexpected keyword or identifier.\r\nsrc/modules/admin/admin.controller.ts(372,52): error TS1005: ',' expected.\r\nsrc/modules/admin/admin.controller.ts(372,75): error TS1005: ',' expected.\r\nsrc/modules/admin/admin.controller.ts(372,91): error TS1005: ',' expected.\r\nsrc/modules/admin/admin.controller.ts(372,107): error TS1005: ';' expected.\r\nsrc/modules/admin/admin.controller.ts(394,3): error TS1128: Declaration or statement expected.\r\nsrc/modules/admin/admin.controller.ts(394,10): error TS1434: Unexpected keyword or identifier.\r\nsrc/modules/admin/admin.controller.ts(394,42): error TS1005: ',' expected.\r\nsrc/modules/admin/admin.controller.ts(394,65): error TS1005: ',' expected.\r\nsrc/modules/admin/admin.controller.ts(394,81): error TS1005: ',' expected.\r\nsrc/modules/admin/admin.controller.ts(394,97): error TS1005: ';' expected.\r\nsrc/modules/admin/admin.controller.ts(420,3): error TS1128: Declaration or statement expected.\r\nsrc/modules/admin/admin.controller.ts(420,10): error TS1434: Unexpected keyword or identifier.\r\nsrc/modules/admin/admin.controller.ts(420,40): error TS1005: ',' expected.\r\nsrc/modules/admin/admin.controller.ts(420,63): error TS1005: ',' expected.\r\nsrc/modules/admin/admin.controller.ts(420,79): error TS1005: ',' expected.\r\nsrc/modules/admin/admin.controller.ts(420,95): error TS1005: ';' expected.\r\nsrc/modules/admin/admin.controller.ts(442,3): error TS1128: Declaration or statement expected.\r\nsrc/modules/admin/admin.controller.ts(442,10): error TS1434: Unexpected keyword or identifier.\r\nsrc/modules/admin/admin.controller.ts(442,35): error TS1005: ',' expected.\r\nsrc/modules/admin/admin.controller.ts(442,58): error TS1005: ',' expected.\r\nsrc/modules/admin/admin.controller.ts(442,74): error TS1005: ',' expected.\r\nsrc/modules/admin/admin.controller.ts(442,90): error TS1005: ';' expected.\r\nsrc/modules/admin/admin.controller.ts(461,3): error TS1128: Declaration or statement expected.\r\nsrc/modules/admin/admin.controller.ts(461,10): error TS1434: Unexpected keyword or identifier.\r\nsrc/modules/admin/admin.controller.ts(461,40): error TS1005: ',' expected.\r\nsrc/modules/admin/admin.controller.ts(461,63): error TS1005: ',' expected.\r\nsrc/modules/admin/admin.controller.ts(461,79): error TS1005: ',' expected.\r\nsrc/modules/admin/admin.controller.ts(461,95): error TS1005: ';' expected.\r\nsrc/modules/admin/admin.controller.ts(480,3): error TS1128: Declaration or statement expected.\r\nsrc/modules/admin/admin.controller.ts(480,10): error TS1434: Unexpected keyword or identifier.\r\nsrc/modules/admin/admin.controller.ts(480,28): error TS1005: ',' expected.\r\nsrc/modules/admin/admin.controller.ts(480,51): error TS1005: ',' expected.\r\nsrc/modules/admin/admin.controller.ts(480,67): error TS1005: ',' expected.\r\nsrc/modules/admin/admin.controller.ts(480,83): error TS1005: ';' expected.\r\nsrc/modules/admin/admin.controller.ts(498,3): error TS1128: Declaration or statement expected.\r\nsrc/modules/admin/admin.controller.ts(498,10): error TS1434: Unexpected keyword or identifier.\r\nsrc/modules/admin/admin.controller.ts(498,31): error TS1005: ',' expected.\r\nsrc/modules/admin/admin.controller.ts(498,54): error TS1005: ',' expected.\r\nsrc/modules/admin/admin.controller.ts(498,70): error TS1005: ',' expected.\r\nsrc/modules/admin/admin.controller.ts(498,86): error TS1005: ';' expected.\r\nsrc/modules/admin/admin.controller.ts(514,3): error TS1128: Declaration or statement expected.\r\nsrc/modules/admin/admin.controller.ts(514,10): error TS1434: Unexpected keyword or identifier.\r\nsrc/modules/admin/admin.controller.ts(514,34): error TS1005: ',' expected.\r\nsrc/modules/admin/admin.controller.ts(514,57): error TS1005: ',' expected.\r\nsrc/modules/admin/admin.controller.ts(514,73): error TS1005: ',' expected.\r\nsrc/modules/admin/admin.controller.ts(514,89): error TS1005: ';' expected.\r\nsrc/modules/admin/admin.controller.ts(536,3): error TS1128: Declaration or statement expected.\r\nsrc/modules/admin/admin.controller.ts(536,10): error TS1434: Unexpected keyword or identifier.\r\nsrc/modules/admin/admin.controller.ts(536,25): error TS1005: ',' expected.\r\nsrc/modules/admin/admin.controller.ts(536,39): error TS1005: ',' expected.\r\nsrc/modules/admin/admin.controller.ts(536,55): error TS1005: ',' expected.\r\nsrc/modules/admin/admin.controller.ts(536,71): error TS1005: ';' expected.\r\nsrc/modules/admin/admin.controller.ts(560,3): error TS1128: Declaration or statement expected.\r\nsrc/modules/admin/admin.controller.ts(560,10): error TS1434: Unexpected keyword or identifier.\r\nsrc/modules/admin/admin.controller.ts(560,27): error TS1005: ',' expected.\r\nsrc/modules/admin/admin.controller.ts(560,50): error TS1005: ',' expected.\r\nsrc/modules/admin/admin.controller.ts(560,66): error TS1005: ',' expected.\r\nsrc/modules/admin/admin.controller.ts(560,82): error TS1005: ';' expected.\r\nsrc/modules/admin/admin.controller.ts(582,3): error TS1128: Declaration or statement expected.\r\nsrc/modules/admin/admin.controller.ts(582,10): error TS1434: Unexpected keyword or identifier.\r\nsrc/modules/admin/admin.controller.ts(582,26): error TS1005: ',' expected.\r\nsrc/modules/admin/admin.controller.ts(582,49): error TS1005: ',' expected.\r\nsrc/modules/admin/admin.controller.ts(582,65): error TS1005: ',' expected.\r\nsrc/modules/admin/admin.controller.ts(582,81): error TS1005: ';' expected.\r\nsrc/modules/admin/admin.controller.ts(605,3): error TS1128: Declaration or statement expected.\r\nsrc/modules/admin/admin.controller.ts(605,10): error TS1434: Unexpected keyword or identifier.\r\nsrc/modules/admin/admin.controller.ts(605,33): error TS1005: ',' expected.\r\nsrc/modules/admin/admin.controller.ts(605,47): error TS1005: ',' expected.\r\nsrc/modules/admin/admin.controller.ts(605,63): error TS1005: ',' expected.\r\nsrc/modules/admin/admin.controller.ts(605,79): error TS1005: ';' expected.\r\nsrc/modules/admin/admin.controller.ts(631,3): error TS1128: Declaration or statement expected.\r\nsrc/modules/admin/admin.controller.ts(631,10): error TS1434: Unexpected keyword or identifier.\r\nsrc/modules/admin/admin.controller.ts(631,39): error TS1005: ',' expected.\r\nsrc/modules/admin/admin.controller.ts(631,53): error TS1005: ',' expected.\r\nsrc/modules/admin/admin.controller.ts(631,69): error TS1005: ',' expected.\r\nsrc/modules/admin/admin.controller.ts(631,85): error TS1005: ';' expected.\r\nsrc/modules/admin/admin.controller.ts(656,3): error TS1128: Declaration or statement expected.\r\nsrc/modules/admin/admin.controller.ts(656,10): error TS1434: Unexpected keyword or identifier.\r\nsrc/modules/admin/admin.controller.ts(656,33): error TS1005: ',' expected.\r\nsrc/modules/admin/admin.controller.ts(656,47): error TS1005: ',' expected.\r\nsrc/modules/admin/admin.controller.ts(656,63): error TS1005: ',' expected.\r\nsrc/modules/admin/admin.controller.ts(656,79): error TS1005: ';' expected.\r\nsrc/modules/admin/admin.controller.ts(682,3): error TS1128: Declaration or statement expected.\r\nsrc/modules/admin/admin.controller.ts(682,10): error TS1434: Unexpected keyword or identifier.\r\nsrc/modules/admin/admin.controller.ts(682,34): error TS1005: ',' expected.\r\nsrc/modules/admin/admin.controller.ts(682,57): error TS1005: ',' expected.\r\nsrc/modules/admin/admin.controller.ts(682,73): error TS1005: ',' expected.\r\nsrc/modules/admin/admin.controller.ts(682,89): error TS1005: ';' expected.\r\nsrc/modules/admin/admin.controller.ts(698,1): error TS1128: Declaration or statement expected.\r\n\n    at Object.<anonymous> (C:\\Users\\ikchr\\Documents\\prime-loan-backend\\src\\modules\\admin\\admin.controller.ts:1:7)\n    at Module.<anonymous> (node:internal/modules/cjs/loader:1688:14)\n    at Module._compile (C:\\Users\\ikchr\\Documents\\prime-loan-backend\\node_modules\\source-map-support\\source-map-support.js:568:25)\n    at Module.m._compile (C:\\Users\\ikchr\\AppData\\Local\\Temp\\ts-node-dev-hook-8015691156769749.js:69:33)\n    at node:internal/modules/cjs/loader:1820:10\n    at require.extensions..jsx.require.extensions..js (C:\\Users\\ikchr\\AppData\\Local\\Temp\\ts-node-dev-hook-8015691156769749.js:114:20)\n    at require.extensions.<computed> (C:\\Users\\ikchr\\AppData\\Local\\Temp\\ts-node-dev-hook-8015691156769749.js:71:20)\n    at Object.nodeDevHook [as .ts] (C:\\Users\\ikchr\\Documents\\prime-loan-backend\\node_modules\\ts-node-dev\\lib\\hook.js:63:13)\n    at Module.load (node:internal/modules/cjs/loader:1423:32)\n    at Function._load (node:internal/modules/cjs/loader:1246:12)","os":{"loadavg":[0,0,0],"uptime":23605.343},"process":{"argv":["C:\\Program Files\\nodejs\\node.exe","src/server.ts"],"cwd":"C:\\Users\\ikchr\\Documents\\prime-loan-backend","execPath":"C:\\Program Files\\nodejs\\node.exe","gid":null,"memoryUsage":{"arrayBuffers":18526890,"external":21832689,"heapTotal":75210752,"heapUsed":52859440,"rss":130109440},"pid":15588,"uid":null,"version":"v22.18.0"},"stack":"Error: ⨯ Unable to compile TypeScript:\nsrc/modules/admin/admin.controller.ts(257,16): error TS1005: ',' expected.\r\nsrc/modules/admin/admin.controller.ts(258,7): error TS1472: 'catch' or 'finally' expected.\r\nsrc/modules/admin/admin.controller.ts(273,3): error TS1128: Declaration or statement expected.\r\nsrc/modules/admin/admin.controller.ts(273,10): error TS1434: Unexpected keyword or identifier.\r\nsrc/modules/admin/admin.controller.ts(273,34): error TS1005: ',' expected.\r\nsrc/modules/admin/admin.controller.ts(273,57): error TS1005: ',' expected.\r\nsrc/modules/admin/admin.controller.ts(273,73): error TS1005: ',' expected.\r\nsrc/modules/admin/admin.controller.ts(273,89): error TS1005: ';' expected.\r\nsrc/modules/admin/admin.controller.ts(296,3): error TS1128: Declaration or statement expected.\r\nsrc/modules/admin/admin.controller.ts(296,10): error TS1434: Unexpected keyword or identifier.\r\nsrc/modules/admin/admin.controller.ts(296,42): error TS1005: ',' expected.\r\nsrc/modules/admin/admin.controller.ts(296,65): error TS1005: ',' expected.\r\nsrc/modules/admin/admin.controller.ts(296,81): error TS1005: ',' expected.\r\nsrc/modules/admin/admin.controller.ts(296,97): error TS1005: ';' expected.\r\nsrc/modules/admin/admin.controller.ts(319,3): error TS1128: Declaration or statement expected.\r\nsrc/modules/admin/admin.controller.ts(319,10): error TS1434: Unexpected keyword or identifier.\r\nsrc/modules/admin/admin.controller.ts(319,35): error TS1005: ',' expected.\r\nsrc/modules/admin/admin.controller.ts(319,58): error TS1005: ',' expected.\r\nsrc/modules/admin/admin.controller.ts(319,74): error TS1005: ',' expected.\r\nsrc/modules/admin/admin.controller.ts(319,90): error TS1005: ';' expected.\r\nsrc/modules/admin/admin.controller.ts(372,3): error TS1128: Declaration or statement expected.\r\nsrc/modules/admin/admin.controller.ts(372,10): error TS1434: Unexpected keyword or identifier.\r\nsrc/modules/admin/admin.controller.ts(372,52): error TS1005: ',' expected.\r\nsrc/modules/admin/admin.controller.ts(372,75): error TS1005: ',' expected.\r\nsrc/modules/admin/admin.controller.ts(372,91): error TS1005: ',' expected.\r\nsrc/modules/admin/admin.controller.ts(372,107): error TS1005: ';' expected.\r\nsrc/modules/admin/admin.controller.ts(394,3): error TS1128: Declaration or statement expected.\r\nsrc/modules/admin/admin.controller.ts(394,10): error TS1434: Unexpected keyword or identifier.\r\nsrc/modules/admin/admin.controller.ts(394,42): error TS1005: ',' expected.\r\nsrc/modules/admin/admin.controller.ts(394,65): error TS1005: ',' expected.\r\nsrc/modules/admin/admin.controller.ts(394,81): error TS1005: ',' expected.\r\nsrc/modules/admin/admin.controller.ts(394,97): error TS1005: ';' expected.\r\nsrc/modules/admin/admin.controller.ts(420,3): error TS1128: Declaration or statement expected.\r\nsrc/modules/admin/admin.controller.ts(420,10): error TS1434: Unexpected keyword or identifier.\r\nsrc/modules/admin/admin.controller.ts(420,40): error TS1005: ',' expected.\r\nsrc/modules/admin/admin.controller.ts(420,63): error TS1005: ',' expected.\r\nsrc/modules/admin/admin.controller.ts(420,79): error TS1005: ',' expected.\r\nsrc/modules/admin/admin.controller.ts(420,95): error TS1005: ';' expected.\r\nsrc/modules/admin/admin.controller.ts(442,3): error TS1128: Declaration or statement expected.\r\nsrc/modules/admin/admin.controller.ts(442,10): error TS1434: Unexpected keyword or identifier.\r\nsrc/modules/admin/admin.controller.ts(442,35): error TS1005: ',' expected.\r\nsrc/modules/admin/admin.controller.ts(442,58): error TS1005: ',' expected.\r\nsrc/modules/admin/admin.controller.ts(442,74): error TS1005: ',' expected.\r\nsrc/modules/admin/admin.controller.ts(442,90): error TS1005: ';' expected.\r\nsrc/modules/admin/admin.controller.ts(461,3): error TS1128: Declaration or statement expected.\r\nsrc/modules/admin/admin.controller.ts(461,10): error TS1434: Unexpected keyword or identifier.\r\nsrc/modules/admin/admin.controller.ts(461,40): error TS1005: ',' expected.\r\nsrc/modules/admin/admin.controller.ts(461,63): error TS1005: ',' expected.\r\nsrc/modules/admin/admin.controller.ts(461,79): error TS1005: ',' expected.\r\nsrc/modules/admin/admin.controller.ts(461,95): error TS1005: ';' expected.\r\nsrc/modules/admin/admin.controller.ts(480,3): error TS1128: Declaration or statement expected.\r\nsrc/modules/admin/admin.controller.ts(480,10): error TS1434: Unexpected keyword or identifier.\r\nsrc/modules/admin/admin.controller.ts(480,28): error TS1005: ',' expected.\r\nsrc/modules/admin/admin.controller.ts(480,51): error TS1005: ',' expected.\r\nsrc/modules/admin/admin.controller.ts(480,67): error TS1005: ',' expected.\r\nsrc/modules/admin/admin.controller.ts(480,83): error TS1005: ';' expected.\r\nsrc/modules/admin/admin.controller.ts(498,3): error TS1128: Declaration or statement expected.\r\nsrc/modules/admin/admin.controller.ts(498,10): error TS1434: Unexpected keyword or identifier.\r\nsrc/modules/admin/admin.controller.ts(498,31): error TS1005: ',' expected.\r\nsrc/modules/admin/admin.controller.ts(498,54): error TS1005: ',' expected.\r\nsrc/modules/admin/admin.controller.ts(498,70): error TS1005: ',' expected.\r\nsrc/modules/admin/admin.controller.ts(498,86): error TS1005: ';' expected.\r\nsrc/modules/admin/admin.controller.ts(514,3): error TS1128: Declaration or statement expected.\r\nsrc/modules/admin/admin.controller.ts(514,10): error TS1434: Unexpected keyword or identifier.\r\nsrc/modules/admin/admin.controller.ts(514,34): error TS1005: ',' expected.\r\nsrc/modules/admin/admin.controller.ts(514,57): error TS1005: ',' expected.\r\nsrc/modules/admin/admin.controller.ts(514,73): error TS1005: ',' expected.\r\nsrc/modules/admin/admin.controller.ts(514,89): error TS1005: ';' expected.\r\nsrc/modules/admin/admin.controller.ts(536,3): error TS1128: Declaration or statement expected.\r\nsrc/modules/admin/admin.controller.ts(536,10): error TS1434: Unexpected keyword or identifier.\r\nsrc/modules/admin/admin.controller.ts(536,25): error TS1005: ',' expected.\r\nsrc/modules/admin/admin.controller.ts(536,39): error TS1005: ',' expected.\r\nsrc/modules/admin/admin.controller.ts(536,55): error TS1005: ',' expected.\r\nsrc/modules/admin/admin.controller.ts(536,71): error TS1005: ';' expected.\r\nsrc/modules/admin/admin.controller.ts(560,3): error TS1128: Declaration or statement expected.\r\nsrc/modules/admin/admin.controller.ts(560,10): error TS1434: Unexpected keyword or identifier.\r\nsrc/modules/admin/admin.controller.ts(560,27): error TS1005: ',' expected.\r\nsrc/modules/admin/admin.controller.ts(560,50): error TS1005: ',' expected.\r\nsrc/modules/admin/admin.controller.ts(560,66): error TS1005: ',' expected.\r\nsrc/modules/admin/admin.controller.ts(560,82): error TS1005: ';' expected.\r\nsrc/modules/admin/admin.controller.ts(582,3): error TS1128: Declaration or statement expected.\r\nsrc/modules/admin/admin.controller.ts(582,10): error TS1434: Unexpected keyword or identifier.\r\nsrc/modules/admin/admin.controller.ts(582,26): error TS1005: ',' expected.\r\nsrc/modules/admin/admin.controller.ts(582,49): error TS1005: ',' expected.\r\nsrc/modules/admin/admin.controller.ts(582,65): error TS1005: ',' expected.\r\nsrc/modules/admin/admin.controller.ts(582,81): error TS1005: ';' expected.\r\nsrc/modules/admin/admin.controller.ts(605,3): error TS1128: Declaration or statement expected.\r\nsrc/modules/admin/admin.controller.ts(605,10): error TS1434: Unexpected keyword or identifier.\r\nsrc/modules/admin/admin.controller.ts(605,33): error TS1005: ',' expected.\r\nsrc/modules/admin/admin.controller.ts(605,47): error TS1005: ',' expected.\r\nsrc/modules/admin/admin.controller.ts(605,63): error TS1005: ',' expected.\r\nsrc/modules/admin/admin.controller.ts(605,79): error TS1005: ';' expected.\r\nsrc/modules/admin/admin.controller.ts(631,3): error TS1128: Declaration or statement expected.\r\nsrc/modules/admin/admin.controller.ts(631,10): error TS1434: Unexpected keyword or identifier.\r\nsrc/modules/admin/admin.controller.ts(631,39): error TS1005: ',' expected.\r\nsrc/modules/admin/admin.controller.ts(631,53): error TS1005: ',' expected.\r\nsrc/modules/admin/admin.controller.ts(631,69): error TS1005: ',' expected.\r\nsrc/modules/admin/admin.controller.ts(631,85): error TS1005: ';' expected.\r\nsrc/modules/admin/admin.controller.ts(656,3): error TS1128: Declaration or statement expected.\r\nsrc/modules/admin/admin.controller.ts(656,10): error TS1434: Unexpected keyword or identifier.\r\nsrc/modules/admin/admin.controller.ts(656,33): error TS1005: ',' expected.\r\nsrc/modules/admin/admin.controller.ts(656,47): error TS1005: ',' expected.\r\nsrc/modules/admin/admin.controller.ts(656,63): error TS1005: ',' expected.\r\nsrc/modules/admin/admin.controller.ts(656,79): error TS1005: ';' expected.\r\nsrc/modules/admin/admin.controller.ts(682,3): error TS1128: Declaration or statement expected.\r\nsrc/modules/admin/admin.controller.ts(682,10): error TS1434: Unexpected keyword or identifier.\r\nsrc/modules/admin/admin.controller.ts(682,34): error TS1005: ',' expected.\r\nsrc/modules/admin/admin.controller.ts(682,57): error TS1005: ',' expected.\r\nsrc/modules/admin/admin.controller.ts(682,73): error TS1005: ',' expected.\r\nsrc/modules/admin/admin.controller.ts(682,89): error TS1005: ';' expected.\r\nsrc/modules/admin/admin.controller.ts(698,1): error TS1128: Declaration or statement expected.\r\n\n    at Object.<anonymous> (C:\\Users\\ikchr\\Documents\\prime-loan-backend\\src\\modules\\admin\\admin.controller.ts:1:7)\n    at Module.<anonymous> (node:internal/modules/cjs/loader:1688:14)\n    at Module._compile (C:\\Users\\ikchr\\Documents\\prime-loan-backend\\node_modules\\source-map-support\\source-map-support.js:568:25)\n    at Module.m._compile (C:\\Users\\ikchr\\AppData\\Local\\Temp\\ts-node-dev-hook-8015691156769749.js:69:33)\n    at node:internal/modules/cjs/loader:1820:10\n    at require.extensions..jsx.require.extensions..js (C:\\Users\\ikchr\\AppData\\Local\\Temp\\ts-node-dev-hook-8015691156769749.js:114:20)\n    at require.extensions.<computed> (C:\\Users\\ikchr\\AppData\\Local\\Temp\\ts-node-dev-hook-8015691156769749.js:71:20)\n    at Object.nodeDevHook [as .ts] (C:\\Users\\ikchr\\Documents\\prime-loan-backend\\node_modules\\ts-node-dev\\lib\\hook.js:63:13)\n    at Module.load (node:internal/modules/cjs/loader:1423:32)\n    at Function._load (node:internal/modules/cjs/loader:1246:12)","trace":[{"column":7,"file":"C:\\Users\\ikchr\\Documents\\prime-loan-backend\\src\\modules\\admin\\admin.controller.ts","function":null,"line":1,"method":null,"native":false},{"column":14,"file":"node:internal/modules/cjs/loader","function":null,"line":1688,"method":null,"native":false},{"column":25,"file":"C:\\Users\\ikchr\\Documents\\prime-loan-backend\\node_modules\\source-map-support\\source-map-support.js","function":"Module._compile","line":568,"method":"_compile","native":false},{"column":33,"file":"C:\\Users\\ikchr\\AppData\\Local\\Temp\\ts-node-dev-hook-8015691156769749.js","function":"Module.m._compile","line":69,"method":"_compile","native":false},{"column":10,"file":"node:internal/modules/cjs/loader","function":null,"line":1820,"method":null,"native":false},{"column":20,"file":"C:\\Users\\ikchr\\AppData\\Local\\Temp\\ts-node-dev-hook-8015691156769749.js","function":"require.extensions..jsx.require.extensions..js","line":114,"method":".js","native":false},{"column":20,"file":"C:\\Users\\ikchr\\AppData\\Local\\Temp\\ts-node-dev-hook-8015691156769749.js","function":"require.extensions.<computed>","line":71,"method":"<computed>","native":false},{"column":13,"file":"C:\\Users\\ikchr\\Documents\\prime-loan-backend\\node_modules\\ts-node-dev\\lib\\hook.js","function":"Object.nodeDevHook [as .ts]","line":63,"method":"ts]","native":false},{"column":32,"file":"node:internal/modules/cjs/loader","function":"Module.load","line":1423,"method":"load","native":false},{"column":12,"file":"node:internal/modules/cjs/loader","function":"Function._load","line":1246,"method":"_load","native":false}]}
{"date":"Thu Sep 18 2025 00:38:50 GMT+0100 (West Africa Standard Time)","error":{},"exception":true,"level":"error","message":"uncaughtException: Missing initializer in destructuring declaration\nC:\\Users\\ikchr\\Documents\\prime-loan-backend\\src\\modules\\admin\\admin.controller.ts:257\n                const { search, status };\n                      ^^^^^^^^^^^^^^^^^^\n\nSyntaxError: Missing initializer in destructuring declaration\n    at wrapSafe (node:internal/modules/cjs/loader:1620:18)\n    at Module.<anonymous> (node:internal/modules/cjs/loader:1662:20)\n    at Module._compile (C:\\Users\\ikchr\\Documents\\prime-loan-backend\\node_modules\\source-map-support\\source-map-support.js:568:25)\n    at Module.m._compile (C:\\Users\\ikchr\\AppData\\Local\\Temp\\ts-node-dev-hook-8015691156769749.js:69:33)\n    at node:internal/modules/cjs/loader:1820:10\n    at require.extensions..jsx.require.extensions..js (C:\\Users\\ikchr\\AppData\\Local\\Temp\\ts-node-dev-hook-8015691156769749.js:114:20)\n    at require.extensions.<computed> (C:\\Users\\ikchr\\AppData\\Local\\Temp\\ts-node-dev-hook-8015691156769749.js:71:20)\n    at Object.nodeDevHook [as .ts] (C:\\Users\\ikchr\\Documents\\prime-loan-backend\\node_modules\\ts-node-dev\\lib\\hook.js:63:13)\n    at Module.load (node:internal/modules/cjs/loader:1423:32)\n    at Function._load (node:internal/modules/cjs/loader:1246:12)","os":{"loadavg":[0,0,0],"uptime":23613.843},"process":{"argv":["C:\\Program Files\\nodejs\\node.exe","src/server.ts"],"cwd":"C:\\Users\\ikchr\\Documents\\prime-loan-backend","execPath":"C:\\Program Files\\nodejs\\node.exe","gid":null,"memoryUsage":{"arrayBuffers":18498477,"external":21832689,"heapTotal":75210752,"heapUsed":52727304,"rss":130621440},"pid":17268,"uid":null,"version":"v22.18.0"},"stack":"C:\\Users\\ikchr\\Documents\\prime-loan-backend\\src\\modules\\admin\\admin.controller.ts:257\n                const { search, status };\n                      ^^^^^^^^^^^^^^^^^^\n\nSyntaxError: Missing initializer in destructuring declaration\n    at wrapSafe (node:internal/modules/cjs/loader:1620:18)\n    at Module.<anonymous> (node:internal/modules/cjs/loader:1662:20)\n    at Module._compile (C:\\Users\\ikchr\\Documents\\prime-loan-backend\\node_modules\\source-map-support\\source-map-support.js:568:25)\n    at Module.m._compile (C:\\Users\\ikchr\\AppData\\Local\\Temp\\ts-node-dev-hook-8015691156769749.js:69:33)\n    at node:internal/modules/cjs/loader:1820:10\n    at require.extensions..jsx.require.extensions..js (C:\\Users\\ikchr\\AppData\\Local\\Temp\\ts-node-dev-hook-8015691156769749.js:114:20)\n    at require.extensions.<computed> (C:\\Users\\ikchr\\AppData\\Local\\Temp\\ts-node-dev-hook-8015691156769749.js:71:20)\n    at Object.nodeDevHook [as .ts] (C:\\Users\\ikchr\\Documents\\prime-loan-backend\\node_modules\\ts-node-dev\\lib\\hook.js:63:13)\n    at Module.load (node:internal/modules/cjs/loader:1423:32)\n    at Function._load (node:internal/modules/cjs/loader:1246:12)","timestamp":"2025-09-17T23:38:50.861Z","trace":[{"column":18,"file":"node:internal/modules/cjs/loader","function":"wrapSafe","line":1620,"method":null,"native":false},{"column":20,"file":"node:internal/modules/cjs/loader","function":null,"line":1662,"method":null,"native":false},{"column":25,"file":"C:\\Users\\ikchr\\Documents\\prime-loan-backend\\node_modules\\source-map-support\\source-map-support.js","function":"Module._compile","line":568,"method":"_compile","native":false},{"column":33,"file":"C:\\Users\\ikchr\\AppData\\Local\\Temp\\ts-node-dev-hook-8015691156769749.js","function":"Module.m._compile","line":69,"method":"_compile","native":false},{"column":10,"file":"node:internal/modules/cjs/loader","function":null,"line":1820,"method":null,"native":false},{"column":20,"file":"C:\\Users\\ikchr\\AppData\\Local\\Temp\\ts-node-dev-hook-8015691156769749.js","function":"require.extensions..jsx.require.extensions..js","line":114,"method":".js","native":false},{"column":20,"file":"C:\\Users\\ikchr\\AppData\\Local\\Temp\\ts-node-dev-hook-8015691156769749.js","function":"require.extensions.<computed>","line":71,"method":"<computed>","native":false},{"column":13,"file":"C:\\Users\\ikchr\\Documents\\prime-loan-backend\\node_modules\\ts-node-dev\\lib\\hook.js","function":"Object.nodeDevHook [as .ts]","line":63,"method":"ts]","native":false},{"column":32,"file":"node:internal/modules/cjs/loader","function":"Module.load","line":1423,"method":"load","native":false},{"column":12,"file":"node:internal/modules/cjs/loader","function":"Function._load","line":1246,"method":"_load","native":false}]}
{"date":"Thu Sep 18 2025 00:38:50 GMT+0100 (West Africa Standard Time)","error":{},"exception":true,"level":"error","message":"uncaughtException: Missing initializer in destructuring declaration\nC:\\Users\\ikchr\\Documents\\prime-loan-backend\\src\\modules\\admin\\admin.controller.ts:257\n                const { search, status };\n                      ^^^^^^^^^^^^^^^^^^\n\nSyntaxError: Missing initializer in destructuring declaration\n    at wrapSafe (node:internal/modules/cjs/loader:1620:18)\n    at Module.<anonymous> (node:internal/modules/cjs/loader:1662:20)\n    at Module._compile (C:\\Users\\ikchr\\Documents\\prime-loan-backend\\node_modules\\source-map-support\\source-map-support.js:568:25)\n    at Module.m._compile (C:\\Users\\ikchr\\AppData\\Local\\Temp\\ts-node-dev-hook-8015691156769749.js:69:33)\n    at node:internal/modules/cjs/loader:1820:10\n    at require.extensions..jsx.require.extensions..js (C:\\Users\\ikchr\\AppData\\Local\\Temp\\ts-node-dev-hook-8015691156769749.js:114:20)\n    at require.extensions.<computed> (C:\\Users\\ikchr\\AppData\\Local\\Temp\\ts-node-dev-hook-8015691156769749.js:71:20)\n    at Object.nodeDevHook [as .ts] (C:\\Users\\ikchr\\Documents\\prime-loan-backend\\node_modules\\ts-node-dev\\lib\\hook.js:63:13)\n    at Module.load (node:internal/modules/cjs/loader:1423:32)\n    at Function._load (node:internal/modules/cjs/loader:1246:12)","os":{"loadavg":[0,0,0],"uptime":23613.843},"process":{"argv":["C:\\Program Files\\nodejs\\node.exe","src/server.ts"],"cwd":"C:\\Users\\ikchr\\Documents\\prime-loan-backend","execPath":"C:\\Program Files\\nodejs\\node.exe","gid":null,"memoryUsage":{"arrayBuffers":18498477,"external":21832689,"heapTotal":75210752,"heapUsed":52727304,"rss":130621440},"pid":17268,"uid":null,"version":"v22.18.0"},"stack":"C:\\Users\\ikchr\\Documents\\prime-loan-backend\\src\\modules\\admin\\admin.controller.ts:257\n                const { search, status };\n                      ^^^^^^^^^^^^^^^^^^\n\nSyntaxError: Missing initializer in destructuring declaration\n    at wrapSafe (node:internal/modules/cjs/loader:1620:18)\n    at Module.<anonymous> (node:internal/modules/cjs/loader:1662:20)\n    at Module._compile (C:\\Users\\ikchr\\Documents\\prime-loan-backend\\node_modules\\source-map-support\\source-map-support.js:568:25)\n    at Module.m._compile (C:\\Users\\ikchr\\AppData\\Local\\Temp\\ts-node-dev-hook-8015691156769749.js:69:33)\n    at node:internal/modules/cjs/loader:1820:10\n    at require.extensions..jsx.require.extensions..js (C:\\Users\\ikchr\\AppData\\Local\\Temp\\ts-node-dev-hook-8015691156769749.js:114:20)\n    at require.extensions.<computed> (C:\\Users\\ikchr\\AppData\\Local\\Temp\\ts-node-dev-hook-8015691156769749.js:71:20)\n    at Object.nodeDevHook [as .ts] (C:\\Users\\ikchr\\Documents\\prime-loan-backend\\node_modules\\ts-node-dev\\lib\\hook.js:63:13)\n    at Module.load (node:internal/modules/cjs/loader:1423:32)\n    at Function._load (node:internal/modules/cjs/loader:1246:12)","trace":[{"column":18,"file":"node:internal/modules/cjs/loader","function":"wrapSafe","line":1620,"method":null,"native":false},{"column":20,"file":"node:internal/modules/cjs/loader","function":null,"line":1662,"method":null,"native":false},{"column":25,"file":"C:\\Users\\ikchr\\Documents\\prime-loan-backend\\node_modules\\source-map-support\\source-map-support.js","function":"Module._compile","line":568,"method":"_compile","native":false},{"column":33,"file":"C:\\Users\\ikchr\\AppData\\Local\\Temp\\ts-node-dev-hook-8015691156769749.js","function":"Module.m._compile","line":69,"method":"_compile","native":false},{"column":10,"file":"node:internal/modules/cjs/loader","function":null,"line":1820,"method":null,"native":false},{"column":20,"file":"C:\\Users\\ikchr\\AppData\\Local\\Temp\\ts-node-dev-hook-8015691156769749.js","function":"require.extensions..jsx.require.extensions..js","line":114,"method":".js","native":false},{"column":20,"file":"C:\\Users\\ikchr\\AppData\\Local\\Temp\\ts-node-dev-hook-8015691156769749.js","function":"require.extensions.<computed>","line":71,"method":"<computed>","native":false},{"column":13,"file":"C:\\Users\\ikchr\\Documents\\prime-loan-backend\\node_modules\\ts-node-dev\\lib\\hook.js","function":"Object.nodeDevHook [as .ts]","line":63,"method":"ts]","native":false},{"column":32,"file":"node:internal/modules/cjs/loader","function":"Module.load","line":1423,"method":"load","native":false},{"column":12,"file":"node:internal/modules/cjs/loader","function":"Function._load","line":1246,"method":"_load","native":false}]}
{"date":"Thu Sep 18 2025 00:39:10 GMT+0100 (West Africa Standard Time)","error":{},"exception":true,"level":"error","message":"uncaughtException: Missing initializer in destructuring declaration\nC:\\Users\\ikchr\\Documents\\prime-loan-backend\\src\\modules\\admin\\admin.controller.ts:257\n                const { search, type, status };\n                      ^^^^^^^^^^^^^^^^^^^^^^^^\n\nSyntaxError: Missing initializer in destructuring declaration\n    at wrapSafe (node:internal/modules/cjs/loader:1620:18)\n    at Module.<anonymous> (node:internal/modules/cjs/loader:1662:20)\n    at Module._compile (C:\\Users\\ikchr\\Documents\\prime-loan-backend\\node_modules\\source-map-support\\source-map-support.js:568:25)\n    at Module.m._compile (C:\\Users\\ikchr\\AppData\\Local\\Temp\\ts-node-dev-hook-8015691156769749.js:69:33)\n    at node:internal/modules/cjs/loader:1820:10\n    at require.extensions..jsx.require.extensions..js (C:\\Users\\ikchr\\AppData\\Local\\Temp\\ts-node-dev-hook-8015691156769749.js:114:20)\n    at require.extensions.<computed> (C:\\Users\\ikchr\\AppData\\Local\\Temp\\ts-node-dev-hook-8015691156769749.js:71:20)\n    at Object.nodeDevHook [as .ts] (C:\\Users\\ikchr\\Documents\\prime-loan-backend\\node_modules\\ts-node-dev\\lib\\hook.js:63:13)\n    at Module.load (node:internal/modules/cjs/loader:1423:32)\n    at Function._load (node:internal/modules/cjs/loader:1246:12)","os":{"loadavg":[0,0,0],"uptime":23633.453},"process":{"argv":["C:\\Program Files\\nodejs\\node.exe","src/server.ts"],"cwd":"C:\\Users\\ikchr\\Documents\\prime-loan-backend","execPath":"C:\\Program Files\\nodejs\\node.exe","gid":null,"memoryUsage":{"arrayBuffers":18498477,"external":21832689,"heapTotal":75210752,"heapUsed":52497992,"rss":130088960},"pid":2104,"uid":null,"version":"v22.18.0"},"stack":"C:\\Users\\ikchr\\Documents\\prime-loan-backend\\src\\modules\\admin\\admin.controller.ts:257\n                const { search, type, status };\n                      ^^^^^^^^^^^^^^^^^^^^^^^^\n\nSyntaxError: Missing initializer in destructuring declaration\n    at wrapSafe (node:internal/modules/cjs/loader:1620:18)\n    at Module.<anonymous> (node:internal/modules/cjs/loader:1662:20)\n    at Module._compile (C:\\Users\\ikchr\\Documents\\prime-loan-backend\\node_modules\\source-map-support\\source-map-support.js:568:25)\n    at Module.m._compile (C:\\Users\\ikchr\\AppData\\Local\\Temp\\ts-node-dev-hook-8015691156769749.js:69:33)\n    at node:internal/modules/cjs/loader:1820:10\n    at require.extensions..jsx.require.extensions..js (C:\\Users\\ikchr\\AppData\\Local\\Temp\\ts-node-dev-hook-8015691156769749.js:114:20)\n    at require.extensions.<computed> (C:\\Users\\ikchr\\AppData\\Local\\Temp\\ts-node-dev-hook-8015691156769749.js:71:20)\n    at Object.nodeDevHook [as .ts] (C:\\Users\\ikchr\\Documents\\prime-loan-backend\\node_modules\\ts-node-dev\\lib\\hook.js:63:13)\n    at Module.load (node:internal/modules/cjs/loader:1423:32)\n    at Function._load (node:internal/modules/cjs/loader:1246:12)","timestamp":"2025-09-17T23:39:10.469Z","trace":[{"column":18,"file":"node:internal/modules/cjs/loader","function":"wrapSafe","line":1620,"method":null,"native":false},{"column":20,"file":"node:internal/modules/cjs/loader","function":null,"line":1662,"method":null,"native":false},{"column":25,"file":"C:\\Users\\ikchr\\Documents\\prime-loan-backend\\node_modules\\source-map-support\\source-map-support.js","function":"Module._compile","line":568,"method":"_compile","native":false},{"column":33,"file":"C:\\Users\\ikchr\\AppData\\Local\\Temp\\ts-node-dev-hook-8015691156769749.js","function":"Module.m._compile","line":69,"method":"_compile","native":false},{"column":10,"file":"node:internal/modules/cjs/loader","function":null,"line":1820,"method":null,"native":false},{"column":20,"file":"C:\\Users\\ikchr\\AppData\\Local\\Temp\\ts-node-dev-hook-8015691156769749.js","function":"require.extensions..jsx.require.extensions..js","line":114,"method":".js","native":false},{"column":20,"file":"C:\\Users\\ikchr\\AppData\\Local\\Temp\\ts-node-dev-hook-8015691156769749.js","function":"require.extensions.<computed>","line":71,"method":"<computed>","native":false},{"column":13,"file":"C:\\Users\\ikchr\\Documents\\prime-loan-backend\\node_modules\\ts-node-dev\\lib\\hook.js","function":"Object.nodeDevHook [as .ts]","line":63,"method":"ts]","native":false},{"column":32,"file":"node:internal/modules/cjs/loader","function":"Module.load","line":1423,"method":"load","native":false},{"column":12,"file":"node:internal/modules/cjs/loader","function":"Function._load","line":1246,"method":"_load","native":false}]}
{"date":"Thu Sep 18 2025 00:39:10 GMT+0100 (West Africa Standard Time)","error":{},"exception":true,"level":"error","message":"uncaughtException: Missing initializer in destructuring declaration\nC:\\Users\\ikchr\\Documents\\prime-loan-backend\\src\\modules\\admin\\admin.controller.ts:257\n                const { search, type, status };\n                      ^^^^^^^^^^^^^^^^^^^^^^^^\n\nSyntaxError: Missing initializer in destructuring declaration\n    at wrapSafe (node:internal/modules/cjs/loader:1620:18)\n    at Module.<anonymous> (node:internal/modules/cjs/loader:1662:20)\n    at Module._compile (C:\\Users\\ikchr\\Documents\\prime-loan-backend\\node_modules\\source-map-support\\source-map-support.js:568:25)\n    at Module.m._compile (C:\\Users\\ikchr\\AppData\\Local\\Temp\\ts-node-dev-hook-8015691156769749.js:69:33)\n    at node:internal/modules/cjs/loader:1820:10\n    at require.extensions..jsx.require.extensions..js (C:\\Users\\ikchr\\AppData\\Local\\Temp\\ts-node-dev-hook-8015691156769749.js:114:20)\n    at require.extensions.<computed> (C:\\Users\\ikchr\\AppData\\Local\\Temp\\ts-node-dev-hook-8015691156769749.js:71:20)\n    at Object.nodeDevHook [as .ts] (C:\\Users\\ikchr\\Documents\\prime-loan-backend\\node_modules\\ts-node-dev\\lib\\hook.js:63:13)\n    at Module.load (node:internal/modules/cjs/loader:1423:32)\n    at Function._load (node:internal/modules/cjs/loader:1246:12)","os":{"loadavg":[0,0,0],"uptime":23633.453},"process":{"argv":["C:\\Program Files\\nodejs\\node.exe","src/server.ts"],"cwd":"C:\\Users\\ikchr\\Documents\\prime-loan-backend","execPath":"C:\\Program Files\\nodejs\\node.exe","gid":null,"memoryUsage":{"arrayBuffers":18498477,"external":21832689,"heapTotal":75210752,"heapUsed":52497992,"rss":130088960},"pid":2104,"uid":null,"version":"v22.18.0"},"stack":"C:\\Users\\ikchr\\Documents\\prime-loan-backend\\src\\modules\\admin\\admin.controller.ts:257\n                const { search, type, status };\n                      ^^^^^^^^^^^^^^^^^^^^^^^^\n\nSyntaxError: Missing initializer in destructuring declaration\n    at wrapSafe (node:internal/modules/cjs/loader:1620:18)\n    at Module.<anonymous> (node:internal/modules/cjs/loader:1662:20)\n    at Module._compile (C:\\Users\\ikchr\\Documents\\prime-loan-backend\\node_modules\\source-map-support\\source-map-support.js:568:25)\n    at Module.m._compile (C:\\Users\\ikchr\\AppData\\Local\\Temp\\ts-node-dev-hook-8015691156769749.js:69:33)\n    at node:internal/modules/cjs/loader:1820:10\n    at require.extensions..jsx.require.extensions..js (C:\\Users\\ikchr\\AppData\\Local\\Temp\\ts-node-dev-hook-8015691156769749.js:114:20)\n    at require.extensions.<computed> (C:\\Users\\ikchr\\AppData\\Local\\Temp\\ts-node-dev-hook-8015691156769749.js:71:20)\n    at Object.nodeDevHook [as .ts] (C:\\Users\\ikchr\\Documents\\prime-loan-backend\\node_modules\\ts-node-dev\\lib\\hook.js:63:13)\n    at Module.load (node:internal/modules/cjs/loader:1423:32)\n    at Function._load (node:internal/modules/cjs/loader:1246:12)","trace":[{"column":18,"file":"node:internal/modules/cjs/loader","function":"wrapSafe","line":1620,"method":null,"native":false},{"column":20,"file":"node:internal/modules/cjs/loader","function":null,"line":1662,"method":null,"native":false},{"column":25,"file":"C:\\Users\\ikchr\\Documents\\prime-loan-backend\\node_modules\\source-map-support\\source-map-support.js","function":"Module._compile","line":568,"method":"_compile","native":false},{"column":33,"file":"C:\\Users\\ikchr\\AppData\\Local\\Temp\\ts-node-dev-hook-8015691156769749.js","function":"Module.m._compile","line":69,"method":"_compile","native":false},{"column":10,"file":"node:internal/modules/cjs/loader","function":null,"line":1820,"method":null,"native":false},{"column":20,"file":"C:\\Users\\ikchr\\AppData\\Local\\Temp\\ts-node-dev-hook-8015691156769749.js","function":"require.extensions..jsx.require.extensions..js","line":114,"method":".js","native":false},{"column":20,"file":"C:\\Users\\ikchr\\AppData\\Local\\Temp\\ts-node-dev-hook-8015691156769749.js","function":"require.extensions.<computed>","line":71,"method":"<computed>","native":false},{"column":13,"file":"C:\\Users\\ikchr\\Documents\\prime-loan-backend\\node_modules\\ts-node-dev\\lib\\hook.js","function":"Object.nodeDevHook [as .ts]","line":63,"method":"ts]","native":false},{"column":32,"file":"node:internal/modules/cjs/loader","function":"Module.load","line":1423,"method":"load","native":false},{"column":12,"file":"node:internal/modules/cjs/loader","function":"Function._load","line":1246,"method":"_load","native":false}]}
{"date":"Thu Sep 18 2025 00:39:22 GMT+0100 (West Africa Standard Time)","error":{},"exception":true,"level":"error","message":"uncaughtException: ⨯ Unable to compile TypeScript:\nsrc/modules/admin/admin.controller.ts(258,13): error TS1005: ',' expected.\r\n\nError: ⨯ Unable to compile TypeScript:\nsrc/modules/admin/admin.controller.ts(258,13): error TS1005: ',' expected.\r\n\n    at Object.<anonymous> (C:\\Users\\ikchr\\Documents\\prime-loan-backend\\src\\modules\\admin\\admin.controller.ts:1:7)\n    at Module.<anonymous> (node:internal/modules/cjs/loader:1688:14)\n    at Module._compile (C:\\Users\\ikchr\\Documents\\prime-loan-backend\\node_modules\\source-map-support\\source-map-support.js:568:25)\n    at Module.m._compile (C:\\Users\\ikchr\\AppData\\Local\\Temp\\ts-node-dev-hook-8015691156769749.js:69:33)\n    at node:internal/modules/cjs/loader:1820:10\n    at require.extensions..jsx.require.extensions..js (C:\\Users\\ikchr\\AppData\\Local\\Temp\\ts-node-dev-hook-8015691156769749.js:114:20)\n    at require.extensions.<computed> (C:\\Users\\ikchr\\AppData\\Local\\Temp\\ts-node-dev-hook-8015691156769749.js:71:20)\n    at Object.nodeDevHook [as .ts] (C:\\Users\\ikchr\\Documents\\prime-loan-backend\\node_modules\\ts-node-dev\\lib\\hook.js:63:13)\n    at Module.load (node:internal/modules/cjs/loader:1423:32)\n    at Function._load (node:internal/modules/cjs/loader:1246:12)","os":{"loadavg":[0,0,0],"uptime":23645.89},"process":{"argv":["C:\\Program Files\\nodejs\\node.exe","src/server.ts"],"cwd":"C:\\Users\\ikchr\\Documents\\prime-loan-backend","execPath":"C:\\Program Files\\nodejs\\node.exe","gid":null,"memoryUsage":{"arrayBuffers":18498531,"external":21832689,"heapTotal":74944512,"heapUsed":51889008,"rss":129605632},"pid":16052,"uid":null,"version":"v22.18.0"},"stack":"Error: ⨯ Unable to compile TypeScript:\nsrc/modules/admin/admin.controller.ts(258,13): error TS1005: ',' expected.\r\n\n    at Object.<anonymous> (C:\\Users\\ikchr\\Documents\\prime-loan-backend\\src\\modules\\admin\\admin.controller.ts:1:7)\n    at Module.<anonymous> (node:internal/modules/cjs/loader:1688:14)\n    at Module._compile (C:\\Users\\ikchr\\Documents\\prime-loan-backend\\node_modules\\source-map-support\\source-map-support.js:568:25)\n    at Module.m._compile (C:\\Users\\ikchr\\AppData\\Local\\Temp\\ts-node-dev-hook-8015691156769749.js:69:33)\n    at node:internal/modules/cjs/loader:1820:10\n    at require.extensions..jsx.require.extensions..js (C:\\Users\\ikchr\\AppData\\Local\\Temp\\ts-node-dev-hook-8015691156769749.js:114:20)\n    at require.extensions.<computed> (C:\\Users\\ikchr\\AppData\\Local\\Temp\\ts-node-dev-hook-8015691156769749.js:71:20)\n    at Object.nodeDevHook [as .ts] (C:\\Users\\ikchr\\Documents\\prime-loan-backend\\node_modules\\ts-node-dev\\lib\\hook.js:63:13)\n    at Module.load (node:internal/modules/cjs/loader:1423:32)\n    at Function._load (node:internal/modules/cjs/loader:1246:12)","timestamp":"2025-09-17T23:39:22.918Z","trace":[{"column":7,"file":"C:\\Users\\ikchr\\Documents\\prime-loan-backend\\src\\modules\\admin\\admin.controller.ts","function":null,"line":1,"method":null,"native":false},{"column":14,"file":"node:internal/modules/cjs/loader","function":null,"line":1688,"method":null,"native":false},{"column":25,"file":"C:\\Users\\ikchr\\Documents\\prime-loan-backend\\node_modules\\source-map-support\\source-map-support.js","function":"Module._compile","line":568,"method":"_compile","native":false},{"column":33,"file":"C:\\Users\\ikchr\\AppData\\Local\\Temp\\ts-node-dev-hook-8015691156769749.js","function":"Module.m._compile","line":69,"method":"_compile","native":false},{"column":10,"file":"node:internal/modules/cjs/loader","function":null,"line":1820,"method":null,"native":false},{"column":20,"file":"C:\\Users\\ikchr\\AppData\\Local\\Temp\\ts-node-dev-hook-8015691156769749.js","function":"require.extensions..jsx.require.extensions..js","line":114,"method":".js","native":false},{"column":20,"file":"C:\\Users\\ikchr\\AppData\\Local\\Temp\\ts-node-dev-hook-8015691156769749.js","function":"require.extensions.<computed>","line":71,"method":"<computed>","native":false},{"column":13,"file":"C:\\Users\\ikchr\\Documents\\prime-loan-backend\\node_modules\\ts-node-dev\\lib\\hook.js","function":"Object.nodeDevHook [as .ts]","line":63,"method":"ts]","native":false},{"column":32,"file":"node:internal/modules/cjs/loader","function":"Module.load","line":1423,"method":"load","native":false},{"column":12,"file":"node:internal/modules/cjs/loader","function":"Function._load","line":1246,"method":"_load","native":false}]}
{"date":"Thu Sep 18 2025 00:39:22 GMT+0100 (West Africa Standard Time)","error":{},"exception":true,"level":"error","message":"uncaughtException: ⨯ Unable to compile TypeScript:\nsrc/modules/admin/admin.controller.ts(258,13): error TS1005: ',' expected.\r\n\nError: ⨯ Unable to compile TypeScript:\nsrc/modules/admin/admin.controller.ts(258,13): error TS1005: ',' expected.\r\n\n    at Object.<anonymous> (C:\\Users\\ikchr\\Documents\\prime-loan-backend\\src\\modules\\admin\\admin.controller.ts:1:7)\n    at Module.<anonymous> (node:internal/modules/cjs/loader:1688:14)\n    at Module._compile (C:\\Users\\ikchr\\Documents\\prime-loan-backend\\node_modules\\source-map-support\\source-map-support.js:568:25)\n    at Module.m._compile (C:\\Users\\ikchr\\AppData\\Local\\Temp\\ts-node-dev-hook-8015691156769749.js:69:33)\n    at node:internal/modules/cjs/loader:1820:10\n    at require.extensions..jsx.require.extensions..js (C:\\Users\\ikchr\\AppData\\Local\\Temp\\ts-node-dev-hook-8015691156769749.js:114:20)\n    at require.extensions.<computed> (C:\\Users\\ikchr\\AppData\\Local\\Temp\\ts-node-dev-hook-8015691156769749.js:71:20)\n    at Object.nodeDevHook [as .ts] (C:\\Users\\ikchr\\Documents\\prime-loan-backend\\node_modules\\ts-node-dev\\lib\\hook.js:63:13)\n    at Module.load (node:internal/modules/cjs/loader:1423:32)\n    at Function._load (node:internal/modules/cjs/loader:1246:12)","os":{"loadavg":[0,0,0],"uptime":23645.89},"process":{"argv":["C:\\Program Files\\nodejs\\node.exe","src/server.ts"],"cwd":"C:\\Users\\ikchr\\Documents\\prime-loan-backend","execPath":"C:\\Program Files\\nodejs\\node.exe","gid":null,"memoryUsage":{"arrayBuffers":18498531,"external":21832689,"heapTotal":74944512,"heapUsed":51889008,"rss":129605632},"pid":16052,"uid":null,"version":"v22.18.0"},"stack":"Error: ⨯ Unable to compile TypeScript:\nsrc/modules/admin/admin.controller.ts(258,13): error TS1005: ',' expected.\r\n\n    at Object.<anonymous> (C:\\Users\\ikchr\\Documents\\prime-loan-backend\\src\\modules\\admin\\admin.controller.ts:1:7)\n    at Module.<anonymous> (node:internal/modules/cjs/loader:1688:14)\n    at Module._compile (C:\\Users\\ikchr\\Documents\\prime-loan-backend\\node_modules\\source-map-support\\source-map-support.js:568:25)\n    at Module.m._compile (C:\\Users\\ikchr\\AppData\\Local\\Temp\\ts-node-dev-hook-8015691156769749.js:69:33)\n    at node:internal/modules/cjs/loader:1820:10\n    at require.extensions..jsx.require.extensions..js (C:\\Users\\ikchr\\AppData\\Local\\Temp\\ts-node-dev-hook-8015691156769749.js:114:20)\n    at require.extensions.<computed> (C:\\Users\\ikchr\\AppData\\Local\\Temp\\ts-node-dev-hook-8015691156769749.js:71:20)\n    at Object.nodeDevHook [as .ts] (C:\\Users\\ikchr\\Documents\\prime-loan-backend\\node_modules\\ts-node-dev\\lib\\hook.js:63:13)\n    at Module.load (node:internal/modules/cjs/loader:1423:32)\n    at Function._load (node:internal/modules/cjs/loader:1246:12)","trace":[{"column":7,"file":"C:\\Users\\ikchr\\Documents\\prime-loan-backend\\src\\modules\\admin\\admin.controller.ts","function":null,"line":1,"method":null,"native":false},{"column":14,"file":"node:internal/modules/cjs/loader","function":null,"line":1688,"method":null,"native":false},{"column":25,"file":"C:\\Users\\ikchr\\Documents\\prime-loan-backend\\node_modules\\source-map-support\\source-map-support.js","function":"Module._compile","line":568,"method":"_compile","native":false},{"column":33,"file":"C:\\Users\\ikchr\\AppData\\Local\\Temp\\ts-node-dev-hook-8015691156769749.js","function":"Module.m._compile","line":69,"method":"_compile","native":false},{"column":10,"file":"node:internal/modules/cjs/loader","function":null,"line":1820,"method":null,"native":false},{"column":20,"file":"C:\\Users\\ikchr\\AppData\\Local\\Temp\\ts-node-dev-hook-8015691156769749.js","function":"require.extensions..jsx.require.extensions..js","line":114,"method":".js","native":false},{"column":20,"file":"C:\\Users\\ikchr\\AppData\\Local\\Temp\\ts-node-dev-hook-8015691156769749.js","function":"require.extensions.<computed>","line":71,"method":"<computed>","native":false},{"column":13,"file":"C:\\Users\\ikchr\\Documents\\prime-loan-backend\\node_modules\\ts-node-dev\\lib\\hook.js","function":"Object.nodeDevHook [as .ts]","line":63,"method":"ts]","native":false},{"column":32,"file":"node:internal/modules/cjs/loader","function":"Module.load","line":1423,"method":"load","native":false},{"column":12,"file":"node:internal/modules/cjs/loader","function":"Function._load","line":1246,"method":"_load","native":false}]}
{"date":"Thu Sep 18 2025 00:49:42 GMT+0100 (West Africa Standard Time)","error":{},"exception":true,"level":"error","message":"uncaughtException: search is not defined\nReferenceError: search is not defined\n    at Object.<anonymous> (C:\\Users\\ikchr\\Documents\\prime-loan-backend\\src\\validations\\adminSchema.ts:105:3)\n    at Module.<anonymous> (node:internal/modules/cjs/loader:1688:14)\n    at Module._compile (C:\\Users\\ikchr\\Documents\\prime-loan-backend\\node_modules\\source-map-support\\source-map-support.js:568:25)\n    at Module.m._compile (C:\\Users\\ikchr\\AppData\\Local\\Temp\\ts-node-dev-hook-8015691156769749.js:69:33)\n    at node:internal/modules/cjs/loader:1820:10\n    at require.extensions..jsx.require.extensions..js (C:\\Users\\ikchr\\AppData\\Local\\Temp\\ts-node-dev-hook-8015691156769749.js:114:20)\n    at require.extensions.<computed> (C:\\Users\\ikchr\\AppData\\Local\\Temp\\ts-node-dev-hook-8015691156769749.js:71:20)\n    at Object.nodeDevHook [as .ts] (C:\\Users\\ikchr\\Documents\\prime-loan-backend\\node_modules\\ts-node-dev\\lib\\hook.js:63:13)\n    at Module.load (node:internal/modules/cjs/loader:1423:32)\n    at Function._load (node:internal/modules/cjs/loader:1246:12)","os":{"loadavg":[0,0,0],"uptime":24265.234},"process":{"argv":["C:\\Program Files\\nodejs\\node.exe","src/server.ts"],"cwd":"C:\\Users\\ikchr\\Documents\\prime-loan-backend","execPath":"C:\\Program Files\\nodejs\\node.exe","gid":null,"memoryUsage":{"arrayBuffers":18497060,"external":21840954,"heapTotal":74944512,"heapUsed":45752384,"rss":130162688},"pid":8496,"uid":null,"version":"v22.18.0"},"stack":"ReferenceError: search is not defined\n    at Object.<anonymous> (C:\\Users\\ikchr\\Documents\\prime-loan-backend\\src\\validations\\adminSchema.ts:105:3)\n    at Module.<anonymous> (node:internal/modules/cjs/loader:1688:14)\n    at Module._compile (C:\\Users\\ikchr\\Documents\\prime-loan-backend\\node_modules\\source-map-support\\source-map-support.js:568:25)\n    at Module.m._compile (C:\\Users\\ikchr\\AppData\\Local\\Temp\\ts-node-dev-hook-8015691156769749.js:69:33)\n    at node:internal/modules/cjs/loader:1820:10\n    at require.extensions..jsx.require.extensions..js (C:\\Users\\ikchr\\AppData\\Local\\Temp\\ts-node-dev-hook-8015691156769749.js:114:20)\n    at require.extensions.<computed> (C:\\Users\\ikchr\\AppData\\Local\\Temp\\ts-node-dev-hook-8015691156769749.js:71:20)\n    at Object.nodeDevHook [as .ts] (C:\\Users\\ikchr\\Documents\\prime-loan-backend\\node_modules\\ts-node-dev\\lib\\hook.js:63:13)\n    at Module.load (node:internal/modules/cjs/loader:1423:32)\n    at Function._load (node:internal/modules/cjs/loader:1246:12)","timestamp":"2025-09-17T23:49:42.261Z","trace":[{"column":3,"file":"C:\\Users\\ikchr\\Documents\\prime-loan-backend\\src\\validations\\adminSchema.ts","function":null,"line":105,"method":null,"native":false},{"column":14,"file":"node:internal/modules/cjs/loader","function":null,"line":1688,"method":null,"native":false},{"column":25,"file":"C:\\Users\\ikchr\\Documents\\prime-loan-backend\\node_modules\\source-map-support\\source-map-support.js","function":"Module._compile","line":568,"method":"_compile","native":false},{"column":33,"file":"C:\\Users\\ikchr\\AppData\\Local\\Temp\\ts-node-dev-hook-8015691156769749.js","function":"Module.m._compile","line":69,"method":"_compile","native":false},{"column":10,"file":"node:internal/modules/cjs/loader","function":null,"line":1820,"method":null,"native":false},{"column":20,"file":"C:\\Users\\ikchr\\AppData\\Local\\Temp\\ts-node-dev-hook-8015691156769749.js","function":"require.extensions..jsx.require.extensions..js","line":114,"method":".js","native":false},{"column":20,"file":"C:\\Users\\ikchr\\AppData\\Local\\Temp\\ts-node-dev-hook-8015691156769749.js","function":"require.extensions.<computed>","line":71,"method":"<computed>","native":false},{"column":13,"file":"C:\\Users\\ikchr\\Documents\\prime-loan-backend\\node_modules\\ts-node-dev\\lib\\hook.js","function":"Object.nodeDevHook [as .ts]","line":63,"method":"ts]","native":false},{"column":32,"file":"node:internal/modules/cjs/loader","function":"Module.load","line":1423,"method":"load","native":false},{"column":12,"file":"node:internal/modules/cjs/loader","function":"Function._load","line":1246,"method":"_load","native":false}]}
{"date":"Thu Sep 18 2025 00:49:42 GMT+0100 (West Africa Standard Time)","error":{},"exception":true,"level":"error","message":"uncaughtException: search is not defined\nReferenceError: search is not defined\n    at Object.<anonymous> (C:\\Users\\ikchr\\Documents\\prime-loan-backend\\src\\validations\\adminSchema.ts:105:3)\n    at Module.<anonymous> (node:internal/modules/cjs/loader:1688:14)\n    at Module._compile (C:\\Users\\ikchr\\Documents\\prime-loan-backend\\node_modules\\source-map-support\\source-map-support.js:568:25)\n    at Module.m._compile (C:\\Users\\ikchr\\AppData\\Local\\Temp\\ts-node-dev-hook-8015691156769749.js:69:33)\n    at node:internal/modules/cjs/loader:1820:10\n    at require.extensions..jsx.require.extensions..js (C:\\Users\\ikchr\\AppData\\Local\\Temp\\ts-node-dev-hook-8015691156769749.js:114:20)\n    at require.extensions.<computed> (C:\\Users\\ikchr\\AppData\\Local\\Temp\\ts-node-dev-hook-8015691156769749.js:71:20)\n    at Object.nodeDevHook [as .ts] (C:\\Users\\ikchr\\Documents\\prime-loan-backend\\node_modules\\ts-node-dev\\lib\\hook.js:63:13)\n    at Module.load (node:internal/modules/cjs/loader:1423:32)\n    at Function._load (node:internal/modules/cjs/loader:1246:12)","os":{"loadavg":[0,0,0],"uptime":24265.234},"process":{"argv":["C:\\Program Files\\nodejs\\node.exe","src/server.ts"],"cwd":"C:\\Users\\ikchr\\Documents\\prime-loan-backend","execPath":"C:\\Program Files\\nodejs\\node.exe","gid":null,"memoryUsage":{"arrayBuffers":18497060,"external":21840954,"heapTotal":74944512,"heapUsed":45752384,"rss":130162688},"pid":8496,"uid":null,"version":"v22.18.0"},"stack":"ReferenceError: search is not defined\n    at Object.<anonymous> (C:\\Users\\ikchr\\Documents\\prime-loan-backend\\src\\validations\\adminSchema.ts:105:3)\n    at Module.<anonymous> (node:internal/modules/cjs/loader:1688:14)\n    at Module._compile (C:\\Users\\ikchr\\Documents\\prime-loan-backend\\node_modules\\source-map-support\\source-map-support.js:568:25)\n    at Module.m._compile (C:\\Users\\ikchr\\AppData\\Local\\Temp\\ts-node-dev-hook-8015691156769749.js:69:33)\n    at node:internal/modules/cjs/loader:1820:10\n    at require.extensions..jsx.require.extensions..js (C:\\Users\\ikchr\\AppData\\Local\\Temp\\ts-node-dev-hook-8015691156769749.js:114:20)\n    at require.extensions.<computed> (C:\\Users\\ikchr\\AppData\\Local\\Temp\\ts-node-dev-hook-8015691156769749.js:71:20)\n    at Object.nodeDevHook [as .ts] (C:\\Users\\ikchr\\Documents\\prime-loan-backend\\node_modules\\ts-node-dev\\lib\\hook.js:63:13)\n    at Module.load (node:internal/modules/cjs/loader:1423:32)\n    at Function._load (node:internal/modules/cjs/loader:1246:12)","trace":[{"column":3,"file":"C:\\Users\\ikchr\\Documents\\prime-loan-backend\\src\\validations\\adminSchema.ts","function":null,"line":105,"method":null,"native":false},{"column":14,"file":"node:internal/modules/cjs/loader","function":null,"line":1688,"method":null,"native":false},{"column":25,"file":"C:\\Users\\ikchr\\Documents\\prime-loan-backend\\node_modules\\source-map-support\\source-map-support.js","function":"Module._compile","line":568,"method":"_compile","native":false},{"column":33,"file":"C:\\Users\\ikchr\\AppData\\Local\\Temp\\ts-node-dev-hook-8015691156769749.js","function":"Module.m._compile","line":69,"method":"_compile","native":false},{"column":10,"file":"node:internal/modules/cjs/loader","function":null,"line":1820,"method":null,"native":false},{"column":20,"file":"C:\\Users\\ikchr\\AppData\\Local\\Temp\\ts-node-dev-hook-8015691156769749.js","function":"require.extensions..jsx.require.extensions..js","line":114,"method":".js","native":false},{"column":20,"file":"C:\\Users\\ikchr\\AppData\\Local\\Temp\\ts-node-dev-hook-8015691156769749.js","function":"require.extensions.<computed>","line":71,"method":"<computed>","native":false},{"column":13,"file":"C:\\Users\\ikchr\\Documents\\prime-loan-backend\\node_modules\\ts-node-dev\\lib\\hook.js","function":"Object.nodeDevHook [as .ts]","line":63,"method":"ts]","native":false},{"column":32,"file":"node:internal/modules/cjs/loader","function":"Module.load","line":1423,"method":"load","native":false},{"column":12,"file":"node:internal/modules/cjs/loader","function":"Function._load","line":1246,"method":"_load","native":false}]}
{"date":"Thu Sep 18 2025 00:49:50 GMT+0100 (West Africa Standard Time)","error":{},"exception":true,"level":"error","message":"uncaughtException: ⨯ Unable to compile TypeScript:\nsrc/validations/adminSchema.ts(106,1): error TS1109: Expression expected.\r\n\nError: ⨯ Unable to compile TypeScript:\nsrc/validations/adminSchema.ts(106,1): error TS1109: Expression expected.\r\n\n    at Object.<anonymous> (C:\\Users\\ikchr\\Documents\\prime-loan-backend\\src\\validations\\adminSchema.ts:1:7)\n    at Module.<anonymous> (node:internal/modules/cjs/loader:1688:14)\n    at Module._compile (C:\\Users\\ikchr\\Documents\\prime-loan-backend\\node_modules\\source-map-support\\source-map-support.js:568:25)\n    at Module.m._compile (C:\\Users\\ikchr\\AppData\\Local\\Temp\\ts-node-dev-hook-8015691156769749.js:69:33)\n    at node:internal/modules/cjs/loader:1820:10\n    at require.extensions..jsx.require.extensions..js (C:\\Users\\ikchr\\AppData\\Local\\Temp\\ts-node-dev-hook-8015691156769749.js:114:20)\n    at require.extensions.<computed> (C:\\Users\\ikchr\\AppData\\Local\\Temp\\ts-node-dev-hook-8015691156769749.js:71:20)\n    at Object.nodeDevHook [as .ts] (C:\\Users\\ikchr\\Documents\\prime-loan-backend\\node_modules\\ts-node-dev\\lib\\hook.js:63:13)\n    at Module.load (node:internal/modules/cjs/loader:1423:32)\n    at Function._load (node:internal/modules/cjs/loader:1246:12)","os":{"loadavg":[0,0,0],"uptime":24273.171},"process":{"argv":["C:\\Program Files\\nodejs\\node.exe","src/server.ts"],"cwd":"C:\\Users\\ikchr\\Documents\\prime-loan-backend","execPath":"C:\\Program Files\\nodejs\\node.exe","gid":null,"memoryUsage":{"arrayBuffers":18488872,"external":21832689,"heapTotal":75210752,"heapUsed":46445960,"rss":129683456},"pid":15112,"uid":null,"version":"v22.18.0"},"stack":"Error: ⨯ Unable to compile TypeScript:\nsrc/validations/adminSchema.ts(106,1): error TS1109: Expression expected.\r\n\n    at Object.<anonymous> (C:\\Users\\ikchr\\Documents\\prime-loan-backend\\src\\validations\\adminSchema.ts:1:7)\n    at Module.<anonymous> (node:internal/modules/cjs/loader:1688:14)\n    at Module._compile (C:\\Users\\ikchr\\Documents\\prime-loan-backend\\node_modules\\source-map-support\\source-map-support.js:568:25)\n    at Module.m._compile (C:\\Users\\ikchr\\AppData\\Local\\Temp\\ts-node-dev-hook-8015691156769749.js:69:33)\n    at node:internal/modules/cjs/loader:1820:10\n    at require.extensions..jsx.require.extensions..js (C:\\Users\\ikchr\\AppData\\Local\\Temp\\ts-node-dev-hook-8015691156769749.js:114:20)\n    at require.extensions.<computed> (C:\\Users\\ikchr\\AppData\\Local\\Temp\\ts-node-dev-hook-8015691156769749.js:71:20)\n    at Object.nodeDevHook [as .ts] (C:\\Users\\ikchr\\Documents\\prime-loan-backend\\node_modules\\ts-node-dev\\lib\\hook.js:63:13)\n    at Module.load (node:internal/modules/cjs/loader:1423:32)\n    at Function._load (node:internal/modules/cjs/loader:1246:12)","timestamp":"2025-09-17T23:49:50.190Z","trace":[{"column":7,"file":"C:\\Users\\ikchr\\Documents\\prime-loan-backend\\src\\validations\\adminSchema.ts","function":null,"line":1,"method":null,"native":false},{"column":14,"file":"node:internal/modules/cjs/loader","function":null,"line":1688,"method":null,"native":false},{"column":25,"file":"C:\\Users\\ikchr\\Documents\\prime-loan-backend\\node_modules\\source-map-support\\source-map-support.js","function":"Module._compile","line":568,"method":"_compile","native":false},{"column":33,"file":"C:\\Users\\ikchr\\AppData\\Local\\Temp\\ts-node-dev-hook-8015691156769749.js","function":"Module.m._compile","line":69,"method":"_compile","native":false},{"column":10,"file":"node:internal/modules/cjs/loader","function":null,"line":1820,"method":null,"native":false},{"column":20,"file":"C:\\Users\\ikchr\\AppData\\Local\\Temp\\ts-node-dev-hook-8015691156769749.js","function":"require.extensions..jsx.require.extensions..js","line":114,"method":".js","native":false},{"column":20,"file":"C:\\Users\\ikchr\\AppData\\Local\\Temp\\ts-node-dev-hook-8015691156769749.js","function":"require.extensions.<computed>","line":71,"method":"<computed>","native":false},{"column":13,"file":"C:\\Users\\ikchr\\Documents\\prime-loan-backend\\node_modules\\ts-node-dev\\lib\\hook.js","function":"Object.nodeDevHook [as .ts]","line":63,"method":"ts]","native":false},{"column":32,"file":"node:internal/modules/cjs/loader","function":"Module.load","line":1423,"method":"load","native":false},{"column":12,"file":"node:internal/modules/cjs/loader","function":"Function._load","line":1246,"method":"_load","native":false}]}
{"date":"Thu Sep 18 2025 00:49:50 GMT+0100 (West Africa Standard Time)","error":{},"exception":true,"level":"error","message":"uncaughtException: ⨯ Unable to compile TypeScript:\nsrc/validations/adminSchema.ts(106,1): error TS1109: Expression expected.\r\n\nError: ⨯ Unable to compile TypeScript:\nsrc/validations/adminSchema.ts(106,1): error TS1109: Expression expected.\r\n\n    at Object.<anonymous> (C:\\Users\\ikchr\\Documents\\prime-loan-backend\\src\\validations\\adminSchema.ts:1:7)\n    at Module.<anonymous> (node:internal/modules/cjs/loader:1688:14)\n    at Module._compile (C:\\Users\\ikchr\\Documents\\prime-loan-backend\\node_modules\\source-map-support\\source-map-support.js:568:25)\n    at Module.m._compile (C:\\Users\\ikchr\\AppData\\Local\\Temp\\ts-node-dev-hook-8015691156769749.js:69:33)\n    at node:internal/modules/cjs/loader:1820:10\n    at require.extensions..jsx.require.extensions..js (C:\\Users\\ikchr\\AppData\\Local\\Temp\\ts-node-dev-hook-8015691156769749.js:114:20)\n    at require.extensions.<computed> (C:\\Users\\ikchr\\AppData\\Local\\Temp\\ts-node-dev-hook-8015691156769749.js:71:20)\n    at Object.nodeDevHook [as .ts] (C:\\Users\\ikchr\\Documents\\prime-loan-backend\\node_modules\\ts-node-dev\\lib\\hook.js:63:13)\n    at Module.load (node:internal/modules/cjs/loader:1423:32)\n    at Function._load (node:internal/modules/cjs/loader:1246:12)","os":{"loadavg":[0,0,0],"uptime":24273.171},"process":{"argv":["C:\\Program Files\\nodejs\\node.exe","src/server.ts"],"cwd":"C:\\Users\\ikchr\\Documents\\prime-loan-backend","execPath":"C:\\Program Files\\nodejs\\node.exe","gid":null,"memoryUsage":{"arrayBuffers":18488872,"external":21832689,"heapTotal":75210752,"heapUsed":46445960,"rss":129683456},"pid":15112,"uid":null,"version":"v22.18.0"},"stack":"Error: ⨯ Unable to compile TypeScript:\nsrc/validations/adminSchema.ts(106,1): error TS1109: Expression expected.\r\n\n    at Object.<anonymous> (C:\\Users\\ikchr\\Documents\\prime-loan-backend\\src\\validations\\adminSchema.ts:1:7)\n    at Module.<anonymous> (node:internal/modules/cjs/loader:1688:14)\n    at Module._compile (C:\\Users\\ikchr\\Documents\\prime-loan-backend\\node_modules\\source-map-support\\source-map-support.js:568:25)\n    at Module.m._compile (C:\\Users\\ikchr\\AppData\\Local\\Temp\\ts-node-dev-hook-8015691156769749.js:69:33)\n    at node:internal/modules/cjs/loader:1820:10\n    at require.extensions..jsx.require.extensions..js (C:\\Users\\ikchr\\AppData\\Local\\Temp\\ts-node-dev-hook-8015691156769749.js:114:20)\n    at require.extensions.<computed> (C:\\Users\\ikchr\\AppData\\Local\\Temp\\ts-node-dev-hook-8015691156769749.js:71:20)\n    at Object.nodeDevHook [as .ts] (C:\\Users\\ikchr\\Documents\\prime-loan-backend\\node_modules\\ts-node-dev\\lib\\hook.js:63:13)\n    at Module.load (node:internal/modules/cjs/loader:1423:32)\n    at Function._load (node:internal/modules/cjs/loader:1246:12)","trace":[{"column":7,"file":"C:\\Users\\ikchr\\Documents\\prime-loan-backend\\src\\validations\\adminSchema.ts","function":null,"line":1,"method":null,"native":false},{"column":14,"file":"node:internal/modules/cjs/loader","function":null,"line":1688,"method":null,"native":false},{"column":25,"file":"C:\\Users\\ikchr\\Documents\\prime-loan-backend\\node_modules\\source-map-support\\source-map-support.js","function":"Module._compile","line":568,"method":"_compile","native":false},{"column":33,"file":"C:\\Users\\ikchr\\AppData\\Local\\Temp\\ts-node-dev-hook-8015691156769749.js","function":"Module.m._compile","line":69,"method":"_compile","native":false},{"column":10,"file":"node:internal/modules/cjs/loader","function":null,"line":1820,"method":null,"native":false},{"column":20,"file":"C:\\Users\\ikchr\\AppData\\Local\\Temp\\ts-node-dev-hook-8015691156769749.js","function":"require.extensions..jsx.require.extensions..js","line":114,"method":".js","native":false},{"column":20,"file":"C:\\Users\\ikchr\\AppData\\Local\\Temp\\ts-node-dev-hook-8015691156769749.js","function":"require.extensions.<computed>","line":71,"method":"<computed>","native":false},{"column":13,"file":"C:\\Users\\ikchr\\Documents\\prime-loan-backend\\node_modules\\ts-node-dev\\lib\\hook.js","function":"Object.nodeDevHook [as .ts]","line":63,"method":"ts]","native":false},{"column":32,"file":"node:internal/modules/cjs/loader","function":"Module.load","line":1423,"method":"load","native":false},{"column":12,"file":"node:internal/modules/cjs/loader","function":"Function._load","line":1246,"method":"_load","native":false}]}
