{"level":"error","message":"Unable to connect to database after several attempts\n","timestamp":"2025-02-09T19:31:11.549Z"}
{"level":"error","message":"Unable to connect to database after several attempts\n","timestamp":"2025-02-09T19:32:48.205Z"}
{"date":"Sun Feb 09 2025 20:43:28 GMT+0100 (West Africa Standard Time)","error":{},"exception":true,"level":"error","message":"uncaughtException: ⨯ Unable to compile TypeScript:\nsrc/jobs/loanReminder.ts(45,5): error TS1109: Expression expected.\r\nsrc/jobs/loanReminder.ts(46,5): error TS1109: Expression expected.\r\n\nError: ⨯ Unable to compile TypeScript:\nsrc/jobs/loanReminder.ts(45,5): error TS1109: Expression expected.\r\nsrc/jobs/loanReminder.ts(46,5): error TS1109: Expression expected.\r\n\n    at Object.<anonymous> (C:\\Users\\USER\\Documents\\prime-loan-backend\\src\\jobs\\loanReminder.ts:1:7)\n    at Module.<anonymous> (node:internal/modules/cjs/loader:1562:14)\n    at Module._compile (C:\\Users\\USER\\Documents\\prime-loan-backend\\node_modules\\source-map-support\\source-map-support.js:568:25)\n    at Module.m._compile (C:\\Users\\USER\\AppData\\Local\\Temp\\ts-node-dev-hook-012853385377145976.js:69:33)\n    at node:internal/modules/cjs/loader:1699:10\n    at require.extensions..jsx.require.extensions..js (C:\\Users\\USER\\AppData\\Local\\Temp\\ts-node-dev-hook-012853385377145976.js:114:20)\n    at require.extensions.<computed> (C:\\Users\\USER\\AppData\\Local\\Temp\\ts-node-dev-hook-012853385377145976.js:71:20)\n    at Object.nodeDevHook [as .ts] (C:\\Users\\USER\\Documents\\prime-loan-backend\\node_modules\\ts-node-dev\\lib\\hook.js:63:13)\n    at Module.load (node:internal/modules/cjs/loader:1313:32)\n    at Function._load (node:internal/modules/cjs/loader:1123:12)","os":{"loadavg":[0,0,0],"uptime":132647.812},"process":{"argv":["C:\\Program Files\\nodejs\\node.exe","src/server.ts"],"cwd":"C:\\Users\\USER\\Documents\\prime-loan-backend","execPath":"C:\\Program Files\\nodejs\\node.exe","gid":null,"memoryUsage":{"arrayBuffers":18440901,"external":21731534,"heapTotal":62627840,"heapUsed":31061992,"rss":98762752},"pid":18900,"uid":null,"version":"v22.13.1"},"stack":"Error: ⨯ Unable to compile TypeScript:\nsrc/jobs/loanReminder.ts(45,5): error TS1109: Expression expected.\r\nsrc/jobs/loanReminder.ts(46,5): error TS1109: Expression expected.\r\n\n    at Object.<anonymous> (C:\\Users\\USER\\Documents\\prime-loan-backend\\src\\jobs\\loanReminder.ts:1:7)\n    at Module.<anonymous> (node:internal/modules/cjs/loader:1562:14)\n    at Module._compile (C:\\Users\\USER\\Documents\\prime-loan-backend\\node_modules\\source-map-support\\source-map-support.js:568:25)\n    at Module.m._compile (C:\\Users\\USER\\AppData\\Local\\Temp\\ts-node-dev-hook-012853385377145976.js:69:33)\n    at node:internal/modules/cjs/loader:1699:10\n    at require.extensions..jsx.require.extensions..js (C:\\Users\\USER\\AppData\\Local\\Temp\\ts-node-dev-hook-012853385377145976.js:114:20)\n    at require.extensions.<computed> (C:\\Users\\USER\\AppData\\Local\\Temp\\ts-node-dev-hook-012853385377145976.js:71:20)\n    at Object.nodeDevHook [as .ts] (C:\\Users\\USER\\Documents\\prime-loan-backend\\node_modules\\ts-node-dev\\lib\\hook.js:63:13)\n    at Module.load (node:internal/modules/cjs/loader:1313:32)\n    at Function._load (node:internal/modules/cjs/loader:1123:12)","timestamp":"2025-02-09T19:43:28.779Z","trace":[{"column":7,"file":"C:\\Users\\USER\\Documents\\prime-loan-backend\\src\\jobs\\loanReminder.ts","function":null,"line":1,"method":null,"native":false},{"column":14,"file":"node:internal/modules/cjs/loader","function":null,"line":1562,"method":null,"native":false},{"column":25,"file":"C:\\Users\\USER\\Documents\\prime-loan-backend\\node_modules\\source-map-support\\source-map-support.js","function":"Module._compile","line":568,"method":"_compile","native":false},{"column":33,"file":"C:\\Users\\USER\\AppData\\Local\\Temp\\ts-node-dev-hook-012853385377145976.js","function":"Module.m._compile","line":69,"method":"_compile","native":false},{"column":10,"file":"node:internal/modules/cjs/loader","function":null,"line":1699,"method":null,"native":false},{"column":20,"file":"C:\\Users\\USER\\AppData\\Local\\Temp\\ts-node-dev-hook-012853385377145976.js","function":"require.extensions..jsx.require.extensions..js","line":114,"method":".js","native":false},{"column":20,"file":"C:\\Users\\USER\\AppData\\Local\\Temp\\ts-node-dev-hook-012853385377145976.js","function":"require.extensions.<computed>","line":71,"method":"<computed>","native":false},{"column":13,"file":"C:\\Users\\USER\\Documents\\prime-loan-backend\\node_modules\\ts-node-dev\\lib\\hook.js","function":"Object.nodeDevHook [as .ts]","line":63,"method":"ts]","native":false},{"column":32,"file":"node:internal/modules/cjs/loader","function":"Module.load","line":1313,"method":"load","native":false},{"column":12,"file":"node:internal/modules/cjs/loader","function":"Function._load","line":1123,"method":"_load","native":false}]}
{"date":"Sun Feb 09 2025 20:43:28 GMT+0100 (West Africa Standard Time)","error":{},"exception":true,"level":"error","message":"uncaughtException: ⨯ Unable to compile TypeScript:\nsrc/jobs/loanReminder.ts(45,5): error TS1109: Expression expected.\r\nsrc/jobs/loanReminder.ts(46,5): error TS1109: Expression expected.\r\n\nError: ⨯ Unable to compile TypeScript:\nsrc/jobs/loanReminder.ts(45,5): error TS1109: Expression expected.\r\nsrc/jobs/loanReminder.ts(46,5): error TS1109: Expression expected.\r\n\n    at Object.<anonymous> (C:\\Users\\USER\\Documents\\prime-loan-backend\\src\\jobs\\loanReminder.ts:1:7)\n    at Module.<anonymous> (node:internal/modules/cjs/loader:1562:14)\n    at Module._compile (C:\\Users\\USER\\Documents\\prime-loan-backend\\node_modules\\source-map-support\\source-map-support.js:568:25)\n    at Module.m._compile (C:\\Users\\USER\\AppData\\Local\\Temp\\ts-node-dev-hook-012853385377145976.js:69:33)\n    at node:internal/modules/cjs/loader:1699:10\n    at require.extensions..jsx.require.extensions..js (C:\\Users\\USER\\AppData\\Local\\Temp\\ts-node-dev-hook-012853385377145976.js:114:20)\n    at require.extensions.<computed> (C:\\Users\\USER\\AppData\\Local\\Temp\\ts-node-dev-hook-012853385377145976.js:71:20)\n    at Object.nodeDevHook [as .ts] (C:\\Users\\USER\\Documents\\prime-loan-backend\\node_modules\\ts-node-dev\\lib\\hook.js:63:13)\n    at Module.load (node:internal/modules/cjs/loader:1313:32)\n    at Function._load (node:internal/modules/cjs/loader:1123:12)","os":{"loadavg":[0,0,0],"uptime":132647.812},"process":{"argv":["C:\\Program Files\\nodejs\\node.exe","src/server.ts"],"cwd":"C:\\Users\\USER\\Documents\\prime-loan-backend","execPath":"C:\\Program Files\\nodejs\\node.exe","gid":null,"memoryUsage":{"arrayBuffers":18440901,"external":21731534,"heapTotal":62627840,"heapUsed":31061992,"rss":98762752},"pid":18900,"uid":null,"version":"v22.13.1"},"stack":"Error: ⨯ Unable to compile TypeScript:\nsrc/jobs/loanReminder.ts(45,5): error TS1109: Expression expected.\r\nsrc/jobs/loanReminder.ts(46,5): error TS1109: Expression expected.\r\n\n    at Object.<anonymous> (C:\\Users\\USER\\Documents\\prime-loan-backend\\src\\jobs\\loanReminder.ts:1:7)\n    at Module.<anonymous> (node:internal/modules/cjs/loader:1562:14)\n    at Module._compile (C:\\Users\\USER\\Documents\\prime-loan-backend\\node_modules\\source-map-support\\source-map-support.js:568:25)\n    at Module.m._compile (C:\\Users\\USER\\AppData\\Local\\Temp\\ts-node-dev-hook-012853385377145976.js:69:33)\n    at node:internal/modules/cjs/loader:1699:10\n    at require.extensions..jsx.require.extensions..js (C:\\Users\\USER\\AppData\\Local\\Temp\\ts-node-dev-hook-012853385377145976.js:114:20)\n    at require.extensions.<computed> (C:\\Users\\USER\\AppData\\Local\\Temp\\ts-node-dev-hook-012853385377145976.js:71:20)\n    at Object.nodeDevHook [as .ts] (C:\\Users\\USER\\Documents\\prime-loan-backend\\node_modules\\ts-node-dev\\lib\\hook.js:63:13)\n    at Module.load (node:internal/modules/cjs/loader:1313:32)\n    at Function._load (node:internal/modules/cjs/loader:1123:12)","trace":[{"column":7,"file":"C:\\Users\\USER\\Documents\\prime-loan-backend\\src\\jobs\\loanReminder.ts","function":null,"line":1,"method":null,"native":false},{"column":14,"file":"node:internal/modules/cjs/loader","function":null,"line":1562,"method":null,"native":false},{"column":25,"file":"C:\\Users\\USER\\Documents\\prime-loan-backend\\node_modules\\source-map-support\\source-map-support.js","function":"Module._compile","line":568,"method":"_compile","native":false},{"column":33,"file":"C:\\Users\\USER\\AppData\\Local\\Temp\\ts-node-dev-hook-012853385377145976.js","function":"Module.m._compile","line":69,"method":"_compile","native":false},{"column":10,"file":"node:internal/modules/cjs/loader","function":null,"line":1699,"method":null,"native":false},{"column":20,"file":"C:\\Users\\USER\\AppData\\Local\\Temp\\ts-node-dev-hook-012853385377145976.js","function":"require.extensions..jsx.require.extensions..js","line":114,"method":".js","native":false},{"column":20,"file":"C:\\Users\\USER\\AppData\\Local\\Temp\\ts-node-dev-hook-012853385377145976.js","function":"require.extensions.<computed>","line":71,"method":"<computed>","native":false},{"column":13,"file":"C:\\Users\\USER\\Documents\\prime-loan-backend\\node_modules\\ts-node-dev\\lib\\hook.js","function":"Object.nodeDevHook [as .ts]","line":63,"method":"ts]","native":false},{"column":32,"file":"node:internal/modules/cjs/loader","function":"Module.load","line":1313,"method":"load","native":false},{"column":12,"file":"node:internal/modules/cjs/loader","function":"Function._load","line":1123,"method":"_load","native":false}]}
{"date":"Sun Feb 09 2025 21:52:22 GMT+0100 (West Africa Standard Time)","error":{},"exception":true,"level":"error","message":"uncaughtException: ⨯ Unable to compile TypeScript:\nsrc/jobs/loanReminder.ts(26,38): error TS1109: Expression expected.\r\n\nError: ⨯ Unable to compile TypeScript:\nsrc/jobs/loanReminder.ts(26,38): error TS1109: Expression expected.\r\n\n    at Object.<anonymous> (C:\\Users\\USER\\Documents\\prime-loan-backend\\src\\jobs\\loanReminder.ts:1:7)\n    at Module.<anonymous> (node:internal/modules/cjs/loader:1562:14)\n    at Module._compile (C:\\Users\\USER\\Documents\\prime-loan-backend\\node_modules\\source-map-support\\source-map-support.js:568:25)\n    at Module.m._compile (C:\\Users\\USER\\AppData\\Local\\Temp\\ts-node-dev-hook-012853385377145976.js:69:33)\n    at node:internal/modules/cjs/loader:1699:10\n    at require.extensions..jsx.require.extensions..js (C:\\Users\\USER\\AppData\\Local\\Temp\\ts-node-dev-hook-012853385377145976.js:114:20)\n    at require.extensions.<computed> (C:\\Users\\USER\\AppData\\Local\\Temp\\ts-node-dev-hook-012853385377145976.js:71:20)\n    at Object.nodeDevHook [as .ts] (C:\\Users\\USER\\Documents\\prime-loan-backend\\node_modules\\ts-node-dev\\lib\\hook.js:63:13)\n    at Module.load (node:internal/modules/cjs/loader:1313:32)\n    at Function._load (node:internal/modules/cjs/loader:1123:12)","os":{"loadavg":[0,0,0],"uptime":136782.031},"process":{"argv":["C:\\Program Files\\nodejs\\node.exe","src/server.ts"],"cwd":"C:\\Users\\USER\\Documents\\prime-loan-backend","execPath":"C:\\Program Files\\nodejs\\node.exe","gid":null,"memoryUsage":{"arrayBuffers":18440832,"external":21731534,"heapTotal":62365696,"heapUsed":31045896,"rss":98467840},"pid":11296,"uid":null,"version":"v22.13.1"},"stack":"Error: ⨯ Unable to compile TypeScript:\nsrc/jobs/loanReminder.ts(26,38): error TS1109: Expression expected.\r\n\n    at Object.<anonymous> (C:\\Users\\USER\\Documents\\prime-loan-backend\\src\\jobs\\loanReminder.ts:1:7)\n    at Module.<anonymous> (node:internal/modules/cjs/loader:1562:14)\n    at Module._compile (C:\\Users\\USER\\Documents\\prime-loan-backend\\node_modules\\source-map-support\\source-map-support.js:568:25)\n    at Module.m._compile (C:\\Users\\USER\\AppData\\Local\\Temp\\ts-node-dev-hook-012853385377145976.js:69:33)\n    at node:internal/modules/cjs/loader:1699:10\n    at require.extensions..jsx.require.extensions..js (C:\\Users\\USER\\AppData\\Local\\Temp\\ts-node-dev-hook-012853385377145976.js:114:20)\n    at require.extensions.<computed> (C:\\Users\\USER\\AppData\\Local\\Temp\\ts-node-dev-hook-012853385377145976.js:71:20)\n    at Object.nodeDevHook [as .ts] (C:\\Users\\USER\\Documents\\prime-loan-backend\\node_modules\\ts-node-dev\\lib\\hook.js:63:13)\n    at Module.load (node:internal/modules/cjs/loader:1313:32)\n    at Function._load (node:internal/modules/cjs/loader:1123:12)","timestamp":"2025-02-09T20:52:22.989Z","trace":[{"column":7,"file":"C:\\Users\\USER\\Documents\\prime-loan-backend\\src\\jobs\\loanReminder.ts","function":null,"line":1,"method":null,"native":false},{"column":14,"file":"node:internal/modules/cjs/loader","function":null,"line":1562,"method":null,"native":false},{"column":25,"file":"C:\\Users\\USER\\Documents\\prime-loan-backend\\node_modules\\source-map-support\\source-map-support.js","function":"Module._compile","line":568,"method":"_compile","native":false},{"column":33,"file":"C:\\Users\\USER\\AppData\\Local\\Temp\\ts-node-dev-hook-012853385377145976.js","function":"Module.m._compile","line":69,"method":"_compile","native":false},{"column":10,"file":"node:internal/modules/cjs/loader","function":null,"line":1699,"method":null,"native":false},{"column":20,"file":"C:\\Users\\USER\\AppData\\Local\\Temp\\ts-node-dev-hook-012853385377145976.js","function":"require.extensions..jsx.require.extensions..js","line":114,"method":".js","native":false},{"column":20,"file":"C:\\Users\\USER\\AppData\\Local\\Temp\\ts-node-dev-hook-012853385377145976.js","function":"require.extensions.<computed>","line":71,"method":"<computed>","native":false},{"column":13,"file":"C:\\Users\\USER\\Documents\\prime-loan-backend\\node_modules\\ts-node-dev\\lib\\hook.js","function":"Object.nodeDevHook [as .ts]","line":63,"method":"ts]","native":false},{"column":32,"file":"node:internal/modules/cjs/loader","function":"Module.load","line":1313,"method":"load","native":false},{"column":12,"file":"node:internal/modules/cjs/loader","function":"Function._load","line":1123,"method":"_load","native":false}]}
{"date":"Sun Feb 09 2025 21:52:22 GMT+0100 (West Africa Standard Time)","error":{},"exception":true,"level":"error","message":"uncaughtException: ⨯ Unable to compile TypeScript:\nsrc/jobs/loanReminder.ts(26,38): error TS1109: Expression expected.\r\n\nError: ⨯ Unable to compile TypeScript:\nsrc/jobs/loanReminder.ts(26,38): error TS1109: Expression expected.\r\n\n    at Object.<anonymous> (C:\\Users\\USER\\Documents\\prime-loan-backend\\src\\jobs\\loanReminder.ts:1:7)\n    at Module.<anonymous> (node:internal/modules/cjs/loader:1562:14)\n    at Module._compile (C:\\Users\\USER\\Documents\\prime-loan-backend\\node_modules\\source-map-support\\source-map-support.js:568:25)\n    at Module.m._compile (C:\\Users\\USER\\AppData\\Local\\Temp\\ts-node-dev-hook-012853385377145976.js:69:33)\n    at node:internal/modules/cjs/loader:1699:10\n    at require.extensions..jsx.require.extensions..js (C:\\Users\\USER\\AppData\\Local\\Temp\\ts-node-dev-hook-012853385377145976.js:114:20)\n    at require.extensions.<computed> (C:\\Users\\USER\\AppData\\Local\\Temp\\ts-node-dev-hook-012853385377145976.js:71:20)\n    at Object.nodeDevHook [as .ts] (C:\\Users\\USER\\Documents\\prime-loan-backend\\node_modules\\ts-node-dev\\lib\\hook.js:63:13)\n    at Module.load (node:internal/modules/cjs/loader:1313:32)\n    at Function._load (node:internal/modules/cjs/loader:1123:12)","os":{"loadavg":[0,0,0],"uptime":136782.031},"process":{"argv":["C:\\Program Files\\nodejs\\node.exe","src/server.ts"],"cwd":"C:\\Users\\USER\\Documents\\prime-loan-backend","execPath":"C:\\Program Files\\nodejs\\node.exe","gid":null,"memoryUsage":{"arrayBuffers":18440832,"external":21731534,"heapTotal":62365696,"heapUsed":31045896,"rss":98467840},"pid":11296,"uid":null,"version":"v22.13.1"},"stack":"Error: ⨯ Unable to compile TypeScript:\nsrc/jobs/loanReminder.ts(26,38): error TS1109: Expression expected.\r\n\n    at Object.<anonymous> (C:\\Users\\USER\\Documents\\prime-loan-backend\\src\\jobs\\loanReminder.ts:1:7)\n    at Module.<anonymous> (node:internal/modules/cjs/loader:1562:14)\n    at Module._compile (C:\\Users\\USER\\Documents\\prime-loan-backend\\node_modules\\source-map-support\\source-map-support.js:568:25)\n    at Module.m._compile (C:\\Users\\USER\\AppData\\Local\\Temp\\ts-node-dev-hook-012853385377145976.js:69:33)\n    at node:internal/modules/cjs/loader:1699:10\n    at require.extensions..jsx.require.extensions..js (C:\\Users\\USER\\AppData\\Local\\Temp\\ts-node-dev-hook-012853385377145976.js:114:20)\n    at require.extensions.<computed> (C:\\Users\\USER\\AppData\\Local\\Temp\\ts-node-dev-hook-012853385377145976.js:71:20)\n    at Object.nodeDevHook [as .ts] (C:\\Users\\USER\\Documents\\prime-loan-backend\\node_modules\\ts-node-dev\\lib\\hook.js:63:13)\n    at Module.load (node:internal/modules/cjs/loader:1313:32)\n    at Function._load (node:internal/modules/cjs/loader:1123:12)","trace":[{"column":7,"file":"C:\\Users\\USER\\Documents\\prime-loan-backend\\src\\jobs\\loanReminder.ts","function":null,"line":1,"method":null,"native":false},{"column":14,"file":"node:internal/modules/cjs/loader","function":null,"line":1562,"method":null,"native":false},{"column":25,"file":"C:\\Users\\USER\\Documents\\prime-loan-backend\\node_modules\\source-map-support\\source-map-support.js","function":"Module._compile","line":568,"method":"_compile","native":false},{"column":33,"file":"C:\\Users\\USER\\AppData\\Local\\Temp\\ts-node-dev-hook-012853385377145976.js","function":"Module.m._compile","line":69,"method":"_compile","native":false},{"column":10,"file":"node:internal/modules/cjs/loader","function":null,"line":1699,"method":null,"native":false},{"column":20,"file":"C:\\Users\\USER\\AppData\\Local\\Temp\\ts-node-dev-hook-012853385377145976.js","function":"require.extensions..jsx.require.extensions..js","line":114,"method":".js","native":false},{"column":20,"file":"C:\\Users\\USER\\AppData\\Local\\Temp\\ts-node-dev-hook-012853385377145976.js","function":"require.extensions.<computed>","line":71,"method":"<computed>","native":false},{"column":13,"file":"C:\\Users\\USER\\Documents\\prime-loan-backend\\node_modules\\ts-node-dev\\lib\\hook.js","function":"Object.nodeDevHook [as .ts]","line":63,"method":"ts]","native":false},{"column":32,"file":"node:internal/modules/cjs/loader","function":"Module.load","line":1313,"method":"load","native":false},{"column":12,"file":"node:internal/modules/cjs/loader","function":"Function._load","line":1123,"method":"_load","native":false}]}
{"date":"Sun Feb 09 2025 21:52:36 GMT+0100 (West Africa Standard Time)","error":{},"exception":true,"level":"error","message":"uncaughtException: ⨯ Unable to compile TypeScript:\nsrc/jobs/loanReminder.ts(26,43): error TS1003: Identifier expected.\r\n\nError: ⨯ Unable to compile TypeScript:\nsrc/jobs/loanReminder.ts(26,43): error TS1003: Identifier expected.\r\n\n    at Object.<anonymous> (C:\\Users\\USER\\Documents\\prime-loan-backend\\src\\jobs\\loanReminder.ts:1:7)\n    at Module.<anonymous> (node:internal/modules/cjs/loader:1562:14)\n    at Module._compile (C:\\Users\\USER\\Documents\\prime-loan-backend\\node_modules\\source-map-support\\source-map-support.js:568:25)\n    at Module.m._compile (C:\\Users\\USER\\AppData\\Local\\Temp\\ts-node-dev-hook-012853385377145976.js:69:33)\n    at node:internal/modules/cjs/loader:1699:10\n    at require.extensions..jsx.require.extensions..js (C:\\Users\\USER\\AppData\\Local\\Temp\\ts-node-dev-hook-012853385377145976.js:114:20)\n    at require.extensions.<computed> (C:\\Users\\USER\\AppData\\Local\\Temp\\ts-node-dev-hook-012853385377145976.js:71:20)\n    at Object.nodeDevHook [as .ts] (C:\\Users\\USER\\Documents\\prime-loan-backend\\node_modules\\ts-node-dev\\lib\\hook.js:63:13)\n    at Module.load (node:internal/modules/cjs/loader:1313:32)\n    at Function._load (node:internal/modules/cjs/loader:1123:12)","os":{"loadavg":[0,0,0],"uptime":136795.984},"process":{"argv":["C:\\Program Files\\nodejs\\node.exe","src/server.ts"],"cwd":"C:\\Users\\USER\\Documents\\prime-loan-backend","execPath":"C:\\Program Files\\nodejs\\node.exe","gid":null,"memoryUsage":{"arrayBuffers":18440832,"external":21731534,"heapTotal":62627840,"heapUsed":31175872,"rss":98250752},"pid":2052,"uid":null,"version":"v22.13.1"},"stack":"Error: ⨯ Unable to compile TypeScript:\nsrc/jobs/loanReminder.ts(26,43): error TS1003: Identifier expected.\r\n\n    at Object.<anonymous> (C:\\Users\\USER\\Documents\\prime-loan-backend\\src\\jobs\\loanReminder.ts:1:7)\n    at Module.<anonymous> (node:internal/modules/cjs/loader:1562:14)\n    at Module._compile (C:\\Users\\USER\\Documents\\prime-loan-backend\\node_modules\\source-map-support\\source-map-support.js:568:25)\n    at Module.m._compile (C:\\Users\\USER\\AppData\\Local\\Temp\\ts-node-dev-hook-012853385377145976.js:69:33)\n    at node:internal/modules/cjs/loader:1699:10\n    at require.extensions..jsx.require.extensions..js (C:\\Users\\USER\\AppData\\Local\\Temp\\ts-node-dev-hook-012853385377145976.js:114:20)\n    at require.extensions.<computed> (C:\\Users\\USER\\AppData\\Local\\Temp\\ts-node-dev-hook-012853385377145976.js:71:20)\n    at Object.nodeDevHook [as .ts] (C:\\Users\\USER\\Documents\\prime-loan-backend\\node_modules\\ts-node-dev\\lib\\hook.js:63:13)\n    at Module.load (node:internal/modules/cjs/loader:1313:32)\n    at Function._load (node:internal/modules/cjs/loader:1123:12)","timestamp":"2025-02-09T20:52:36.931Z","trace":[{"column":7,"file":"C:\\Users\\USER\\Documents\\prime-loan-backend\\src\\jobs\\loanReminder.ts","function":null,"line":1,"method":null,"native":false},{"column":14,"file":"node:internal/modules/cjs/loader","function":null,"line":1562,"method":null,"native":false},{"column":25,"file":"C:\\Users\\USER\\Documents\\prime-loan-backend\\node_modules\\source-map-support\\source-map-support.js","function":"Module._compile","line":568,"method":"_compile","native":false},{"column":33,"file":"C:\\Users\\USER\\AppData\\Local\\Temp\\ts-node-dev-hook-012853385377145976.js","function":"Module.m._compile","line":69,"method":"_compile","native":false},{"column":10,"file":"node:internal/modules/cjs/loader","function":null,"line":1699,"method":null,"native":false},{"column":20,"file":"C:\\Users\\USER\\AppData\\Local\\Temp\\ts-node-dev-hook-012853385377145976.js","function":"require.extensions..jsx.require.extensions..js","line":114,"method":".js","native":false},{"column":20,"file":"C:\\Users\\USER\\AppData\\Local\\Temp\\ts-node-dev-hook-012853385377145976.js","function":"require.extensions.<computed>","line":71,"method":"<computed>","native":false},{"column":13,"file":"C:\\Users\\USER\\Documents\\prime-loan-backend\\node_modules\\ts-node-dev\\lib\\hook.js","function":"Object.nodeDevHook [as .ts]","line":63,"method":"ts]","native":false},{"column":32,"file":"node:internal/modules/cjs/loader","function":"Module.load","line":1313,"method":"load","native":false},{"column":12,"file":"node:internal/modules/cjs/loader","function":"Function._load","line":1123,"method":"_load","native":false}]}
{"date":"Sun Feb 09 2025 21:52:36 GMT+0100 (West Africa Standard Time)","error":{},"exception":true,"level":"error","message":"uncaughtException: ⨯ Unable to compile TypeScript:\nsrc/jobs/loanReminder.ts(26,43): error TS1003: Identifier expected.\r\n\nError: ⨯ Unable to compile TypeScript:\nsrc/jobs/loanReminder.ts(26,43): error TS1003: Identifier expected.\r\n\n    at Object.<anonymous> (C:\\Users\\USER\\Documents\\prime-loan-backend\\src\\jobs\\loanReminder.ts:1:7)\n    at Module.<anonymous> (node:internal/modules/cjs/loader:1562:14)\n    at Module._compile (C:\\Users\\USER\\Documents\\prime-loan-backend\\node_modules\\source-map-support\\source-map-support.js:568:25)\n    at Module.m._compile (C:\\Users\\USER\\AppData\\Local\\Temp\\ts-node-dev-hook-012853385377145976.js:69:33)\n    at node:internal/modules/cjs/loader:1699:10\n    at require.extensions..jsx.require.extensions..js (C:\\Users\\USER\\AppData\\Local\\Temp\\ts-node-dev-hook-012853385377145976.js:114:20)\n    at require.extensions.<computed> (C:\\Users\\USER\\AppData\\Local\\Temp\\ts-node-dev-hook-012853385377145976.js:71:20)\n    at Object.nodeDevHook [as .ts] (C:\\Users\\USER\\Documents\\prime-loan-backend\\node_modules\\ts-node-dev\\lib\\hook.js:63:13)\n    at Module.load (node:internal/modules/cjs/loader:1313:32)\n    at Function._load (node:internal/modules/cjs/loader:1123:12)","os":{"loadavg":[0,0,0],"uptime":136795.984},"process":{"argv":["C:\\Program Files\\nodejs\\node.exe","src/server.ts"],"cwd":"C:\\Users\\USER\\Documents\\prime-loan-backend","execPath":"C:\\Program Files\\nodejs\\node.exe","gid":null,"memoryUsage":{"arrayBuffers":18440832,"external":21731534,"heapTotal":62627840,"heapUsed":31175872,"rss":98250752},"pid":2052,"uid":null,"version":"v22.13.1"},"stack":"Error: ⨯ Unable to compile TypeScript:\nsrc/jobs/loanReminder.ts(26,43): error TS1003: Identifier expected.\r\n\n    at Object.<anonymous> (C:\\Users\\USER\\Documents\\prime-loan-backend\\src\\jobs\\loanReminder.ts:1:7)\n    at Module.<anonymous> (node:internal/modules/cjs/loader:1562:14)\n    at Module._compile (C:\\Users\\USER\\Documents\\prime-loan-backend\\node_modules\\source-map-support\\source-map-support.js:568:25)\n    at Module.m._compile (C:\\Users\\USER\\AppData\\Local\\Temp\\ts-node-dev-hook-012853385377145976.js:69:33)\n    at node:internal/modules/cjs/loader:1699:10\n    at require.extensions..jsx.require.extensions..js (C:\\Users\\USER\\AppData\\Local\\Temp\\ts-node-dev-hook-012853385377145976.js:114:20)\n    at require.extensions.<computed> (C:\\Users\\USER\\AppData\\Local\\Temp\\ts-node-dev-hook-012853385377145976.js:71:20)\n    at Object.nodeDevHook [as .ts] (C:\\Users\\USER\\Documents\\prime-loan-backend\\node_modules\\ts-node-dev\\lib\\hook.js:63:13)\n    at Module.load (node:internal/modules/cjs/loader:1313:32)\n    at Function._load (node:internal/modules/cjs/loader:1123:12)","trace":[{"column":7,"file":"C:\\Users\\USER\\Documents\\prime-loan-backend\\src\\jobs\\loanReminder.ts","function":null,"line":1,"method":null,"native":false},{"column":14,"file":"node:internal/modules/cjs/loader","function":null,"line":1562,"method":null,"native":false},{"column":25,"file":"C:\\Users\\USER\\Documents\\prime-loan-backend\\node_modules\\source-map-support\\source-map-support.js","function":"Module._compile","line":568,"method":"_compile","native":false},{"column":33,"file":"C:\\Users\\USER\\AppData\\Local\\Temp\\ts-node-dev-hook-012853385377145976.js","function":"Module.m._compile","line":69,"method":"_compile","native":false},{"column":10,"file":"node:internal/modules/cjs/loader","function":null,"line":1699,"method":null,"native":false},{"column":20,"file":"C:\\Users\\USER\\AppData\\Local\\Temp\\ts-node-dev-hook-012853385377145976.js","function":"require.extensions..jsx.require.extensions..js","line":114,"method":".js","native":false},{"column":20,"file":"C:\\Users\\USER\\AppData\\Local\\Temp\\ts-node-dev-hook-012853385377145976.js","function":"require.extensions.<computed>","line":71,"method":"<computed>","native":false},{"column":13,"file":"C:\\Users\\USER\\Documents\\prime-loan-backend\\node_modules\\ts-node-dev\\lib\\hook.js","function":"Object.nodeDevHook [as .ts]","line":63,"method":"ts]","native":false},{"column":32,"file":"node:internal/modules/cjs/loader","function":"Module.load","line":1313,"method":"load","native":false},{"column":12,"file":"node:internal/modules/cjs/loader","function":"Function._load","line":1123,"method":"_load","native":false}]}
{"date":"Sun Feb 09 2025 21:57:33 GMT+0100 (West Africa Standard Time)","error":{},"exception":true,"level":"error","message":"uncaughtException: ⨯ Unable to compile TypeScript:\nsrc/jobs/loanReminder.ts(53,3): error TS1005: ',' expected.\r\nsrc/jobs/loanReminder.ts(53,70): error TS1005: ')' expected.\r\n\nError: ⨯ Unable to compile TypeScript:\nsrc/jobs/loanReminder.ts(53,3): error TS1005: ',' expected.\r\nsrc/jobs/loanReminder.ts(53,70): error TS1005: ')' expected.\r\n\n    at Object.<anonymous> (C:\\Users\\USER\\Documents\\prime-loan-backend\\src\\jobs\\loanReminder.ts:1:7)\n    at Module.<anonymous> (node:internal/modules/cjs/loader:1562:14)\n    at Module._compile (C:\\Users\\USER\\Documents\\prime-loan-backend\\node_modules\\source-map-support\\source-map-support.js:568:25)\n    at Module.m._compile (C:\\Users\\USER\\AppData\\Local\\Temp\\ts-node-dev-hook-012853385377145976.js:69:33)\n    at node:internal/modules/cjs/loader:1699:10\n    at require.extensions..jsx.require.extensions..js (C:\\Users\\USER\\AppData\\Local\\Temp\\ts-node-dev-hook-012853385377145976.js:114:20)\n    at require.extensions.<computed> (C:\\Users\\USER\\AppData\\Local\\Temp\\ts-node-dev-hook-012853385377145976.js:71:20)\n    at Object.nodeDevHook [as .ts] (C:\\Users\\USER\\Documents\\prime-loan-backend\\node_modules\\ts-node-dev\\lib\\hook.js:63:13)\n    at Module.load (node:internal/modules/cjs/loader:1313:32)\n    at Function._load (node:internal/modules/cjs/loader:1123:12)","os":{"loadavg":[0,0,0],"uptime":137092.609},"process":{"argv":["C:\\Program Files\\nodejs\\node.exe","src/server.ts"],"cwd":"C:\\Users\\USER\\Documents\\prime-loan-backend","execPath":"C:\\Program Files\\nodejs\\node.exe","gid":null,"memoryUsage":{"arrayBuffers":18440888,"external":21731534,"heapTotal":62365696,"heapUsed":31016288,"rss":98250752},"pid":17776,"uid":null,"version":"v22.13.1"},"stack":"Error: ⨯ Unable to compile TypeScript:\nsrc/jobs/loanReminder.ts(53,3): error TS1005: ',' expected.\r\nsrc/jobs/loanReminder.ts(53,70): error TS1005: ')' expected.\r\n\n    at Object.<anonymous> (C:\\Users\\USER\\Documents\\prime-loan-backend\\src\\jobs\\loanReminder.ts:1:7)\n    at Module.<anonymous> (node:internal/modules/cjs/loader:1562:14)\n    at Module._compile (C:\\Users\\USER\\Documents\\prime-loan-backend\\node_modules\\source-map-support\\source-map-support.js:568:25)\n    at Module.m._compile (C:\\Users\\USER\\AppData\\Local\\Temp\\ts-node-dev-hook-012853385377145976.js:69:33)\n    at node:internal/modules/cjs/loader:1699:10\n    at require.extensions..jsx.require.extensions..js (C:\\Users\\USER\\AppData\\Local\\Temp\\ts-node-dev-hook-012853385377145976.js:114:20)\n    at require.extensions.<computed> (C:\\Users\\USER\\AppData\\Local\\Temp\\ts-node-dev-hook-012853385377145976.js:71:20)\n    at Object.nodeDevHook [as .ts] (C:\\Users\\USER\\Documents\\prime-loan-backend\\node_modules\\ts-node-dev\\lib\\hook.js:63:13)\n    at Module.load (node:internal/modules/cjs/loader:1313:32)\n    at Function._load (node:internal/modules/cjs/loader:1123:12)","timestamp":"2025-02-09T20:57:33.551Z","trace":[{"column":7,"file":"C:\\Users\\USER\\Documents\\prime-loan-backend\\src\\jobs\\loanReminder.ts","function":null,"line":1,"method":null,"native":false},{"column":14,"file":"node:internal/modules/cjs/loader","function":null,"line":1562,"method":null,"native":false},{"column":25,"file":"C:\\Users\\USER\\Documents\\prime-loan-backend\\node_modules\\source-map-support\\source-map-support.js","function":"Module._compile","line":568,"method":"_compile","native":false},{"column":33,"file":"C:\\Users\\USER\\AppData\\Local\\Temp\\ts-node-dev-hook-012853385377145976.js","function":"Module.m._compile","line":69,"method":"_compile","native":false},{"column":10,"file":"node:internal/modules/cjs/loader","function":null,"line":1699,"method":null,"native":false},{"column":20,"file":"C:\\Users\\USER\\AppData\\Local\\Temp\\ts-node-dev-hook-012853385377145976.js","function":"require.extensions..jsx.require.extensions..js","line":114,"method":".js","native":false},{"column":20,"file":"C:\\Users\\USER\\AppData\\Local\\Temp\\ts-node-dev-hook-012853385377145976.js","function":"require.extensions.<computed>","line":71,"method":"<computed>","native":false},{"column":13,"file":"C:\\Users\\USER\\Documents\\prime-loan-backend\\node_modules\\ts-node-dev\\lib\\hook.js","function":"Object.nodeDevHook [as .ts]","line":63,"method":"ts]","native":false},{"column":32,"file":"node:internal/modules/cjs/loader","function":"Module.load","line":1313,"method":"load","native":false},{"column":12,"file":"node:internal/modules/cjs/loader","function":"Function._load","line":1123,"method":"_load","native":false}]}
{"date":"Sun Feb 09 2025 21:57:33 GMT+0100 (West Africa Standard Time)","error":{},"exception":true,"level":"error","message":"uncaughtException: ⨯ Unable to compile TypeScript:\nsrc/jobs/loanReminder.ts(53,3): error TS1005: ',' expected.\r\nsrc/jobs/loanReminder.ts(53,70): error TS1005: ')' expected.\r\n\nError: ⨯ Unable to compile TypeScript:\nsrc/jobs/loanReminder.ts(53,3): error TS1005: ',' expected.\r\nsrc/jobs/loanReminder.ts(53,70): error TS1005: ')' expected.\r\n\n    at Object.<anonymous> (C:\\Users\\USER\\Documents\\prime-loan-backend\\src\\jobs\\loanReminder.ts:1:7)\n    at Module.<anonymous> (node:internal/modules/cjs/loader:1562:14)\n    at Module._compile (C:\\Users\\USER\\Documents\\prime-loan-backend\\node_modules\\source-map-support\\source-map-support.js:568:25)\n    at Module.m._compile (C:\\Users\\USER\\AppData\\Local\\Temp\\ts-node-dev-hook-012853385377145976.js:69:33)\n    at node:internal/modules/cjs/loader:1699:10\n    at require.extensions..jsx.require.extensions..js (C:\\Users\\USER\\AppData\\Local\\Temp\\ts-node-dev-hook-012853385377145976.js:114:20)\n    at require.extensions.<computed> (C:\\Users\\USER\\AppData\\Local\\Temp\\ts-node-dev-hook-012853385377145976.js:71:20)\n    at Object.nodeDevHook [as .ts] (C:\\Users\\USER\\Documents\\prime-loan-backend\\node_modules\\ts-node-dev\\lib\\hook.js:63:13)\n    at Module.load (node:internal/modules/cjs/loader:1313:32)\n    at Function._load (node:internal/modules/cjs/loader:1123:12)","os":{"loadavg":[0,0,0],"uptime":137092.609},"process":{"argv":["C:\\Program Files\\nodejs\\node.exe","src/server.ts"],"cwd":"C:\\Users\\USER\\Documents\\prime-loan-backend","execPath":"C:\\Program Files\\nodejs\\node.exe","gid":null,"memoryUsage":{"arrayBuffers":18440888,"external":21731534,"heapTotal":62365696,"heapUsed":31016288,"rss":98250752},"pid":17776,"uid":null,"version":"v22.13.1"},"stack":"Error: ⨯ Unable to compile TypeScript:\nsrc/jobs/loanReminder.ts(53,3): error TS1005: ',' expected.\r\nsrc/jobs/loanReminder.ts(53,70): error TS1005: ')' expected.\r\n\n    at Object.<anonymous> (C:\\Users\\USER\\Documents\\prime-loan-backend\\src\\jobs\\loanReminder.ts:1:7)\n    at Module.<anonymous> (node:internal/modules/cjs/loader:1562:14)\n    at Module._compile (C:\\Users\\USER\\Documents\\prime-loan-backend\\node_modules\\source-map-support\\source-map-support.js:568:25)\n    at Module.m._compile (C:\\Users\\USER\\AppData\\Local\\Temp\\ts-node-dev-hook-012853385377145976.js:69:33)\n    at node:internal/modules/cjs/loader:1699:10\n    at require.extensions..jsx.require.extensions..js (C:\\Users\\USER\\AppData\\Local\\Temp\\ts-node-dev-hook-012853385377145976.js:114:20)\n    at require.extensions.<computed> (C:\\Users\\USER\\AppData\\Local\\Temp\\ts-node-dev-hook-012853385377145976.js:71:20)\n    at Object.nodeDevHook [as .ts] (C:\\Users\\USER\\Documents\\prime-loan-backend\\node_modules\\ts-node-dev\\lib\\hook.js:63:13)\n    at Module.load (node:internal/modules/cjs/loader:1313:32)\n    at Function._load (node:internal/modules/cjs/loader:1123:12)","trace":[{"column":7,"file":"C:\\Users\\USER\\Documents\\prime-loan-backend\\src\\jobs\\loanReminder.ts","function":null,"line":1,"method":null,"native":false},{"column":14,"file":"node:internal/modules/cjs/loader","function":null,"line":1562,"method":null,"native":false},{"column":25,"file":"C:\\Users\\USER\\Documents\\prime-loan-backend\\node_modules\\source-map-support\\source-map-support.js","function":"Module._compile","line":568,"method":"_compile","native":false},{"column":33,"file":"C:\\Users\\USER\\AppData\\Local\\Temp\\ts-node-dev-hook-012853385377145976.js","function":"Module.m._compile","line":69,"method":"_compile","native":false},{"column":10,"file":"node:internal/modules/cjs/loader","function":null,"line":1699,"method":null,"native":false},{"column":20,"file":"C:\\Users\\USER\\AppData\\Local\\Temp\\ts-node-dev-hook-012853385377145976.js","function":"require.extensions..jsx.require.extensions..js","line":114,"method":".js","native":false},{"column":20,"file":"C:\\Users\\USER\\AppData\\Local\\Temp\\ts-node-dev-hook-012853385377145976.js","function":"require.extensions.<computed>","line":71,"method":"<computed>","native":false},{"column":13,"file":"C:\\Users\\USER\\Documents\\prime-loan-backend\\node_modules\\ts-node-dev\\lib\\hook.js","function":"Object.nodeDevHook [as .ts]","line":63,"method":"ts]","native":false},{"column":32,"file":"node:internal/modules/cjs/loader","function":"Module.load","line":1313,"method":"load","native":false},{"column":12,"file":"node:internal/modules/cjs/loader","function":"Function._load","line":1123,"method":"_load","native":false}]}
